running develop
Removing /home/panagiotagrosd/ros2_ws/install/dynamic_nav/lib/python3.12/site-packages/dynamic-nav.egg-link (link to .)
running egg_info
writing ../../build/dynamic_nav/dynamic_nav.egg-info/PKG-INFO
writing dependency_links to ../../build/dynamic_nav/dynamic_nav.egg-info/dependency_links.txt
writing entry points to ../../build/dynamic_nav/dynamic_nav.egg-info/entry_points.txt
writing requirements to ../../build/dynamic_nav/dynamic_nav.egg-info/requires.txt
writing top-level names to ../../build/dynamic_nav/dynamic_nav.egg-info/top_level.txt
reading manifest file '../../build/dynamic_nav/dynamic_nav.egg-info/SOURCES.txt'
writing manifest file '../../build/dynamic_nav/dynamic_nav.egg-info/SOURCES.txt'
running build
running build_py
creating /home/panagiotagrosd/ros2_ws/build/dynamic_nav/build
creating /home/panagiotagrosd/ros2_ws/build/dynamic_nav/build/lib
creating /home/panagiotagrosd/ros2_ws/build/dynamic_nav/build/lib/dynamic_nav
copying dynamic_nav/__init__.py -> /home/panagiotagrosd/ros2_ws/build/dynamic_nav/build/lib/dynamic_nav
copying dynamic_nav/main.py -> /home/panagiotagrosd/ros2_ws/build/dynamic_nav/build/lib/dynamic_nav
running install
running install_lib
creating /home/panagiotagrosd/ros2_ws/install/dynamic_nav/lib/python3.12/site-packages/dynamic_nav
copying /home/panagiotagrosd/ros2_ws/build/dynamic_nav/build/lib/dynamic_nav/__init__.py -> /home/panagiotagrosd/ros2_ws/install/dynamic_nav/lib/python3.12/site-packages/dynamic_nav
copying /home/panagiotagrosd/ros2_ws/build/dynamic_nav/build/lib/dynamic_nav/main.py -> /home/panagiotagrosd/ros2_ws/install/dynamic_nav/lib/python3.12/site-packages/dynamic_nav
byte-compiling /home/panagiotagrosd/ros2_ws/install/dynamic_nav/lib/python3.12/site-packages/dynamic_nav/__init__.py to __init__.cpython-312.pyc
byte-compiling /home/panagiotagrosd/ros2_ws/install/dynamic_nav/lib/python3.12/site-packages/dynamic_nav/main.py to main.cpython-312.pyc
running install_data
copying resource/dynamic_nav -> /home/panagiotagrosd/ros2_ws/install/dynamic_nav/share/ament_index/resource_index/packages
copying package.xml -> /home/panagiotagrosd/ros2_ws/install/dynamic_nav/share/dynamic_nav
copying launch/dynamic_nav_tb3.launch.py -> /home/panagiotagrosd/ros2_ws/install/dynamic_nav/share/dynamic_nav/launch
copying config/dynamic_nav_params.yaml -> /home/panagiotagrosd/ros2_ws/install/dynamic_nav/share/dynamic_nav/config
running install_egg_info
Copying ../../build/dynamic_nav/dynamic_nav.egg-info to /home/panagiotagrosd/ros2_ws/install/dynamic_nav/lib/python3.12/site-packages/dynamic_nav-0.0.0-py3.12.egg-info
running install_scripts
Installing dynamic_nav_node script to /home/panagiotagrosd/ros2_ws/install/dynamic_nav/lib/dynamic_nav
writing list of installed files to '/home/panagiotagrosd/ros2_ws/build/dynamic_nav/install.log'
