[6.106s] Invoking command in '/home/panagiotagrosd/ros2_ws/build/dynamic_nav': PYTHONPATH=/home/panagiotagrosd/ros2_ws/build/dynamic_nav/prefix_override:/usr/lib/python3/dist-packages/colcon_core/task/python/colcon_distutils_commands:/home/panagiotagrosd/ros2_ws/install/dynamic_nav/lib/python3.12/site-packages:${PYTHONPATH} /usr/bin/python3 -W ignore:setup.py install is deprecated -W ignore:easy_install command is deprecated setup.py develop --uninstall --editable --build-directory /home/panagiotagrosd/ros2_ws/build/dynamic_nav/build
[7.539s] running develop
[8.121s] Removing /home/panagiotagrosd/ros2_ws/install/dynamic_nav/lib/python3.12/site-packages/dynamic-nav.egg-link (link to .)
[8.226s] Invoked command in '/home/panagiotagrosd/ros2_ws/build/dynamic_nav' returned '0': PYTHONPATH=/home/panagiotagrosd/ros2_ws/build/dynamic_nav/prefix_override:/usr/lib/python3/dist-packages/colcon_core/task/python/colcon_distutils_commands:/home/panagiotagrosd/ros2_ws/install/dynamic_nav/lib/python3.12/site-packages:${PYTHONPATH} /usr/bin/python3 -W ignore:setup.py install is deprecated -W ignore:easy_install command is deprecated setup.py develop --uninstall --editable --build-directory /home/panagiotagrosd/ros2_ws/build/dynamic_nav/build
[8.229s] Invoking command in '/home/panagiotagrosd/ros2_ws/src/dynamic_nav': PYTHONPATH=/home/panagiotagrosd/ros2_ws/build/dynamic_nav/prefix_override:/usr/lib/python3/dist-packages/colcon_core/task/python/colcon_distutils_commands:/home/panagiotagrosd/ros2_ws/install/dynamic_nav/lib/python3.12/site-packages:${PYTHONPATH} /usr/bin/python3 -W ignore:setup.py install is deprecated -W ignore:easy_install command is deprecated setup.py egg_info --egg-base ../../build/dynamic_nav build --build-base /home/panagiotagrosd/ros2_ws/build/dynamic_nav/build install --record /home/panagiotagrosd/ros2_ws/build/dynamic_nav/install.log --single-version-externally-managed install_data --force
[9.132s] running egg_info
[9.157s] writing ../../build/dynamic_nav/dynamic_nav.egg-info/PKG-INFO
[9.158s] writing dependency_links to ../../build/dynamic_nav/dynamic_nav.egg-info/dependency_links.txt
[9.158s] writing entry points to ../../build/dynamic_nav/dynamic_nav.egg-info/entry_points.txt
[9.159s] writing requirements to ../../build/dynamic_nav/dynamic_nav.egg-info/requires.txt
[9.161s] writing top-level names to ../../build/dynamic_nav/dynamic_nav.egg-info/top_level.txt
[9.265s] reading manifest file '../../build/dynamic_nav/dynamic_nav.egg-info/SOURCES.txt'
[9.267s] writing manifest file '../../build/dynamic_nav/dynamic_nav.egg-info/SOURCES.txt'
[9.267s] running build
[9.268s] running build_py
[9.268s] creating /home/panagiotagrosd/ros2_ws/build/dynamic_nav/build
[9.269s] creating /home/panagiotagrosd/ros2_ws/build/dynamic_nav/build/lib
[9.270s] creating /home/panagiotagrosd/ros2_ws/build/dynamic_nav/build/lib/dynamic_nav
[9.272s] copying dynamic_nav/__init__.py -> /home/panagiotagrosd/ros2_ws/build/dynamic_nav/build/lib/dynamic_nav
[9.272s] copying dynamic_nav/main.py -> /home/panagiotagrosd/ros2_ws/build/dynamic_nav/build/lib/dynamic_nav
[9.273s] running install
[9.285s] running install_lib
[9.337s] creating /home/panagiotagrosd/ros2_ws/install/dynamic_nav/lib/python3.12/site-packages/dynamic_nav
[9.338s] copying /home/panagiotagrosd/ros2_ws/build/dynamic_nav/build/lib/dynamic_nav/__init__.py -> /home/panagiotagrosd/ros2_ws/install/dynamic_nav/lib/python3.12/site-packages/dynamic_nav
[9.339s] copying /home/panagiotagrosd/ros2_ws/build/dynamic_nav/build/lib/dynamic_nav/main.py -> /home/panagiotagrosd/ros2_ws/install/dynamic_nav/lib/python3.12/site-packages/dynamic_nav
[9.340s] byte-compiling /home/panagiotagrosd/ros2_ws/install/dynamic_nav/lib/python3.12/site-packages/dynamic_nav/__init__.py to __init__.cpython-312.pyc
[9.342s] byte-compiling /home/panagiotagrosd/ros2_ws/install/dynamic_nav/lib/python3.12/site-packages/dynamic_nav/main.py to main.cpython-312.pyc
[9.346s] running install_data
[9.348s] copying resource/dynamic_nav -> /home/panagiotagrosd/ros2_ws/install/dynamic_nav/share/ament_index/resource_index/packages
[9.349s] copying package.xml -> /home/panagiotagrosd/ros2_ws/install/dynamic_nav/share/dynamic_nav
[9.350s] copying launch/dynamic_nav_tb3.launch.py -> /home/panagiotagrosd/ros2_ws/install/dynamic_nav/share/dynamic_nav/launch
[9.352s] copying config/dynamic_nav_params.yaml -> /home/panagiotagrosd/ros2_ws/install/dynamic_nav/share/dynamic_nav/config
[9.353s] running install_egg_info
[9.410s] Copying ../../build/dynamic_nav/dynamic_nav.egg-info to /home/panagiotagrosd/ros2_ws/install/dynamic_nav/lib/python3.12/site-packages/dynamic_nav-0.0.0-py3.12.egg-info
[9.414s] running install_scripts
[9.780s] Installing dynamic_nav_node script to /home/panagiotagrosd/ros2_ws/install/dynamic_nav/lib/dynamic_nav
[9.781s] writing list of installed files to '/home/panagiotagrosd/ros2_ws/build/dynamic_nav/install.log'
[9.894s] Invoked command in '/home/panagiotagrosd/ros2_ws/src/dynamic_nav' returned '0': PYTHONPATH=/home/panagiotagrosd/ros2_ws/build/dynamic_nav/prefix_override:/usr/lib/python3/dist-packages/colcon_core/task/python/colcon_distutils_commands:/home/panagiotagrosd/ros2_ws/install/dynamic_nav/lib/python3.12/site-packages:${PYTHONPATH} /usr/bin/python3 -W ignore:setup.py install is deprecated -W ignore:easy_install command is deprecated setup.py egg_info --egg-base ../../build/dynamic_nav build --build-base /home/panagiotagrosd/ros2_ws/build/dynamic_nav/build install --record /home/panagiotagrosd/ros2_ws/build/dynamic_nav/install.log --single-version-externally-managed install_data --force
