running develop
Removing /home/panagiotagrosd/ros2_ws/install/nav_research/lib/python3.12/site-packages/nav-research.egg-link (link to .)
running egg_info
writing ../../build/nav_research/nav_research.egg-info/PKG-INFO
writing dependency_links to ../../build/nav_research/nav_research.egg-info/dependency_links.txt
writing requirements to ../../build/nav_research/nav_research.egg-info/requires.txt
writing top-level names to ../../build/nav_research/nav_research.egg-info/top_level.txt
reading manifest file '../../build/nav_research/nav_research.egg-info/SOURCES.txt'
writing manifest file '../../build/nav_research/nav_research.egg-info/SOURCES.txt'
running build
running build_py
creating /home/panagiotagrosd/ros2_ws/build/nav_research/build
creating /home/panagiotagrosd/ros2_ws/build/nav_research/build/lib
creating /home/panagiotagrosd/ros2_ws/build/nav_research/build/lib/nav_research
copying nav_research/__init__.py -> /home/panagiotagrosd/ros2_ws/build/nav_research/build/lib/nav_research
running install
running install_lib
creating /home/panagiotagrosd/ros2_ws/install/nav_research/lib/python3.12/site-packages/nav_research
copying /home/panagiotagrosd/ros2_ws/build/nav_research/build/lib/nav_research/__init__.py -> /home/panagiotagrosd/ros2_ws/install/nav_research/lib/python3.12/site-packages/nav_research
byte-compiling /home/panagiotagrosd/ros2_ws/install/nav_research/lib/python3.12/site-packages/nav_research/__init__.py to __init__.cpython-312.pyc
running install_data
copying resource/nav_research -> /home/panagiotagrosd/ros2_ws/install/nav_research/share/ament_index/resource_index/packages
copying package.xml -> /home/panagiotagrosd/ros2_ws/install/nav_research/share/nav_research
copying launch/bringup_slam.launch.py -> /home/panagiotagrosd/ros2_ws/install/nav_research/share/nav_research/launch
copying config/nav2_params.yaml -> /home/panagiotagrosd/ros2_ws/install/nav_research/share/nav_research/config
running install_egg_info
Copying ../../build/nav_research/nav_research.egg-info to /home/panagiotagrosd/ros2_ws/install/nav_research/lib/python3.12/site-packages/nav_research-0.0.1-py3.12.egg-info
running install_scripts
writing list of installed files to '/home/panagiotagrosd/ros2_ws/build/nav_research/install.log'
