[1.526s] Invoking command in '/home/panagiotagrosd/ros2_ws/build/nav2_minimal_tb3_sim': CMAKE_PREFIX_PATH=${CMAKE_PREFIX_PATH}:/home/panagiotagrosd/ros2_ws/install/nav_research:/home/panagiotagrosd/ros2_ws/install/my_arm_sim:/home/panagiotagrosd/ros2_ws/install/dynamic_nav:/home/panagiotagrosd/dyn_nav_ws/install/dynamic_nav:/opt/ros/jazzy /usr/bin/cmake --build /home/panagiotagrosd/ros2_ws/build/nav2_minimal_tb3_sim -- -j4 -l4
[1.669s] Invoked command in '/home/panagiotagrosd/ros2_ws/build/nav2_minimal_tb3_sim' returned '0': CMAKE_PREFIX_PATH=${CMAKE_PREFIX_PATH}:/home/panagiotagrosd/ros2_ws/install/nav_research:/home/panagiotagrosd/ros2_ws/install/my_arm_sim:/home/panagiotagrosd/ros2_ws/install/dynamic_nav:/home/panagiotagrosd/dyn_nav_ws/install/dynamic_nav:/opt/ros/jazzy /usr/bin/cmake --build /home/panagiotagrosd/ros2_ws/build/nav2_minimal_tb3_sim -- -j4 -l4
[1.672s] Invoking command in '/home/panagiotagrosd/ros2_ws/build/nav2_minimal_tb3_sim': CMAKE_PREFIX_PATH=${CMAKE_PREFIX_PATH}:/home/panagiotagrosd/ros2_ws/install/nav_research:/home/panagiotagrosd/ros2_ws/install/my_arm_sim:/home/panagiotagrosd/ros2_ws/install/dynamic_nav:/home/panagiotagrosd/dyn_nav_ws/install/dynamic_nav:/opt/ros/jazzy /usr/bin/cmake --install /home/panagiotagrosd/ros2_ws/build/nav2_minimal_tb3_sim
[1.758s] -- Install configuration: ""
[1.758s] -- Execute custom install script
[1.759s] -- Up-to-date symlink: /home/panagiotagrosd/ros2_ws/install/nav2_minimal_tb3_sim/share/nav2_minimal_tb3_sim/configs/turtlebot3_waffle_bridge.yaml
[1.759s] -- Up-to-date symlink: /home/panagiotagrosd/ros2_ws/install/nav2_minimal_tb3_sim/share/nav2_minimal_tb3_sim/configs/turtlebot3_waffle_gps_bridge.yaml
[1.759s] -- Up-to-date symlink: /home/panagiotagrosd/ros2_ws/install/nav2_minimal_tb3_sim/share/nav2_minimal_tb3_sim/launch/spawn_tb3.launch.py
[1.759s] -- Up-to-date symlink: /home/panagiotagrosd/ros2_ws/install/nav2_minimal_tb3_sim/share/nav2_minimal_tb3_sim/launch/spawn_tb3_gps.launch.py
[1.759s] -- Up-to-date symlink: /home/panagiotagrosd/ros2_ws/install/nav2_minimal_tb3_sim/share/nav2_minimal_tb3_sim/worlds/tb3_empty_world.sdf.xacro
[1.760s] -- Up-to-date symlink: /home/panagiotagrosd/ros2_ws/install/nav2_minimal_tb3_sim/share/nav2_minimal_tb3_sim/worlds/tb3_sandbox.sdf.xacro
[1.760s] -- Up-to-date symlink: /home/panagiotagrosd/ros2_ws/install/nav2_minimal_tb3_sim/share/nav2_minimal_tb3_sim/urdf/gz_waffle.sdf.xacro
[1.760s] -- Up-to-date symlink: /home/panagiotagrosd/ros2_ws/install/nav2_minimal_tb3_sim/share/nav2_minimal_tb3_sim/urdf/gz_waffle_gps.sdf.xacro
[1.760s] -- Up-to-date symlink: /home/panagiotagrosd/ros2_ws/install/nav2_minimal_tb3_sim/share/nav2_minimal_tb3_sim/urdf/turtlebot3_waffle.urdf
[1.761s] -- Up-to-date symlink: /home/panagiotagrosd/ros2_ws/install/nav2_minimal_tb3_sim/share/nav2_minimal_tb3_sim/urdf/turtlebot3_waffle_gps.urdf
[1.761s] -- Up-to-date symlink: /home/panagiotagrosd/ros2_ws/install/nav2_minimal_tb3_sim/share/nav2_minimal_tb3_sim/models/turtlebot3_model/meshes/lds.dae
[1.761s] -- Up-to-date symlink: /home/panagiotagrosd/ros2_ws/install/nav2_minimal_tb3_sim/share/nav2_minimal_tb3_sim/models/turtlebot3_model/meshes/r200.dae
[1.761s] -- Up-to-date symlink: /home/panagiotagrosd/ros2_ws/install/nav2_minimal_tb3_sim/share/nav2_minimal_tb3_sim/models/turtlebot3_model/meshes/tire.dae
[1.774s] -- Up-to-date symlink: /home/panagiotagrosd/ros2_ws/install/nav2_minimal_tb3_sim/share/nav2_minimal_tb3_sim/models/turtlebot3_model/meshes/waffle_base.dae
[1.780s] -- Up-to-date symlink: /home/panagiotagrosd/ros2_ws/install/nav2_minimal_tb3_sim/share/nav2_minimal_tb3_sim/models/turtlebot3_model/model.config
[1.785s] -- Up-to-date symlink: /home/panagiotagrosd/ros2_ws/install/nav2_minimal_tb3_sim/share/nav2_minimal_tb3_sim/models/turtlebot3_world/meshes/hexagon.dae
[1.785s] -- Up-to-date symlink: /home/panagiotagrosd/ros2_ws/install/nav2_minimal_tb3_sim/share/nav2_minimal_tb3_sim/models/turtlebot3_world/meshes/wall.dae
[1.785s] -- Up-to-date symlink: /home/panagiotagrosd/ros2_ws/install/nav2_minimal_tb3_sim/share/nav2_minimal_tb3_sim/models/turtlebot3_world/model-1_4.sdf
[1.785s] -- Up-to-date symlink: /home/panagiotagrosd/ros2_ws/install/nav2_minimal_tb3_sim/share/nav2_minimal_tb3_sim/models/turtlebot3_world/model.config
[1.785s] -- Up-to-date symlink: /home/panagiotagrosd/ros2_ws/install/nav2_minimal_tb3_sim/share/nav2_minimal_tb3_sim/models/turtlebot3_world/model.sdf
[1.786s] -- Up-to-date symlink: /home/panagiotagrosd/ros2_ws/install/nav2_minimal_tb3_sim/share/ament_index/resource_index/package_run_dependencies/nav2_minimal_tb3_sim
[1.786s] -- Up-to-date symlink: /home/panagiotagrosd/ros2_ws/install/nav2_minimal_tb3_sim/share/ament_index/resource_index/parent_prefix_path/nav2_minimal_tb3_sim
[1.786s] -- Up-to-date symlink: /home/panagiotagrosd/ros2_ws/install/nav2_minimal_tb3_sim/share/nav2_minimal_tb3_sim/environment/ament_prefix_path.sh
[1.786s] -- Up-to-date symlink: /home/panagiotagrosd/ros2_ws/install/nav2_minimal_tb3_sim/share/nav2_minimal_tb3_sim/environment/ament_prefix_path.dsv
[1.786s] -- Up-to-date symlink: /home/panagiotagrosd/ros2_ws/install/nav2_minimal_tb3_sim/share/nav2_minimal_tb3_sim/environment/path.sh
[1.787s] -- Up-to-date symlink: /home/panagiotagrosd/ros2_ws/install/nav2_minimal_tb3_sim/share/nav2_minimal_tb3_sim/environment/path.dsv
[1.787s] -- Up-to-date symlink: /home/panagiotagrosd/ros2_ws/install/nav2_minimal_tb3_sim/share/nav2_minimal_tb3_sim/local_setup.bash
[1.787s] -- Up-to-date symlink: /home/panagiotagrosd/ros2_ws/install/nav2_minimal_tb3_sim/share/nav2_minimal_tb3_sim/local_setup.sh
[1.787s] -- Up-to-date symlink: /home/panagiotagrosd/ros2_ws/install/nav2_minimal_tb3_sim/share/nav2_minimal_tb3_sim/local_setup.zsh
[1.787s] -- Up-to-date symlink: /home/panagiotagrosd/ros2_ws/install/nav2_minimal_tb3_sim/share/nav2_minimal_tb3_sim/local_setup.dsv
[1.788s] -- Symlinking: /home/panagiotagrosd/ros2_ws/install/nav2_minimal_tb3_sim/share/nav2_minimal_tb3_sim/package.dsv
[1.802s] -- Up-to-date symlink: /home/panagiotagrosd/ros2_ws/install/nav2_minimal_tb3_sim/share/ament_index/resource_index/packages/nav2_minimal_tb3_sim
[1.802s] -- Up-to-date symlink: /home/panagiotagrosd/ros2_ws/install/nav2_minimal_tb3_sim/share/nav2_minimal_tb3_sim/cmake/nav2_minimal_tb3_simConfig.cmake
[1.802s] -- Up-to-date symlink: /home/panagiotagrosd/ros2_ws/install/nav2_minimal_tb3_sim/share/nav2_minimal_tb3_sim/cmake/nav2_minimal_tb3_simConfig-version.cmake
[1.803s] -- Up-to-date symlink: /home/panagiotagrosd/ros2_ws/install/nav2_minimal_tb3_sim/share/nav2_minimal_tb3_sim/package.xml
[1.861s] Invoked command in '/home/panagiotagrosd/ros2_ws/build/nav2_minimal_tb3_sim' returned '0': CMAKE_PREFIX_PATH=${CMAKE_PREFIX_PATH}:/home/panagiotagrosd/ros2_ws/install/nav_research:/home/panagiotagrosd/ros2_ws/install/my_arm_sim:/home/panagiotagrosd/ros2_ws/install/dynamic_nav:/home/panagiotagrosd/dyn_nav_ws/install/dynamic_nav:/opt/ros/jazzy /usr/bin/cmake --install /home/panagiotagrosd/ros2_ws/build/nav2_minimal_tb3_sim
