[0.112s] Invoking command in '/home/panagiotagrosd/ros2_ws/build/nav2_minimal_tb4_description': CMAKE_PREFIX_PATH=${CMAKE_PREFIX_PATH}:/home/panagiotagrosd/ros2_ws/install/nav_research:/home/panagiotagrosd/ros2_ws/install/my_arm_sim:/home/panagiotagrosd/ros2_ws/install/dynamic_nav:/home/panagiotagrosd/dyn_nav_ws/install/dynamic_nav:/opt/ros/jazzy /usr/bin/cmake --build /home/panagiotagrosd/ros2_ws/build/nav2_minimal_tb4_description -- -j4 -l4
[2.456s] Invoked command in '/home/panagiotagrosd/ros2_ws/build/nav2_minimal_tb4_description' returned '0': CMAKE_PREFIX_PATH=${CMAKE_PREFIX_PATH}:/home/panagiotagrosd/ros2_ws/install/nav_research:/home/panagiotagrosd/ros2_ws/install/my_arm_sim:/home/panagiotagrosd/ros2_ws/install/dynamic_nav:/home/panagiotagrosd/dyn_nav_ws/install/dynamic_nav:/opt/ros/jazzy /usr/bin/cmake --build /home/panagiotagrosd/ros2_ws/build/nav2_minimal_tb4_description -- -j4 -l4
[2.543s] Invoking command in '/home/panagiotagrosd/ros2_ws/build/nav2_minimal_tb4_description': CMAKE_PREFIX_PATH=${CMAKE_PREFIX_PATH}:/home/panagiotagrosd/ros2_ws/install/nav_research:/home/panagiotagrosd/ros2_ws/install/my_arm_sim:/home/panagiotagrosd/ros2_ws/install/dynamic_nav:/home/panagiotagrosd/dyn_nav_ws/install/dynamic_nav:/opt/ros/jazzy /usr/bin/cmake --install /home/panagiotagrosd/ros2_ws/build/nav2_minimal_tb4_description
[2.621s] -- Install configuration: ""
[2.634s] -- Execute custom install script
[2.634s] -- Up-to-date symlink: /home/panagiotagrosd/ros2_ws/install/nav2_minimal_tb4_description/share/nav2_minimal_tb4_description/environment/tb4_description.dsv
[2.647s] -- Up-to-date symlink: /home/panagiotagrosd/ros2_ws/install/nav2_minimal_tb4_description/share/nav2_minimal_tb4_description/launch/robot_description.launch.py
[2.658s] -- Up-to-date symlink: /home/panagiotagrosd/ros2_ws/install/nav2_minimal_tb4_description/share/nav2_minimal_tb4_description/meshes/body_visual.dae
[2.659s] -- Up-to-date symlink: /home/panagiotagrosd/ros2_ws/install/nav2_minimal_tb4_description/share/nav2_minimal_tb4_description/meshes/bumper_collision.dae
[2.660s] -- Up-to-date symlink: /home/panagiotagrosd/ros2_ws/install/nav2_minimal_tb4_description/share/nav2_minimal_tb4_description/meshes/bumper_visual.dae
[2.661s] -- Up-to-date symlink: /home/panagiotagrosd/ros2_ws/install/nav2_minimal_tb4_description/share/nav2_minimal_tb4_description/meshes/camera_bracket.dae
[2.663s] -- Up-to-date symlink: /home/panagiotagrosd/ros2_ws/install/nav2_minimal_tb4_description/share/nav2_minimal_tb4_description/meshes/oakd_pro.dae
[2.664s] -- Up-to-date symlink: /home/panagiotagrosd/ros2_ws/install/nav2_minimal_tb4_description/share/nav2_minimal_tb4_description/meshes/rplidar.dae
[2.675s] -- Up-to-date symlink: /home/panagiotagrosd/ros2_ws/install/nav2_minimal_tb4_description/share/nav2_minimal_tb4_description/meshes/shell.dae
[2.675s] -- Up-to-date symlink: /home/panagiotagrosd/ros2_ws/install/nav2_minimal_tb4_description/share/nav2_minimal_tb4_description/meshes/shell_collision.dae
[2.676s] -- Up-to-date symlink: /home/panagiotagrosd/ros2_ws/install/nav2_minimal_tb4_description/share/nav2_minimal_tb4_description/meshes/tower.dae
[2.687s] -- Up-to-date symlink: /home/panagiotagrosd/ros2_ws/install/nav2_minimal_tb4_description/share/nav2_minimal_tb4_description/meshes/tower_sensor_plate.dae
[2.690s] -- Up-to-date symlink: /home/panagiotagrosd/ros2_ws/install/nav2_minimal_tb4_description/share/nav2_minimal_tb4_description/meshes/tower_standoff.dae
[2.691s] -- Up-to-date symlink: /home/panagiotagrosd/ros2_ws/install/nav2_minimal_tb4_description/share/nav2_minimal_tb4_description/meshes/weight_block.dae
[2.708s] -- Up-to-date symlink: /home/panagiotagrosd/ros2_ws/install/nav2_minimal_tb4_description/share/nav2_minimal_tb4_description/urdf/icreate/bumper.urdf.xacro
[2.719s] -- Up-to-date symlink: /home/panagiotagrosd/ros2_ws/install/nav2_minimal_tb4_description/share/nav2_minimal_tb4_description/urdf/icreate/caster.urdf.xacro
[2.720s] -- Up-to-date symlink: /home/panagiotagrosd/ros2_ws/install/nav2_minimal_tb4_description/share/nav2_minimal_tb4_description/urdf/icreate/common_properties.urdf.xacro
[2.721s] -- Up-to-date symlink: /home/panagiotagrosd/ros2_ws/install/nav2_minimal_tb4_description/share/nav2_minimal_tb4_description/urdf/icreate/create3.urdf.xacro
[2.734s] -- Up-to-date symlink: /home/panagiotagrosd/ros2_ws/install/nav2_minimal_tb4_description/share/nav2_minimal_tb4_description/urdf/icreate/sensors/imu.urdf.xacro
[2.735s] -- Up-to-date symlink: /home/panagiotagrosd/ros2_ws/install/nav2_minimal_tb4_description/share/nav2_minimal_tb4_description/urdf/icreate/wheel.urdf.xacro
[2.737s] -- Up-to-date symlink: /home/panagiotagrosd/ros2_ws/install/nav2_minimal_tb4_description/share/nav2_minimal_tb4_description/urdf/sensors/camera_bracket.urdf.xacro
[2.748s] -- Up-to-date symlink: /home/panagiotagrosd/ros2_ws/install/nav2_minimal_tb4_description/share/nav2_minimal_tb4_description/urdf/sensors/oakd.urdf.xacro
[2.750s] -- Up-to-date symlink: /home/panagiotagrosd/ros2_ws/install/nav2_minimal_tb4_description/share/nav2_minimal_tb4_description/urdf/sensors/rplidar.urdf.xacro
[2.760s] -- Up-to-date symlink: /home/panagiotagrosd/ros2_ws/install/nav2_minimal_tb4_description/share/nav2_minimal_tb4_description/urdf/standard/tower_sensor_plate.urdf.xacro
[2.764s] -- Up-to-date symlink: /home/panagiotagrosd/ros2_ws/install/nav2_minimal_tb4_description/share/nav2_minimal_tb4_description/urdf/standard/tower_standoff.urdf.xacro
[2.764s] -- Up-to-date symlink: /home/panagiotagrosd/ros2_ws/install/nav2_minimal_tb4_description/share/nav2_minimal_tb4_description/urdf/standard/turtlebot4.urdf.xacro
[2.765s] -- Up-to-date symlink: /home/panagiotagrosd/ros2_ws/install/nav2_minimal_tb4_description/share/nav2_minimal_tb4_description/urdf/standard/weight_block.urdf.xacro
[2.772s] -- Up-to-date symlink: /home/panagiotagrosd/ros2_ws/install/nav2_minimal_tb4_description/share/nav2_minimal_tb4_description/rviz/config.rviz
[2.773s] -- Up-to-date symlink: /home/panagiotagrosd/ros2_ws/install/nav2_minimal_tb4_description/share/ament_index/resource_index/package_run_dependencies/nav2_minimal_tb4_description
[2.774s] -- Up-to-date symlink: /home/panagiotagrosd/ros2_ws/install/nav2_minimal_tb4_description/share/ament_index/resource_index/parent_prefix_path/nav2_minimal_tb4_description
[2.779s] -- Up-to-date symlink: /home/panagiotagrosd/ros2_ws/install/nav2_minimal_tb4_description/share/nav2_minimal_tb4_description/environment/ament_prefix_path.sh
[2.779s] -- Up-to-date symlink: /home/panagiotagrosd/ros2_ws/install/nav2_minimal_tb4_description/share/nav2_minimal_tb4_description/environment/ament_prefix_path.dsv
[2.780s] -- Up-to-date symlink: /home/panagiotagrosd/ros2_ws/install/nav2_minimal_tb4_description/share/nav2_minimal_tb4_description/environment/path.sh
[2.780s] -- Up-to-date symlink: /home/panagiotagrosd/ros2_ws/install/nav2_minimal_tb4_description/share/nav2_minimal_tb4_description/environment/path.dsv
[2.781s] -- Up-to-date symlink: /home/panagiotagrosd/ros2_ws/install/nav2_minimal_tb4_description/share/nav2_minimal_tb4_description/local_setup.bash
[2.785s] -- Up-to-date symlink: /home/panagiotagrosd/ros2_ws/install/nav2_minimal_tb4_description/share/nav2_minimal_tb4_description/local_setup.sh
[2.786s] -- Up-to-date symlink: /home/panagiotagrosd/ros2_ws/install/nav2_minimal_tb4_description/share/nav2_minimal_tb4_description/local_setup.zsh
[2.786s] -- Up-to-date symlink: /home/panagiotagrosd/ros2_ws/install/nav2_minimal_tb4_description/share/nav2_minimal_tb4_description/local_setup.dsv
[2.786s] -- Symlinking: /home/panagiotagrosd/ros2_ws/install/nav2_minimal_tb4_description/share/nav2_minimal_tb4_description/package.dsv
[2.885s] -- Up-to-date symlink: /home/panagiotagrosd/ros2_ws/install/nav2_minimal_tb4_description/share/ament_index/resource_index/packages/nav2_minimal_tb4_description
[2.886s] -- Up-to-date symlink: /home/panagiotagrosd/ros2_ws/install/nav2_minimal_tb4_description/share/nav2_minimal_tb4_description/cmake/nav2_minimal_tb4_descriptionConfig.cmake
[2.887s] -- Up-to-date symlink: /home/panagiotagrosd/ros2_ws/install/nav2_minimal_tb4_description/share/nav2_minimal_tb4_description/cmake/nav2_minimal_tb4_descriptionConfig-version.cmake
[2.901s] -- Up-to-date symlink: /home/panagiotagrosd/ros2_ws/install/nav2_minimal_tb4_description/share/nav2_minimal_tb4_description/package.xml
[2.920s] Invoked command in '/home/panagiotagrosd/ros2_ws/build/nav2_minimal_tb4_description' returned '0': CMAKE_PREFIX_PATH=${CMAKE_PREFIX_PATH}:/home/panagiotagrosd/ros2_ws/install/nav_research:/home/panagiotagrosd/ros2_ws/install/my_arm_sim:/home/panagiotagrosd/ros2_ws/install/dynamic_nav:/home/panagiotagrosd/dyn_nav_ws/install/dynamic_nav:/opt/ros/jazzy /usr/bin/cmake --install /home/panagiotagrosd/ros2_ws/build/nav2_minimal_tb4_description
