[0.480s] Invoking command in '/home/panagiotagrosd/ros2_ws/build/nav2_minimal_tb4_sim': AMENT_PREFIX_PATH=/home/panagiotagrosd/ros2_ws/install/nav2_minimal_tb4_description:${AMENT_PREFIX_PATH} CMAKE_PREFIX_PATH=/home/panagiotagrosd/ros2_ws/install/nav2_minimal_tb4_description:/home/panagiotagrosd/projects/navigation_ws/install/nav_research:/opt/ros/jazzy/opt/gz_sim_vendor:/opt/ros/jazzy/opt/gz_sensors_vendor:/opt/ros/jazzy/opt/gz_physics_vendor:/opt/ros/jazzy/opt/sdformat_vendor:/opt/ros/jazzy/opt/gz_gui_vendor:/opt/ros/jazzy/opt/gz_transport_vendor:/opt/ros/jazzy/opt/gz_rendering_vendor:/opt/ros/jazzy/opt/gz_plugin_vendor:/opt/ros/jazzy/opt/gz_fuel_tools_vendor:/opt/ros/jazzy/opt/gz_msgs_vendor:/opt/ros/jazzy/opt/gz_common_vendor:/opt/ros/jazzy/opt/gz_math_vendor:/opt/ros/jazzy/opt/gz_utils_vendor:/opt/ros/jazzy/opt/gz_tools_vendor:/opt/ros/jazzy/opt/gz_ogre_next_vendor:/opt/ros/jazzy/opt/gz_dartsim_vendor:/opt/ros/jazzy/opt/gz_cmake_vendor:/home/panagiotagrosd/dyn_nav_ws/install/dynamic_nav:/opt/ros/jazzy /usr/bin/cmake --build /home/panagiotagrosd/ros2_ws/build/nav2_minimal_tb4_sim -- -j4 -l4
[1.194s] Invoked command in '/home/panagiotagrosd/ros2_ws/build/nav2_minimal_tb4_sim' returned '0': AMENT_PREFIX_PATH=/home/panagiotagrosd/ros2_ws/install/nav2_minimal_tb4_description:${AMENT_PREFIX_PATH} CMAKE_PREFIX_PATH=/home/panagiotagrosd/ros2_ws/install/nav2_minimal_tb4_description:/home/panagiotagrosd/projects/navigation_ws/install/nav_research:/opt/ros/jazzy/opt/gz_sim_vendor:/opt/ros/jazzy/opt/gz_sensors_vendor:/opt/ros/jazzy/opt/gz_physics_vendor:/opt/ros/jazzy/opt/sdformat_vendor:/opt/ros/jazzy/opt/gz_gui_vendor:/opt/ros/jazzy/opt/gz_transport_vendor:/opt/ros/jazzy/opt/gz_rendering_vendor:/opt/ros/jazzy/opt/gz_plugin_vendor:/opt/ros/jazzy/opt/gz_fuel_tools_vendor:/opt/ros/jazzy/opt/gz_msgs_vendor:/opt/ros/jazzy/opt/gz_common_vendor:/opt/ros/jazzy/opt/gz_math_vendor:/opt/ros/jazzy/opt/gz_utils_vendor:/opt/ros/jazzy/opt/gz_tools_vendor:/opt/ros/jazzy/opt/gz_ogre_next_vendor:/opt/ros/jazzy/opt/gz_dartsim_vendor:/opt/ros/jazzy/opt/gz_cmake_vendor:/home/panagiotagrosd/dyn_nav_ws/install/dynamic_nav:/opt/ros/jazzy /usr/bin/cmake --build /home/panagiotagrosd/ros2_ws/build/nav2_minimal_tb4_sim -- -j4 -l4
[1.271s] Invoking command in '/home/panagiotagrosd/ros2_ws/build/nav2_minimal_tb4_sim': AMENT_PREFIX_PATH=/home/panagiotagrosd/ros2_ws/install/nav2_minimal_tb4_description:${AMENT_PREFIX_PATH} CMAKE_PREFIX_PATH=/home/panagiotagrosd/ros2_ws/install/nav2_minimal_tb4_description:/home/panagiotagrosd/projects/navigation_ws/install/nav_research:/opt/ros/jazzy/opt/gz_sim_vendor:/opt/ros/jazzy/opt/gz_sensors_vendor:/opt/ros/jazzy/opt/gz_physics_vendor:/opt/ros/jazzy/opt/sdformat_vendor:/opt/ros/jazzy/opt/gz_gui_vendor:/opt/ros/jazzy/opt/gz_transport_vendor:/opt/ros/jazzy/opt/gz_rendering_vendor:/opt/ros/jazzy/opt/gz_plugin_vendor:/opt/ros/jazzy/opt/gz_fuel_tools_vendor:/opt/ros/jazzy/opt/gz_msgs_vendor:/opt/ros/jazzy/opt/gz_common_vendor:/opt/ros/jazzy/opt/gz_math_vendor:/opt/ros/jazzy/opt/gz_utils_vendor:/opt/ros/jazzy/opt/gz_tools_vendor:/opt/ros/jazzy/opt/gz_ogre_next_vendor:/opt/ros/jazzy/opt/gz_dartsim_vendor:/opt/ros/jazzy/opt/gz_cmake_vendor:/home/panagiotagrosd/dyn_nav_ws/install/dynamic_nav:/opt/ros/jazzy /usr/bin/cmake --install /home/panagiotagrosd/ros2_ws/build/nav2_minimal_tb4_sim
[1.615s] -- Install configuration: ""
[1.633s] -- Execute custom install script
[1.680s] -- Up-to-date symlink: /home/panagiotagrosd/ros2_ws/install/nav2_minimal_tb4_sim/share/nav2_minimal_tb4_sim/configs/tb4_bridge.yaml
[1.681s] -- Up-to-date symlink: /home/panagiotagrosd/ros2_ws/install/nav2_minimal_tb4_sim/share/nav2_minimal_tb4_sim/launch/simulation.launch.py
[1.681s] -- Up-to-date symlink: /home/panagiotagrosd/ros2_ws/install/nav2_minimal_tb4_sim/share/nav2_minimal_tb4_sim/launch/spawn_tb4.launch.py
[1.681s] -- Up-to-date symlink: /home/panagiotagrosd/ros2_ws/install/nav2_minimal_tb4_sim/share/nav2_minimal_tb4_sim/worlds/depot.sdf
[1.723s] -- Up-to-date symlink: /home/panagiotagrosd/ros2_ws/install/nav2_minimal_tb4_sim/share/nav2_minimal_tb4_sim/worlds/warehouse.sdf
[1.723s] -- Up-to-date symlink: /home/panagiotagrosd/ros2_ws/install/nav2_minimal_tb4_sim/share/ament_index/resource_index/package_run_dependencies/nav2_minimal_tb4_sim
[1.724s] -- Up-to-date symlink: /home/panagiotagrosd/ros2_ws/install/nav2_minimal_tb4_sim/share/ament_index/resource_index/parent_prefix_path/nav2_minimal_tb4_sim
[1.741s] -- Up-to-date symlink: /home/panagiotagrosd/ros2_ws/install/nav2_minimal_tb4_sim/share/nav2_minimal_tb4_sim/environment/ament_prefix_path.sh
[1.771s] -- Up-to-date symlink: /home/panagiotagrosd/ros2_ws/install/nav2_minimal_tb4_sim/share/nav2_minimal_tb4_sim/environment/ament_prefix_path.dsv
[1.786s] -- Up-to-date symlink: /home/panagiotagrosd/ros2_ws/install/nav2_minimal_tb4_sim/share/nav2_minimal_tb4_sim/environment/path.sh
[1.819s] -- Up-to-date symlink: /home/panagiotagrosd/ros2_ws/install/nav2_minimal_tb4_sim/share/nav2_minimal_tb4_sim/environment/path.dsv
[1.832s] -- Up-to-date symlink: /home/panagiotagrosd/ros2_ws/install/nav2_minimal_tb4_sim/share/nav2_minimal_tb4_sim/local_setup.bash
[1.832s] -- Up-to-date symlink: /home/panagiotagrosd/ros2_ws/install/nav2_minimal_tb4_sim/share/nav2_minimal_tb4_sim/local_setup.sh
[1.832s] -- Up-to-date symlink: /home/panagiotagrosd/ros2_ws/install/nav2_minimal_tb4_sim/share/nav2_minimal_tb4_sim/local_setup.zsh
[1.833s] -- Up-to-date symlink: /home/panagiotagrosd/ros2_ws/install/nav2_minimal_tb4_sim/share/nav2_minimal_tb4_sim/local_setup.dsv
[1.835s] -- Symlinking: /home/panagiotagrosd/ros2_ws/install/nav2_minimal_tb4_sim/share/nav2_minimal_tb4_sim/package.dsv
[2.085s] -- Up-to-date symlink: /home/panagiotagrosd/ros2_ws/install/nav2_minimal_tb4_sim/share/ament_index/resource_index/packages/nav2_minimal_tb4_sim
[2.102s] -- Up-to-date symlink: /home/panagiotagrosd/ros2_ws/install/nav2_minimal_tb4_sim/share/nav2_minimal_tb4_sim/cmake/nav2_minimal_tb4_simConfig.cmake
[2.105s] -- Up-to-date symlink: /home/panagiotagrosd/ros2_ws/install/nav2_minimal_tb4_sim/share/nav2_minimal_tb4_sim/cmake/nav2_minimal_tb4_simConfig-version.cmake
[2.128s] -- Up-to-date symlink: /home/panagiotagrosd/ros2_ws/install/nav2_minimal_tb4_sim/share/nav2_minimal_tb4_sim/package.xml
[2.173s] Invoked command in '/home/panagiotagrosd/ros2_ws/build/nav2_minimal_tb4_sim' returned '0': AMENT_PREFIX_PATH=/home/panagiotagrosd/ros2_ws/install/nav2_minimal_tb4_description:${AMENT_PREFIX_PATH} CMAKE_PREFIX_PATH=/home/panagiotagrosd/ros2_ws/install/nav2_minimal_tb4_description:/home/panagiotagrosd/projects/navigation_ws/install/nav_research:/opt/ros/jazzy/opt/gz_sim_vendor:/opt/ros/jazzy/opt/gz_sensors_vendor:/opt/ros/jazzy/opt/gz_physics_vendor:/opt/ros/jazzy/opt/sdformat_vendor:/opt/ros/jazzy/opt/gz_gui_vendor:/opt/ros/jazzy/opt/gz_transport_vendor:/opt/ros/jazzy/opt/gz_rendering_vendor:/opt/ros/jazzy/opt/gz_plugin_vendor:/opt/ros/jazzy/opt/gz_fuel_tools_vendor:/opt/ros/jazzy/opt/gz_msgs_vendor:/opt/ros/jazzy/opt/gz_common_vendor:/opt/ros/jazzy/opt/gz_math_vendor:/opt/ros/jazzy/opt/gz_utils_vendor:/opt/ros/jazzy/opt/gz_tools_vendor:/opt/ros/jazzy/opt/gz_ogre_next_vendor:/opt/ros/jazzy/opt/gz_dartsim_vendor:/opt/ros/jazzy/opt/gz_cmake_vendor:/home/panagiotagrosd/dyn_nav_ws/install/dynamic_nav:/opt/ros/jazzy /usr/bin/cmake --install /home/panagiotagrosd/ros2_ws/build/nav2_minimal_tb4_sim
