-- The C compiler identification is GNU 13.3.0
-- The CXX compiler identification is GNU 13.3.0
-- Detecting C compiler ABI info
-- Detecting C compiler ABI info - done
-- Check for working C compiler: /usr/bin/cc - skipped
-- Detecting C compile features
-- Detecting C compile features - done
-- Detecting CXX compiler ABI info
-- Detecting CXX compiler ABI info - done
-- Check for working CXX compiler: /usr/bin/c++ - skipped
-- Detecting CXX compile features
-- Detecting CXX compile features - done
-- Found ament_cmake: 2.5.4 (/opt/ros/jazzy/share/ament_cmake/cmake)
-- Found Python3: /usr/bin/python3 (found version "3.12.3") found components: Interpreter 
-- Override CMake install command with custom implementation using symlinks instead of copying resources
-- Found ament_lint_auto: 0.17.3 (/opt/ros/jazzy/share/ament_lint_auto/cmake)
-- Added test 'copyright' to check source files copyright and LICENSE
-- Added test 'flake8' to check Python code syntax and style conventions
-- Configured 'flake8' exclude dirs and/or files: 
-- Added test 'lint_cmake' to check CMake code style
-- Added test 'pep257' to check Python code against some of the docstring style conventions in PEP 257
-- Added test 'xmllint' to check XML markup files
-- Configuring done (14.3s)
-- Generating done (0.1s)
-- Build files have been written to: /home/panagiotagrosd/ros2_ws/build/nav2_minimal_tb3_sim
-- Install configuration: ""
-- Execute custom install script
-- Symlinking: /home/panagiotagrosd/ros2_ws/install/nav2_minimal_tb3_sim/share/nav2_minimal_tb3_sim/configs/turtlebot3_waffle_bridge.yaml
-- Symlinking: /home/panagiotagrosd/ros2_ws/install/nav2_minimal_tb3_sim/share/nav2_minimal_tb3_sim/configs/turtlebot3_waffle_gps_bridge.yaml
-- Symlinking: /home/panagiotagrosd/ros2_ws/install/nav2_minimal_tb3_sim/share/nav2_minimal_tb3_sim/launch/spawn_tb3.launch.py
-- Symlinking: /home/panagiotagrosd/ros2_ws/install/nav2_minimal_tb3_sim/share/nav2_minimal_tb3_sim/launch/spawn_tb3_gps.launch.py
-- Symlinking: /home/panagiotagrosd/ros2_ws/install/nav2_minimal_tb3_sim/share/nav2_minimal_tb3_sim/worlds/tb3_empty_world.sdf.xacro
-- Symlinking: /home/panagiotagrosd/ros2_ws/install/nav2_minimal_tb3_sim/share/nav2_minimal_tb3_sim/worlds/tb3_sandbox.sdf.xacro
-- Symlinking: /home/panagiotagrosd/ros2_ws/install/nav2_minimal_tb3_sim/share/nav2_minimal_tb3_sim/urdf/gz_waffle.sdf.xacro
-- Symlinking: /home/panagiotagrosd/ros2_ws/install/nav2_minimal_tb3_sim/share/nav2_minimal_tb3_sim/urdf/gz_waffle_gps.sdf.xacro
-- Symlinking: /home/panagiotagrosd/ros2_ws/install/nav2_minimal_tb3_sim/share/nav2_minimal_tb3_sim/urdf/turtlebot3_waffle.urdf
-- Symlinking: /home/panagiotagrosd/ros2_ws/install/nav2_minimal_tb3_sim/share/nav2_minimal_tb3_sim/urdf/turtlebot3_waffle_gps.urdf
-- Symlinking: /home/panagiotagrosd/ros2_ws/install/nav2_minimal_tb3_sim/share/nav2_minimal_tb3_sim/models/turtlebot3_model/meshes/lds.dae
-- Symlinking: /home/panagiotagrosd/ros2_ws/install/nav2_minimal_tb3_sim/share/nav2_minimal_tb3_sim/models/turtlebot3_model/meshes/r200.dae
-- Symlinking: /home/panagiotagrosd/ros2_ws/install/nav2_minimal_tb3_sim/share/nav2_minimal_tb3_sim/models/turtlebot3_model/meshes/tire.dae
-- Symlinking: /home/panagiotagrosd/ros2_ws/install/nav2_minimal_tb3_sim/share/nav2_minimal_tb3_sim/models/turtlebot3_model/meshes/waffle_base.dae
-- Symlinking: /home/panagiotagrosd/ros2_ws/install/nav2_minimal_tb3_sim/share/nav2_minimal_tb3_sim/models/turtlebot3_model/model.config
-- Symlinking: /home/panagiotagrosd/ros2_ws/install/nav2_minimal_tb3_sim/share/nav2_minimal_tb3_sim/models/turtlebot3_world/meshes/hexagon.dae
-- Symlinking: /home/panagiotagrosd/ros2_ws/install/nav2_minimal_tb3_sim/share/nav2_minimal_tb3_sim/models/turtlebot3_world/meshes/wall.dae
-- Symlinking: /home/panagiotagrosd/ros2_ws/install/nav2_minimal_tb3_sim/share/nav2_minimal_tb3_sim/models/turtlebot3_world/model-1_4.sdf
-- Symlinking: /home/panagiotagrosd/ros2_ws/install/nav2_minimal_tb3_sim/share/nav2_minimal_tb3_sim/models/turtlebot3_world/model.config
-- Symlinking: /home/panagiotagrosd/ros2_ws/install/nav2_minimal_tb3_sim/share/nav2_minimal_tb3_sim/models/turtlebot3_world/model.sdf
-- Symlinking: /home/panagiotagrosd/ros2_ws/install/nav2_minimal_tb3_sim/share/ament_index/resource_index/package_run_dependencies/nav2_minimal_tb3_sim
-- Symlinking: /home/panagiotagrosd/ros2_ws/install/nav2_minimal_tb3_sim/share/ament_index/resource_index/parent_prefix_path/nav2_minimal_tb3_sim
-- Symlinking: /home/panagiotagrosd/ros2_ws/install/nav2_minimal_tb3_sim/share/nav2_minimal_tb3_sim/environment/ament_prefix_path.sh
-- Symlinking: /home/panagiotagrosd/ros2_ws/install/nav2_minimal_tb3_sim/share/nav2_minimal_tb3_sim/environment/ament_prefix_path.dsv
-- Symlinking: /home/panagiotagrosd/ros2_ws/install/nav2_minimal_tb3_sim/share/nav2_minimal_tb3_sim/environment/path.sh
-- Symlinking: /home/panagiotagrosd/ros2_ws/install/nav2_minimal_tb3_sim/share/nav2_minimal_tb3_sim/environment/path.dsv
-- Symlinking: /home/panagiotagrosd/ros2_ws/install/nav2_minimal_tb3_sim/share/nav2_minimal_tb3_sim/local_setup.bash
-- Symlinking: /home/panagiotagrosd/ros2_ws/install/nav2_minimal_tb3_sim/share/nav2_minimal_tb3_sim/local_setup.sh
-- Symlinking: /home/panagiotagrosd/ros2_ws/install/nav2_minimal_tb3_sim/share/nav2_minimal_tb3_sim/local_setup.zsh
-- Symlinking: /home/panagiotagrosd/ros2_ws/install/nav2_minimal_tb3_sim/share/nav2_minimal_tb3_sim/local_setup.dsv
-- Symlinking: /home/panagiotagrosd/ros2_ws/install/nav2_minimal_tb3_sim/share/nav2_minimal_tb3_sim/package.dsv
-- Symlinking: /home/panagiotagrosd/ros2_ws/install/nav2_minimal_tb3_sim/share/ament_index/resource_index/packages/nav2_minimal_tb3_sim
-- Symlinking: /home/panagiotagrosd/ros2_ws/install/nav2_minimal_tb3_sim/share/nav2_minimal_tb3_sim/cmake/nav2_minimal_tb3_simConfig.cmake
-- Symlinking: /home/panagiotagrosd/ros2_ws/install/nav2_minimal_tb3_sim/share/nav2_minimal_tb3_sim/cmake/nav2_minimal_tb3_simConfig-version.cmake
-- Symlinking: /home/panagiotagrosd/ros2_ws/install/nav2_minimal_tb3_sim/share/nav2_minimal_tb3_sim/package.xml
