/home/panagiotagrosd/ros2_ws/install/robotic_arm_advanced/lib/python3.12/site-packages/robotic_arm_advanced/__init__.py
/home/panagiotagrosd/ros2_ws/install/robotic_arm_advanced/lib/python3.12/site-packages/robotic_arm_advanced/fk_node.py
/home/panagiotagrosd/ros2_ws/install/robotic_arm_advanced/lib/python3.12/site-packages/robotic_arm_advanced/dummy_joint_pub.py
/home/panagiotagrosd/ros2_ws/install/robotic_arm_advanced/lib/python3.12/site-packages/robotic_arm_advanced/ik_dls_node.py
/home/panagiotagrosd/ros2_ws/install/robotic_arm_advanced/lib/python3.12/site-packages/robotic_arm_advanced/__pycache__/__init__.cpython-312.pyc
/home/panagiotagrosd/ros2_ws/install/robotic_arm_advanced/lib/python3.12/site-packages/robotic_arm_advanced/__pycache__/fk_node.cpython-312.pyc
/home/panagiotagrosd/ros2_ws/install/robotic_arm_advanced/lib/python3.12/site-packages/robotic_arm_advanced/__pycache__/dummy_joint_pub.cpython-312.pyc
/home/panagiotagrosd/ros2_ws/install/robotic_arm_advanced/lib/python3.12/site-packages/robotic_arm_advanced/__pycache__/ik_dls_node.cpython-312.pyc
/home/panagiotagrosd/ros2_ws/install/robotic_arm_advanced/share/ament_index/resource_index/packages/robotic_arm_advanced
/home/panagiotagrosd/ros2_ws/install/robotic_arm_advanced/share/robotic_arm_advanced/package.xml
/home/panagiotagrosd/ros2_ws/install/robotic_arm_advanced/lib/python3.12/site-packages/robotic_arm_advanced-0.0.1-py3.12.egg-info/top_level.txt
/home/panagiotagrosd/ros2_ws/install/robotic_arm_advanced/lib/python3.12/site-packages/robotic_arm_advanced-0.0.1-py3.12.egg-info/requires.txt
/home/panagiotagrosd/ros2_ws/install/robotic_arm_advanced/lib/python3.12/site-packages/robotic_arm_advanced-0.0.1-py3.12.egg-info/dependency_links.txt
/home/panagiotagrosd/ros2_ws/install/robotic_arm_advanced/lib/python3.12/site-packages/robotic_arm_advanced-0.0.1-py3.12.egg-info/entry_points.txt
/home/panagiotagrosd/ros2_ws/install/robotic_arm_advanced/lib/python3.12/site-packages/robotic_arm_advanced-0.0.1-py3.12.egg-info/SOURCES.txt
/home/panagiotagrosd/ros2_ws/install/robotic_arm_advanced/lib/python3.12/site-packages/robotic_arm_advanced-0.0.1-py3.12.egg-info/zip-safe
/home/panagiotagrosd/ros2_ws/install/robotic_arm_advanced/lib/python3.12/site-packages/robotic_arm_advanced-0.0.1-py3.12.egg-info/PKG-INFO
/home/panagiotagrosd/ros2_ws/install/robotic_arm_advanced/lib/robotic_arm_advanced/dummy_joint_pub
/home/panagiotagrosd/ros2_ws/install/robotic_arm_advanced/lib/robotic_arm_advanced/fk_node
/home/panagiotagrosd/ros2_ws/install/robotic_arm_advanced/lib/robotic_arm_advanced/ik_dls_node
