running egg_info
writing ../../build/tb3_sim_bringup/tb3_sim_bringup.egg-info/PKG-INFO
writing dependency_links to ../../build/tb3_sim_bringup/tb3_sim_bringup.egg-info/dependency_links.txt
writing requirements to ../../build/tb3_sim_bringup/tb3_sim_bringup.egg-info/requires.txt
writing top-level names to ../../build/tb3_sim_bringup/tb3_sim_bringup.egg-info/top_level.txt
reading manifest file '../../build/tb3_sim_bringup/tb3_sim_bringup.egg-info/SOURCES.txt'
writing manifest file '../../build/tb3_sim_bringup/tb3_sim_bringup.egg-info/SOURCES.txt'
running build
running build_py
copying tb3_sim_bringup/__init__.py -> /home/panagiotagrosd/ros2_ws/build/tb3_sim_bringup/build/lib/tb3_sim_bringup
running install
running install_lib
copying /home/panagiotagrosd/ros2_ws/build/tb3_sim_bringup/build/lib/tb3_sim_bringup/__init__.py -> /home/panagiotagrosd/ros2_ws/install/tb3_sim_bringup/lib/python3.12/site-packages/tb3_sim_bringup
byte-compiling /home/panagiotagrosd/ros2_ws/install/tb3_sim_bringup/lib/python3.12/site-packages/tb3_sim_bringup/__init__.py to __init__.cpython-312.pyc
running install_data
copying resource/tb3_sim_bringup -> /home/panagiotagrosd/ros2_ws/install/tb3_sim_bringup/share/ament_index/resource_index/packages
copying package.xml -> /home/panagiotagrosd/ros2_ws/install/tb3_sim_bringup/share/tb3_sim_bringup
running install_egg_info
removing '/home/panagiotagrosd/ros2_ws/install/tb3_sim_bringup/lib/python3.12/site-packages/tb3_sim_bringup-0.0.0-py3.12.egg-info' (and everything under it)
Copying ../../build/tb3_sim_bringup/tb3_sim_bringup.egg-info to /home/panagiotagrosd/ros2_ws/install/tb3_sim_bringup/lib/python3.12/site-packages/tb3_sim_bringup-0.0.0-py3.12.egg-info
running install_scripts
writing list of installed files to '/home/panagiotagrosd/ros2_ws/build/tb3_sim_bringup/install.log'
