[1.949s] Invoking command in '/home/panagiotagrosd/ros2_ws/src/tb3_slam': PYTHONPATH=/home/panagiotagrosd/ros2_ws/build/tb3_slam/prefix_override:/usr/lib/python3/dist-packages/colcon_core/task/python/colcon_distutils_commands:/home/panagiotagrosd/ros2_ws/install/tb3_slam/lib/python3.12/site-packages:${PYTHONPATH} /usr/bin/python3 -W ignore:setup.py install is deprecated -W ignore:easy_install command is deprecated setup.py egg_info --egg-base ../../build/tb3_slam build --build-base /home/panagiotagrosd/ros2_ws/build/tb3_slam/build install --record /home/panagiotagrosd/ros2_ws/build/tb3_slam/install.log --single-version-externally-managed install_data
[2.409s] running egg_info
[2.450s] writing ../../build/tb3_slam/tb3_slam.egg-info/PKG-INFO
[2.452s] writing dependency_links to ../../build/tb3_slam/tb3_slam.egg-info/dependency_links.txt
[2.453s] writing requirements to ../../build/tb3_slam/tb3_slam.egg-info/requires.txt
[2.453s] writing top-level names to ../../build/tb3_slam/tb3_slam.egg-info/top_level.txt
[2.531s] reading manifest file '../../build/tb3_slam/tb3_slam.egg-info/SOURCES.txt'
[2.533s] writing manifest file '../../build/tb3_slam/tb3_slam.egg-info/SOURCES.txt'
[2.533s] running build
[2.533s] running build_py
[2.535s] running install
[2.544s] running install_lib
[2.580s] running install_data
[2.581s] copying launch/online_async_slam.launch.py -> /home/panagiotagrosd/ros2_ws/install/tb3_slam/share/tb3_slam/launch
[2.583s] running install_egg_info
[2.622s] removing '/home/panagiotagrosd/ros2_ws/install/tb3_slam/lib/python3.12/site-packages/tb3_slam-0.0.0-py3.12.egg-info' (and everything under it)
[2.623s] Copying ../../build/tb3_slam/tb3_slam.egg-info to /home/panagiotagrosd/ros2_ws/install/tb3_slam/lib/python3.12/site-packages/tb3_slam-0.0.0-py3.12.egg-info
[2.627s] running install_scripts
[2.860s] writing list of installed files to '/home/panagiotagrosd/ros2_ws/build/tb3_slam/install.log'
[2.914s] Invoked command in '/home/panagiotagrosd/ros2_ws/src/tb3_slam' returned '0': PYTHONPATH=/home/panagiotagrosd/ros2_ws/build/tb3_slam/prefix_override:/usr/lib/python3/dist-packages/colcon_core/task/python/colcon_distutils_commands:/home/panagiotagrosd/ros2_ws/install/tb3_slam/lib/python3.12/site-packages:${PYTHONPATH} /usr/bin/python3 -W ignore:setup.py install is deprecated -W ignore:easy_install command is deprecated setup.py egg_info --egg-base ../../build/tb3_slam build --build-base /home/panagiotagrosd/ros2_ws/build/tb3_slam/build install --record /home/panagiotagrosd/ros2_ws/build/tb3_slam/install.log --single-version-externally-managed install_data
