[0.119s] Invoking command in '/home/panagiotagrosd/ros2_ws/build/nav2_minimal_tb4_sim': AMENT_PREFIX_PATH=/home/panagiotagrosd/ros2_ws/install/nav2_minimal_tb4_description:${AMENT_PREFIX_PATH} CMAKE_PREFIX_PATH=/home/panagiotagrosd/ros2_ws/install/nav2_minimal_tb4_description:/home/panagiotagrosd/projects/navigation_ws/install/nav_research:/opt/ros/jazzy/opt/gz_sim_vendor:/opt/ros/jazzy/opt/gz_sensors_vendor:/opt/ros/jazzy/opt/gz_physics_vendor:/opt/ros/jazzy/opt/sdformat_vendor:/opt/ros/jazzy/opt/gz_gui_vendor:/opt/ros/jazzy/opt/gz_transport_vendor:/opt/ros/jazzy/opt/gz_rendering_vendor:/opt/ros/jazzy/opt/gz_plugin_vendor:/opt/ros/jazzy/opt/gz_fuel_tools_vendor:/opt/ros/jazzy/opt/gz_msgs_vendor:/opt/ros/jazzy/opt/gz_common_vendor:/opt/ros/jazzy/opt/gz_math_vendor:/opt/ros/jazzy/opt/gz_utils_vendor:/opt/ros/jazzy/opt/gz_tools_vendor:/opt/ros/jazzy/opt/gz_ogre_next_vendor:/opt/ros/jazzy/opt/gz_dartsim_vendor:/opt/ros/jazzy/opt/gz_cmake_vendor:/home/panagiotagrosd/dyn_nav_ws/install/dynamic_nav:/opt/ros/jazzy /usr/bin/cmake /home/panagiotagrosd/ros2_ws/src/nav2_minimal_turtlebot_simulation/nav2_minimal_tb4_sim -DAMENT_CMAKE_SYMLINK_INSTALL=1 -DCMAKE_INSTALL_PREFIX=/home/panagiotagrosd/ros2_ws/install/nav2_minimal_tb4_sim
[0.742s] -- The C compiler identification is GNU 13.3.0
[1.774s] -- The CXX compiler identification is GNU 13.3.0
[2.829s] -- Detecting C compiler ABI info
[3.756s] -- Detecting C compiler ABI info - done
[3.796s] -- Check for working C compiler: /usr/bin/cc - skipped
[3.803s] -- Detecting C compile features
[3.807s] -- Detecting C compile features - done
[3.988s] -- Detecting CXX compiler ABI info
[5.039s] -- Detecting CXX compiler ABI info - done
[5.109s] -- Check for working CXX compiler: /usr/bin/c++ - skipped
[5.110s] -- Detecting CXX compile features
[5.111s] -- Detecting CXX compile features - done
[5.142s] -- Found ament_cmake: 2.5.4 (/opt/ros/jazzy/share/ament_cmake/cmake)
[6.604s] -- Found Python3: /usr/bin/python3 (found version "3.12.3") found components: Interpreter 
[7.298s] -- Override CMake install command with custom implementation using symlinks instead of copying resources
[7.979s] -- Found ament_lint_auto: 0.17.3 (/opt/ros/jazzy/share/ament_lint_auto/cmake)
[8.947s] -- Added test 'copyright' to check source files copyright and LICENSE
[8.957s] -- Added test 'flake8' to check Python code syntax and style conventions
[8.958s] -- Configured 'flake8' exclude dirs and/or files: 
[8.965s] -- Added test 'lint_cmake' to check CMake code style
[8.970s] -- Added test 'pep257' to check Python code against some of the docstring style conventions in PEP 257
[8.979s] -- Added test 'xmllint' to check XML markup files
[9.006s] -- Configuring done (8.8s)
[9.066s] -- Generating done (0.1s)
[9.082s] -- Build files have been written to: /home/panagiotagrosd/ros2_ws/build/nav2_minimal_tb4_sim
[9.150s] Invoked command in '/home/panagiotagrosd/ros2_ws/build/nav2_minimal_tb4_sim' returned '0': AMENT_PREFIX_PATH=/home/panagiotagrosd/ros2_ws/install/nav2_minimal_tb4_description:${AMENT_PREFIX_PATH} CMAKE_PREFIX_PATH=/home/panagiotagrosd/ros2_ws/install/nav2_minimal_tb4_description:/home/panagiotagrosd/projects/navigation_ws/install/nav_research:/opt/ros/jazzy/opt/gz_sim_vendor:/opt/ros/jazzy/opt/gz_sensors_vendor:/opt/ros/jazzy/opt/gz_physics_vendor:/opt/ros/jazzy/opt/sdformat_vendor:/opt/ros/jazzy/opt/gz_gui_vendor:/opt/ros/jazzy/opt/gz_transport_vendor:/opt/ros/jazzy/opt/gz_rendering_vendor:/opt/ros/jazzy/opt/gz_plugin_vendor:/opt/ros/jazzy/opt/gz_fuel_tools_vendor:/opt/ros/jazzy/opt/gz_msgs_vendor:/opt/ros/jazzy/opt/gz_common_vendor:/opt/ros/jazzy/opt/gz_math_vendor:/opt/ros/jazzy/opt/gz_utils_vendor:/opt/ros/jazzy/opt/gz_tools_vendor:/opt/ros/jazzy/opt/gz_ogre_next_vendor:/opt/ros/jazzy/opt/gz_dartsim_vendor:/opt/ros/jazzy/opt/gz_cmake_vendor:/home/panagiotagrosd/dyn_nav_ws/install/dynamic_nav:/opt/ros/jazzy /usr/bin/cmake /home/panagiotagrosd/ros2_ws/src/nav2_minimal_turtlebot_simulation/nav2_minimal_tb4_sim -DAMENT_CMAKE_SYMLINK_INSTALL=1 -DCMAKE_INSTALL_PREFIX=/home/panagiotagrosd/ros2_ws/install/nav2_minimal_tb4_sim
[9.185s] Invoking command in '/home/panagiotagrosd/ros2_ws/build/nav2_minimal_tb4_sim': AMENT_PREFIX_PATH=/home/panagiotagrosd/ros2_ws/install/nav2_minimal_tb4_description:${AMENT_PREFIX_PATH} CMAKE_PREFIX_PATH=/home/panagiotagrosd/ros2_ws/install/nav2_minimal_tb4_description:/home/panagiotagrosd/projects/navigation_ws/install/nav_research:/opt/ros/jazzy/opt/gz_sim_vendor:/opt/ros/jazzy/opt/gz_sensors_vendor:/opt/ros/jazzy/opt/gz_physics_vendor:/opt/ros/jazzy/opt/sdformat_vendor:/opt/ros/jazzy/opt/gz_gui_vendor:/opt/ros/jazzy/opt/gz_transport_vendor:/opt/ros/jazzy/opt/gz_rendering_vendor:/opt/ros/jazzy/opt/gz_plugin_vendor:/opt/ros/jazzy/opt/gz_fuel_tools_vendor:/opt/ros/jazzy/opt/gz_msgs_vendor:/opt/ros/jazzy/opt/gz_common_vendor:/opt/ros/jazzy/opt/gz_math_vendor:/opt/ros/jazzy/opt/gz_utils_vendor:/opt/ros/jazzy/opt/gz_tools_vendor:/opt/ros/jazzy/opt/gz_ogre_next_vendor:/opt/ros/jazzy/opt/gz_dartsim_vendor:/opt/ros/jazzy/opt/gz_cmake_vendor:/home/panagiotagrosd/dyn_nav_ws/install/dynamic_nav:/opt/ros/jazzy /usr/bin/cmake --build /home/panagiotagrosd/ros2_ws/build/nav2_minimal_tb4_sim -- -j4 -l4
[9.741s] Invoked command in '/home/panagiotagrosd/ros2_ws/build/nav2_minimal_tb4_sim' returned '0': AMENT_PREFIX_PATH=/home/panagiotagrosd/ros2_ws/install/nav2_minimal_tb4_description:${AMENT_PREFIX_PATH} CMAKE_PREFIX_PATH=/home/panagiotagrosd/ros2_ws/install/nav2_minimal_tb4_description:/home/panagiotagrosd/projects/navigation_ws/install/nav_research:/opt/ros/jazzy/opt/gz_sim_vendor:/opt/ros/jazzy/opt/gz_sensors_vendor:/opt/ros/jazzy/opt/gz_physics_vendor:/opt/ros/jazzy/opt/sdformat_vendor:/opt/ros/jazzy/opt/gz_gui_vendor:/opt/ros/jazzy/opt/gz_transport_vendor:/opt/ros/jazzy/opt/gz_rendering_vendor:/opt/ros/jazzy/opt/gz_plugin_vendor:/opt/ros/jazzy/opt/gz_fuel_tools_vendor:/opt/ros/jazzy/opt/gz_msgs_vendor:/opt/ros/jazzy/opt/gz_common_vendor:/opt/ros/jazzy/opt/gz_math_vendor:/opt/ros/jazzy/opt/gz_utils_vendor:/opt/ros/jazzy/opt/gz_tools_vendor:/opt/ros/jazzy/opt/gz_ogre_next_vendor:/opt/ros/jazzy/opt/gz_dartsim_vendor:/opt/ros/jazzy/opt/gz_cmake_vendor:/home/panagiotagrosd/dyn_nav_ws/install/dynamic_nav:/opt/ros/jazzy /usr/bin/cmake --build /home/panagiotagrosd/ros2_ws/build/nav2_minimal_tb4_sim -- -j4 -l4
[9.742s] Invoking command in '/home/panagiotagrosd/ros2_ws/build/nav2_minimal_tb4_sim': AMENT_PREFIX_PATH=/home/panagiotagrosd/ros2_ws/install/nav2_minimal_tb4_description:${AMENT_PREFIX_PATH} CMAKE_PREFIX_PATH=/home/panagiotagrosd/ros2_ws/install/nav2_minimal_tb4_description:/home/panagiotagrosd/projects/navigation_ws/install/nav_research:/opt/ros/jazzy/opt/gz_sim_vendor:/opt/ros/jazzy/opt/gz_sensors_vendor:/opt/ros/jazzy/opt/gz_physics_vendor:/opt/ros/jazzy/opt/sdformat_vendor:/opt/ros/jazzy/opt/gz_gui_vendor:/opt/ros/jazzy/opt/gz_transport_vendor:/opt/ros/jazzy/opt/gz_rendering_vendor:/opt/ros/jazzy/opt/gz_plugin_vendor:/opt/ros/jazzy/opt/gz_fuel_tools_vendor:/opt/ros/jazzy/opt/gz_msgs_vendor:/opt/ros/jazzy/opt/gz_common_vendor:/opt/ros/jazzy/opt/gz_math_vendor:/opt/ros/jazzy/opt/gz_utils_vendor:/opt/ros/jazzy/opt/gz_tools_vendor:/opt/ros/jazzy/opt/gz_ogre_next_vendor:/opt/ros/jazzy/opt/gz_dartsim_vendor:/opt/ros/jazzy/opt/gz_cmake_vendor:/home/panagiotagrosd/dyn_nav_ws/install/dynamic_nav:/opt/ros/jazzy /usr/bin/cmake --install /home/panagiotagrosd/ros2_ws/build/nav2_minimal_tb4_sim
[9.870s] -- Install configuration: ""
[9.871s] -- Execute custom install script
[9.874s] -- Symlinking: /home/panagiotagrosd/ros2_ws/install/nav2_minimal_tb4_sim/share/nav2_minimal_tb4_sim/configs/tb4_bridge.yaml
[10.000s] -- Symlinking: /home/panagiotagrosd/ros2_ws/install/nav2_minimal_tb4_sim/share/nav2_minimal_tb4_sim/launch/simulation.launch.py
[10.163s] -- Symlinking: /home/panagiotagrosd/ros2_ws/install/nav2_minimal_tb4_sim/share/nav2_minimal_tb4_sim/launch/spawn_tb4.launch.py
[10.314s] -- Symlinking: /home/panagiotagrosd/ros2_ws/install/nav2_minimal_tb4_sim/share/nav2_minimal_tb4_sim/worlds/depot.sdf
[10.396s] -- Symlinking: /home/panagiotagrosd/ros2_ws/install/nav2_minimal_tb4_sim/share/nav2_minimal_tb4_sim/worlds/warehouse.sdf
[10.509s] -- Symlinking: /home/panagiotagrosd/ros2_ws/install/nav2_minimal_tb4_sim/share/ament_index/resource_index/package_run_dependencies/nav2_minimal_tb4_sim
[10.607s] -- Symlinking: /home/panagiotagrosd/ros2_ws/install/nav2_minimal_tb4_sim/share/ament_index/resource_index/parent_prefix_path/nav2_minimal_tb4_sim
[10.731s] -- Symlinking: /home/panagiotagrosd/ros2_ws/install/nav2_minimal_tb4_sim/share/nav2_minimal_tb4_sim/environment/ament_prefix_path.sh
[10.794s] -- Symlinking: /home/panagiotagrosd/ros2_ws/install/nav2_minimal_tb4_sim/share/nav2_minimal_tb4_sim/environment/ament_prefix_path.dsv
[10.917s] -- Symlinking: /home/panagiotagrosd/ros2_ws/install/nav2_minimal_tb4_sim/share/nav2_minimal_tb4_sim/environment/path.sh
[11.022s] -- Symlinking: /home/panagiotagrosd/ros2_ws/install/nav2_minimal_tb4_sim/share/nav2_minimal_tb4_sim/environment/path.dsv
[11.084s] -- Symlinking: /home/panagiotagrosd/ros2_ws/install/nav2_minimal_tb4_sim/share/nav2_minimal_tb4_sim/local_setup.bash
[11.173s] -- Symlinking: /home/panagiotagrosd/ros2_ws/install/nav2_minimal_tb4_sim/share/nav2_minimal_tb4_sim/local_setup.sh
[11.253s] -- Symlinking: /home/panagiotagrosd/ros2_ws/install/nav2_minimal_tb4_sim/share/nav2_minimal_tb4_sim/local_setup.zsh
[11.337s] -- Symlinking: /home/panagiotagrosd/ros2_ws/install/nav2_minimal_tb4_sim/share/nav2_minimal_tb4_sim/local_setup.dsv
[11.401s] -- Symlinking: /home/panagiotagrosd/ros2_ws/install/nav2_minimal_tb4_sim/share/nav2_minimal_tb4_sim/package.dsv
[11.512s] -- Symlinking: /home/panagiotagrosd/ros2_ws/install/nav2_minimal_tb4_sim/share/ament_index/resource_index/packages/nav2_minimal_tb4_sim
[11.633s] -- Symlinking: /home/panagiotagrosd/ros2_ws/install/nav2_minimal_tb4_sim/share/nav2_minimal_tb4_sim/cmake/nav2_minimal_tb4_simConfig.cmake
[11.718s] -- Symlinking: /home/panagiotagrosd/ros2_ws/install/nav2_minimal_tb4_sim/share/nav2_minimal_tb4_sim/cmake/nav2_minimal_tb4_simConfig-version.cmake
[11.801s] -- Symlinking: /home/panagiotagrosd/ros2_ws/install/nav2_minimal_tb4_sim/share/nav2_minimal_tb4_sim/package.xml
[11.854s] Invoked command in '/home/panagiotagrosd/ros2_ws/build/nav2_minimal_tb4_sim' returned '0': AMENT_PREFIX_PATH=/home/panagiotagrosd/ros2_ws/install/nav2_minimal_tb4_description:${AMENT_PREFIX_PATH} CMAKE_PREFIX_PATH=/home/panagiotagrosd/ros2_ws/install/nav2_minimal_tb4_description:/home/panagiotagrosd/projects/navigation_ws/install/nav_research:/opt/ros/jazzy/opt/gz_sim_vendor:/opt/ros/jazzy/opt/gz_sensors_vendor:/opt/ros/jazzy/opt/gz_physics_vendor:/opt/ros/jazzy/opt/sdformat_vendor:/opt/ros/jazzy/opt/gz_gui_vendor:/opt/ros/jazzy/opt/gz_transport_vendor:/opt/ros/jazzy/opt/gz_rendering_vendor:/opt/ros/jazzy/opt/gz_plugin_vendor:/opt/ros/jazzy/opt/gz_fuel_tools_vendor:/opt/ros/jazzy/opt/gz_msgs_vendor:/opt/ros/jazzy/opt/gz_common_vendor:/opt/ros/jazzy/opt/gz_math_vendor:/opt/ros/jazzy/opt/gz_utils_vendor:/opt/ros/jazzy/opt/gz_tools_vendor:/opt/ros/jazzy/opt/gz_ogre_next_vendor:/opt/ros/jazzy/opt/gz_dartsim_vendor:/opt/ros/jazzy/opt/gz_cmake_vendor:/home/panagiotagrosd/dyn_nav_ws/install/dynamic_nav:/opt/ros/jazzy /usr/bin/cmake --install /home/panagiotagrosd/ros2_ws/build/nav2_minimal_tb4_sim
