-- Install configuration: ""
-- Execute custom install script
-- Up-to-date symlink: /home/panagiotagrosd/ros2_ws/install/nav2_minimal_tb3_sim/share/nav2_minimal_tb3_sim/configs/turtlebot3_waffle_bridge.yaml
-- Up-to-date symlink: /home/panagiotagrosd/ros2_ws/install/nav2_minimal_tb3_sim/share/nav2_minimal_tb3_sim/configs/turtlebot3_waffle_gps_bridge.yaml
-- Up-to-date symlink: /home/panagiotagrosd/ros2_ws/install/nav2_minimal_tb3_sim/share/nav2_minimal_tb3_sim/launch/spawn_tb3.launch.py
-- Up-to-date symlink: /home/panagiotagrosd/ros2_ws/install/nav2_minimal_tb3_sim/share/nav2_minimal_tb3_sim/launch/spawn_tb3_gps.launch.py
-- Up-to-date symlink: /home/panagiotagrosd/ros2_ws/install/nav2_minimal_tb3_sim/share/nav2_minimal_tb3_sim/worlds/tb3_empty_world.sdf.xacro
-- Up-to-date symlink: /home/panagiotagrosd/ros2_ws/install/nav2_minimal_tb3_sim/share/nav2_minimal_tb3_sim/worlds/tb3_sandbox.sdf.xacro
-- Up-to-date symlink: /home/panagiotagrosd/ros2_ws/install/nav2_minimal_tb3_sim/share/nav2_minimal_tb3_sim/urdf/gz_waffle.sdf.xacro
-- Up-to-date symlink: /home/panagiotagrosd/ros2_ws/install/nav2_minimal_tb3_sim/share/nav2_minimal_tb3_sim/urdf/gz_waffle_gps.sdf.xacro
-- Up-to-date symlink: /home/panagiotagrosd/ros2_ws/install/nav2_minimal_tb3_sim/share/nav2_minimal_tb3_sim/urdf/turtlebot3_waffle.urdf
-- Up-to-date symlink: /home/panagiotagrosd/ros2_ws/install/nav2_minimal_tb3_sim/share/nav2_minimal_tb3_sim/urdf/turtlebot3_waffle_gps.urdf
-- Up-to-date symlink: /home/panagiotagrosd/ros2_ws/install/nav2_minimal_tb3_sim/share/nav2_minimal_tb3_sim/models/turtlebot3_model/meshes/lds.dae
-- Up-to-date symlink: /home/panagiotagrosd/ros2_ws/install/nav2_minimal_tb3_sim/share/nav2_minimal_tb3_sim/models/turtlebot3_model/meshes/r200.dae
-- Up-to-date symlink: /home/panagiotagrosd/ros2_ws/install/nav2_minimal_tb3_sim/share/nav2_minimal_tb3_sim/models/turtlebot3_model/meshes/tire.dae
-- Up-to-date symlink: /home/panagiotagrosd/ros2_ws/install/nav2_minimal_tb3_sim/share/nav2_minimal_tb3_sim/models/turtlebot3_model/meshes/waffle_base.dae
-- Up-to-date symlink: /home/panagiotagrosd/ros2_ws/install/nav2_minimal_tb3_sim/share/nav2_minimal_tb3_sim/models/turtlebot3_model/model.config
-- Up-to-date symlink: /home/panagiotagrosd/ros2_ws/install/nav2_minimal_tb3_sim/share/nav2_minimal_tb3_sim/models/turtlebot3_world/meshes/hexagon.dae
-- Up-to-date symlink: /home/panagiotagrosd/ros2_ws/install/nav2_minimal_tb3_sim/share/nav2_minimal_tb3_sim/models/turtlebot3_world/meshes/wall.dae
-- Up-to-date symlink: /home/panagiotagrosd/ros2_ws/install/nav2_minimal_tb3_sim/share/nav2_minimal_tb3_sim/models/turtlebot3_world/model-1_4.sdf
-- Up-to-date symlink: /home/panagiotagrosd/ros2_ws/install/nav2_minimal_tb3_sim/share/nav2_minimal_tb3_sim/models/turtlebot3_world/model.config
-- Up-to-date symlink: /home/panagiotagrosd/ros2_ws/install/nav2_minimal_tb3_sim/share/nav2_minimal_tb3_sim/models/turtlebot3_world/model.sdf
-- Up-to-date symlink: /home/panagiotagrosd/ros2_ws/install/nav2_minimal_tb3_sim/share/ament_index/resource_index/package_run_dependencies/nav2_minimal_tb3_sim
-- Up-to-date symlink: /home/panagiotagrosd/ros2_ws/install/nav2_minimal_tb3_sim/share/ament_index/resource_index/parent_prefix_path/nav2_minimal_tb3_sim
-- Up-to-date symlink: /home/panagiotagrosd/ros2_ws/install/nav2_minimal_tb3_sim/share/nav2_minimal_tb3_sim/environment/ament_prefix_path.sh
-- Up-to-date symlink: /home/panagiotagrosd/ros2_ws/install/nav2_minimal_tb3_sim/share/nav2_minimal_tb3_sim/environment/ament_prefix_path.dsv
-- Up-to-date symlink: /home/panagiotagrosd/ros2_ws/install/nav2_minimal_tb3_sim/share/nav2_minimal_tb3_sim/environment/path.sh
-- Up-to-date symlink: /home/panagiotagrosd/ros2_ws/install/nav2_minimal_tb3_sim/share/nav2_minimal_tb3_sim/environment/path.dsv
-- Up-to-date symlink: /home/panagiotagrosd/ros2_ws/install/nav2_minimal_tb3_sim/share/nav2_minimal_tb3_sim/local_setup.bash
-- Up-to-date symlink: /home/panagiotagrosd/ros2_ws/install/nav2_minimal_tb3_sim/share/nav2_minimal_tb3_sim/local_setup.sh
-- Up-to-date symlink: /home/panagiotagrosd/ros2_ws/install/nav2_minimal_tb3_sim/share/nav2_minimal_tb3_sim/local_setup.zsh
-- Up-to-date symlink: /home/panagiotagrosd/ros2_ws/install/nav2_minimal_tb3_sim/share/nav2_minimal_tb3_sim/local_setup.dsv
-- Symlinking: /home/panagiotagrosd/ros2_ws/install/nav2_minimal_tb3_sim/share/nav2_minimal_tb3_sim/package.dsv
-- Up-to-date symlink: /home/panagiotagrosd/ros2_ws/install/nav2_minimal_tb3_sim/share/ament_index/resource_index/packages/nav2_minimal_tb3_sim
-- Up-to-date symlink: /home/panagiotagrosd/ros2_ws/install/nav2_minimal_tb3_sim/share/nav2_minimal_tb3_sim/cmake/nav2_minimal_tb3_simConfig.cmake
-- Up-to-date symlink: /home/panagiotagrosd/ros2_ws/install/nav2_minimal_tb3_sim/share/nav2_minimal_tb3_sim/cmake/nav2_minimal_tb3_simConfig-version.cmake
-- Up-to-date symlink: /home/panagiotagrosd/ros2_ws/install/nav2_minimal_tb3_sim/share/nav2_minimal_tb3_sim/package.xml
