[2.858s] Invoking command in '/home/panagiotagrosd/ros2_ws/src/dynamic_nav': PYTHONPATH=/home/panagiotagrosd/ros2_ws/build/dynamic_nav/prefix_override:/usr/lib/python3/dist-packages/colcon_core/task/python/colcon_distutils_commands:/home/panagiotagrosd/ros2_ws/install/dynamic_nav/lib/python3.12/site-packages:${PYTHONPATH} /usr/bin/python3 -W ignore:setup.py install is deprecated -W ignore:easy_install command is deprecated setup.py egg_info --egg-base ../../build/dynamic_nav build --build-base /home/panagiotagrosd/ros2_ws/build/dynamic_nav/build install --record /home/panagiotagrosd/ros2_ws/build/dynamic_nav/install.log --single-version-externally-managed install_data
[3.681s] running egg_info
[3.806s] writing ../../build/dynamic_nav/dynamic_nav.egg-info/PKG-INFO
[3.806s] writing dependency_links to ../../build/dynamic_nav/dynamic_nav.egg-info/dependency_links.txt
[3.806s] writing entry points to ../../build/dynamic_nav/dynamic_nav.egg-info/entry_points.txt
[3.807s] writing requirements to ../../build/dynamic_nav/dynamic_nav.egg-info/requires.txt
[3.807s] writing top-level names to ../../build/dynamic_nav/dynamic_nav.egg-info/top_level.txt
[4.123s] reading manifest file '../../build/dynamic_nav/dynamic_nav.egg-info/SOURCES.txt'
[4.125s] writing manifest file '../../build/dynamic_nav/dynamic_nav.egg-info/SOURCES.txt'
[4.126s] running build
[4.126s] running build_py
[4.128s] running install
[4.150s] running install_lib
[4.222s] running install_data
[4.222s] running install_egg_info
[4.280s] removing '/home/panagiotagrosd/ros2_ws/install/dynamic_nav/lib/python3.12/site-packages/dynamic_nav-0.0.0-py3.12.egg-info' (and everything under it)
[4.280s] Copying ../../build/dynamic_nav/dynamic_nav.egg-info to /home/panagiotagrosd/ros2_ws/install/dynamic_nav/lib/python3.12/site-packages/dynamic_nav-0.0.0-py3.12.egg-info
[4.284s] running install_scripts
[4.661s] Installing dynamic_nav_node script to /home/panagiotagrosd/ros2_ws/install/dynamic_nav/lib/dynamic_nav
[4.661s] writing list of installed files to '/home/panagiotagrosd/ros2_ws/build/dynamic_nav/install.log'
[4.754s] Invoked command in '/home/panagiotagrosd/ros2_ws/src/dynamic_nav' returned '0': PYTHONPATH=/home/panagiotagrosd/ros2_ws/build/dynamic_nav/prefix_override:/usr/lib/python3/dist-packages/colcon_core/task/python/colcon_distutils_commands:/home/panagiotagrosd/ros2_ws/install/dynamic_nav/lib/python3.12/site-packages:${PYTHONPATH} /usr/bin/python3 -W ignore:setup.py install is deprecated -W ignore:easy_install command is deprecated setup.py egg_info --egg-base ../../build/dynamic_nav build --build-base /home/panagiotagrosd/ros2_ws/build/dynamic_nav/build install --record /home/panagiotagrosd/ros2_ws/build/dynamic_nav/install.log --single-version-externally-managed install_data
