[1.744s] Invoking command in '/home/panagiotagrosd/ros2_ws/build/nav2_minimal_tb3_sim': CMAKE_PREFIX_PATH=${CMAKE_PREFIX_PATH}:/home/panagiotagrosd/ros2_ws/install/nav_research:/home/panagiotagrosd/ros2_ws/install/dynamic_nav:/home/panagiotagrosd/dyn_nav_ws/install/dynamic_nav:/opt/ros/jazzy /usr/bin/cmake --build /home/panagiotagrosd/ros2_ws/build/nav2_minimal_tb3_sim -- -j4 -l4
[3.126s] Invoked command in '/home/panagiotagrosd/ros2_ws/build/nav2_minimal_tb3_sim' returned '0': CMAKE_PREFIX_PATH=${CMAKE_PREFIX_PATH}:/home/panagiotagrosd/ros2_ws/install/nav_research:/home/panagiotagrosd/ros2_ws/install/dynamic_nav:/home/panagiotagrosd/dyn_nav_ws/install/dynamic_nav:/opt/ros/jazzy /usr/bin/cmake --build /home/panagiotagrosd/ros2_ws/build/nav2_minimal_tb3_sim -- -j4 -l4
[3.128s] Invoking command in '/home/panagiotagrosd/ros2_ws/build/nav2_minimal_tb3_sim': CMAKE_PREFIX_PATH=${CMAKE_PREFIX_PATH}:/home/panagiotagrosd/ros2_ws/install/nav_research:/home/panagiotagrosd/ros2_ws/install/dynamic_nav:/home/panagiotagrosd/dyn_nav_ws/install/dynamic_nav:/opt/ros/jazzy /usr/bin/cmake --install /home/panagiotagrosd/ros2_ws/build/nav2_minimal_tb3_sim
[3.263s] -- Install configuration: ""
[3.264s] -- Execute custom install script
[3.264s] -- Up-to-date symlink: /home/panagiotagrosd/ros2_ws/install/nav2_minimal_tb3_sim/share/nav2_minimal_tb3_sim/configs/turtlebot3_waffle_bridge.yaml
[3.264s] -- Up-to-date symlink: /home/panagiotagrosd/ros2_ws/install/nav2_minimal_tb3_sim/share/nav2_minimal_tb3_sim/configs/turtlebot3_waffle_gps_bridge.yaml
[3.269s] -- Up-to-date symlink: /home/panagiotagrosd/ros2_ws/install/nav2_minimal_tb3_sim/share/nav2_minimal_tb3_sim/launch/spawn_tb3.launch.py
[3.270s] -- Up-to-date symlink: /home/panagiotagrosd/ros2_ws/install/nav2_minimal_tb3_sim/share/nav2_minimal_tb3_sim/launch/spawn_tb3_gps.launch.py
[3.270s] -- Up-to-date symlink: /home/panagiotagrosd/ros2_ws/install/nav2_minimal_tb3_sim/share/nav2_minimal_tb3_sim/worlds/tb3_empty_world.sdf.xacro
[3.270s] -- Up-to-date symlink: /home/panagiotagrosd/ros2_ws/install/nav2_minimal_tb3_sim/share/nav2_minimal_tb3_sim/worlds/tb3_sandbox.sdf.xacro
[3.279s] -- Up-to-date symlink: /home/panagiotagrosd/ros2_ws/install/nav2_minimal_tb3_sim/share/nav2_minimal_tb3_sim/urdf/gz_waffle.sdf.xacro
[3.279s] -- Up-to-date symlink: /home/panagiotagrosd/ros2_ws/install/nav2_minimal_tb3_sim/share/nav2_minimal_tb3_sim/urdf/gz_waffle_gps.sdf.xacro
[3.279s] -- Up-to-date symlink: /home/panagiotagrosd/ros2_ws/install/nav2_minimal_tb3_sim/share/nav2_minimal_tb3_sim/urdf/turtlebot3_waffle.urdf
[3.280s] -- Up-to-date symlink: /home/panagiotagrosd/ros2_ws/install/nav2_minimal_tb3_sim/share/nav2_minimal_tb3_sim/urdf/turtlebot3_waffle_gps.urdf
[3.281s] -- Up-to-date symlink: /home/panagiotagrosd/ros2_ws/install/nav2_minimal_tb3_sim/share/nav2_minimal_tb3_sim/models/turtlebot3_model/meshes/lds.dae
[3.286s] -- Up-to-date symlink: /home/panagiotagrosd/ros2_ws/install/nav2_minimal_tb3_sim/share/nav2_minimal_tb3_sim/models/turtlebot3_model/meshes/r200.dae
[3.286s] -- Up-to-date symlink: /home/panagiotagrosd/ros2_ws/install/nav2_minimal_tb3_sim/share/nav2_minimal_tb3_sim/models/turtlebot3_model/meshes/tire.dae
[3.286s] -- Up-to-date symlink: /home/panagiotagrosd/ros2_ws/install/nav2_minimal_tb3_sim/share/nav2_minimal_tb3_sim/models/turtlebot3_model/meshes/waffle_base.dae
[3.286s] -- Up-to-date symlink: /home/panagiotagrosd/ros2_ws/install/nav2_minimal_tb3_sim/share/nav2_minimal_tb3_sim/models/turtlebot3_model/model.config
[3.288s] -- Up-to-date symlink: /home/panagiotagrosd/ros2_ws/install/nav2_minimal_tb3_sim/share/nav2_minimal_tb3_sim/models/turtlebot3_world/meshes/hexagon.dae
[3.289s] -- Up-to-date symlink: /home/panagiotagrosd/ros2_ws/install/nav2_minimal_tb3_sim/share/nav2_minimal_tb3_sim/models/turtlebot3_world/meshes/wall.dae
[3.290s] -- Up-to-date symlink: /home/panagiotagrosd/ros2_ws/install/nav2_minimal_tb3_sim/share/nav2_minimal_tb3_sim/models/turtlebot3_world/model-1_4.sdf
[3.291s] -- Up-to-date symlink: /home/panagiotagrosd/ros2_ws/install/nav2_minimal_tb3_sim/share/nav2_minimal_tb3_sim/models/turtlebot3_world/model.config
[3.292s] -- Up-to-date symlink: /home/panagiotagrosd/ros2_ws/install/nav2_minimal_tb3_sim/share/nav2_minimal_tb3_sim/models/turtlebot3_world/model.sdf
[3.293s] -- Up-to-date symlink: /home/panagiotagrosd/ros2_ws/install/nav2_minimal_tb3_sim/share/ament_index/resource_index/package_run_dependencies/nav2_minimal_tb3_sim
[3.294s] -- Up-to-date symlink: /home/panagiotagrosd/ros2_ws/install/nav2_minimal_tb3_sim/share/ament_index/resource_index/parent_prefix_path/nav2_minimal_tb3_sim
[3.295s] -- Up-to-date symlink: /home/panagiotagrosd/ros2_ws/install/nav2_minimal_tb3_sim/share/nav2_minimal_tb3_sim/environment/ament_prefix_path.sh
[3.297s] -- Up-to-date symlink: /home/panagiotagrosd/ros2_ws/install/nav2_minimal_tb3_sim/share/nav2_minimal_tb3_sim/environment/ament_prefix_path.dsv
[3.302s] -- Up-to-date symlink: /home/panagiotagrosd/ros2_ws/install/nav2_minimal_tb3_sim/share/nav2_minimal_tb3_sim/environment/path.sh
[3.303s] -- Up-to-date symlink: /home/panagiotagrosd/ros2_ws/install/nav2_minimal_tb3_sim/share/nav2_minimal_tb3_sim/environment/path.dsv
[3.305s] -- Up-to-date symlink: /home/panagiotagrosd/ros2_ws/install/nav2_minimal_tb3_sim/share/nav2_minimal_tb3_sim/local_setup.bash
[3.308s] -- Up-to-date symlink: /home/panagiotagrosd/ros2_ws/install/nav2_minimal_tb3_sim/share/nav2_minimal_tb3_sim/local_setup.sh
[3.311s] -- Up-to-date symlink: /home/panagiotagrosd/ros2_ws/install/nav2_minimal_tb3_sim/share/nav2_minimal_tb3_sim/local_setup.zsh
[3.319s] -- Up-to-date symlink: /home/panagiotagrosd/ros2_ws/install/nav2_minimal_tb3_sim/share/nav2_minimal_tb3_sim/local_setup.dsv
[3.319s] -- Symlinking: /home/panagiotagrosd/ros2_ws/install/nav2_minimal_tb3_sim/share/nav2_minimal_tb3_sim/package.dsv
[3.456s] -- Up-to-date symlink: /home/panagiotagrosd/ros2_ws/install/nav2_minimal_tb3_sim/share/ament_index/resource_index/packages/nav2_minimal_tb3_sim
[3.457s] -- Up-to-date symlink: /home/panagiotagrosd/ros2_ws/install/nav2_minimal_tb3_sim/share/nav2_minimal_tb3_sim/cmake/nav2_minimal_tb3_simConfig.cmake
[3.457s] -- Up-to-date symlink: /home/panagiotagrosd/ros2_ws/install/nav2_minimal_tb3_sim/share/nav2_minimal_tb3_sim/cmake/nav2_minimal_tb3_simConfig-version.cmake
[3.462s] -- Up-to-date symlink: /home/panagiotagrosd/ros2_ws/install/nav2_minimal_tb3_sim/share/nav2_minimal_tb3_sim/package.xml
[3.631s] Invoked command in '/home/panagiotagrosd/ros2_ws/build/nav2_minimal_tb3_sim' returned '0': CMAKE_PREFIX_PATH=${CMAKE_PREFIX_PATH}:/home/panagiotagrosd/ros2_ws/install/nav_research:/home/panagiotagrosd/ros2_ws/install/dynamic_nav:/home/panagiotagrosd/dyn_nav_ws/install/dynamic_nav:/opt/ros/jazzy /usr/bin/cmake --install /home/panagiotagrosd/ros2_ws/build/nav2_minimal_tb3_sim
