running egg_info
writing ../../build/tb3_slam/tb3_slam.egg-info/PKG-INFO
writing dependency_links to ../../build/tb3_slam/tb3_slam.egg-info/dependency_links.txt
writing requirements to ../../build/tb3_slam/tb3_slam.egg-info/requires.txt
writing top-level names to ../../build/tb3_slam/tb3_slam.egg-info/top_level.txt
reading manifest file '../../build/tb3_slam/tb3_slam.egg-info/SOURCES.txt'
writing manifest file '../../build/tb3_slam/tb3_slam.egg-info/SOURCES.txt'
running build
running build_py
running install
running install_lib
running install_data
creating /home/panagiotagrosd/ros2_ws/install/tb3_slam/share/tb3_slam/launch
copying launch/online_async_slam.launch.py -> /home/panagiotagrosd/ros2_ws/install/tb3_slam/share/tb3_slam/launch
creating /home/panagiotagrosd/ros2_ws/install/tb3_slam/share/tb3_slam/config
copying config/slam_toolbox_params.yaml -> /home/panagiotagrosd/ros2_ws/install/tb3_slam/share/tb3_slam/config
running install_egg_info
removing '/home/panagiotagrosd/ros2_ws/install/tb3_slam/lib/python3.12/site-packages/tb3_slam-0.0.0-py3.12.egg-info' (and everything under it)
Copying ../../build/tb3_slam/tb3_slam.egg-info to /home/panagiotagrosd/ros2_ws/install/tb3_slam/lib/python3.12/site-packages/tb3_slam-0.0.0-py3.12.egg-info
running install_scripts
writing list of installed files to '/home/panagiotagrosd/ros2_ws/build/tb3_slam/install.log'
