[1.812s] Invoking command in '/home/panagiotagrosd/ros2_ws/src/tb3_sim_bringup': PYTHONPATH=/home/panagiotagrosd/ros2_ws/build/tb3_sim_bringup/prefix_override:/usr/lib/python3/dist-packages/colcon_core/task/python/colcon_distutils_commands:/home/panagiotagrosd/ros2_ws/install/tb3_sim_bringup/lib/python3.12/site-packages:${PYTHONPATH} /usr/bin/python3 -W ignore:setup.py install is deprecated -W ignore:easy_install command is deprecated setup.py egg_info --egg-base ../../build/tb3_sim_bringup build --build-base /home/panagiotagrosd/ros2_ws/build/tb3_sim_bringup/build install --record /home/panagiotagrosd/ros2_ws/build/tb3_sim_bringup/install.log --single-version-externally-managed install_data
[2.280s] running egg_info
[2.311s] writing ../../build/tb3_sim_bringup/tb3_sim_bringup.egg-info/PKG-INFO
[2.312s] writing dependency_links to ../../build/tb3_sim_bringup/tb3_sim_bringup.egg-info/dependency_links.txt
[2.312s] writing requirements to ../../build/tb3_sim_bringup/tb3_sim_bringup.egg-info/requires.txt
[2.312s] writing top-level names to ../../build/tb3_sim_bringup/tb3_sim_bringup.egg-info/top_level.txt
[2.389s] reading manifest file '../../build/tb3_sim_bringup/tb3_sim_bringup.egg-info/SOURCES.txt'
[2.390s] writing manifest file '../../build/tb3_sim_bringup/tb3_sim_bringup.egg-info/SOURCES.txt'
[2.390s] running build
[2.390s] running build_py
[2.391s] running install
[2.398s] running install_lib
[2.435s] running install_data
[2.435s] creating /home/panagiotagrosd/ros2_ws/install/tb3_sim_bringup/share/tb3_sim_bringup/launch
[2.437s] copying launch/gazebo_tb3.launch.py -> /home/panagiotagrosd/ros2_ws/install/tb3_sim_bringup/share/tb3_sim_bringup/launch
[2.437s] creating /home/panagiotagrosd/ros2_ws/install/tb3_sim_bringup/share/tb3_sim_bringup/worlds
[2.438s] copying worlds/lab_world.sdf -> /home/panagiotagrosd/ros2_ws/install/tb3_sim_bringup/share/tb3_sim_bringup/worlds
[2.438s] running install_egg_info
[2.477s] removing '/home/panagiotagrosd/ros2_ws/install/tb3_sim_bringup/lib/python3.12/site-packages/tb3_sim_bringup-0.0.0-py3.12.egg-info' (and everything under it)
[2.478s] Copying ../../build/tb3_sim_bringup/tb3_sim_bringup.egg-info to /home/panagiotagrosd/ros2_ws/install/tb3_sim_bringup/lib/python3.12/site-packages/tb3_sim_bringup-0.0.0-py3.12.egg-info
[2.482s] running install_scripts
[2.725s] writing list of installed files to '/home/panagiotagrosd/ros2_ws/build/tb3_sim_bringup/install.log'
[2.778s] Invoked command in '/home/panagiotagrosd/ros2_ws/src/tb3_sim_bringup' returned '0': PYTHONPATH=/home/panagiotagrosd/ros2_ws/build/tb3_sim_bringup/prefix_override:/usr/lib/python3/dist-packages/colcon_core/task/python/colcon_distutils_commands:/home/panagiotagrosd/ros2_ws/install/tb3_sim_bringup/lib/python3.12/site-packages:${PYTHONPATH} /usr/bin/python3 -W ignore:setup.py install is deprecated -W ignore:easy_install command is deprecated setup.py egg_info --egg-base ../../build/tb3_sim_bringup build --build-base /home/panagiotagrosd/ros2_ws/build/tb3_sim_bringup/build install --record /home/panagiotagrosd/ros2_ws/build/tb3_sim_bringup/install.log --single-version-externally-managed install_data
