[4.100s] Invoking command in '/home/panagiotagrosd/ros2_ws/src/dynamic_nav': PYTHONPATH=/home/panagiotagrosd/ros2_ws/build/dynamic_nav/prefix_override:/usr/lib/python3/dist-packages/colcon_core/task/python/colcon_distutils_commands:/home/panagiotagrosd/ros2_ws/install/dynamic_nav/lib/python3.12/site-packages:${PYTHONPATH} /usr/bin/python3 -W ignore:setup.py install is deprecated -W ignore:easy_install command is deprecated setup.py egg_info --egg-base ../../build/dynamic_nav build --build-base /home/panagiotagrosd/ros2_ws/build/dynamic_nav/build install --record /home/panagiotagrosd/ros2_ws/build/dynamic_nav/install.log --single-version-externally-managed install_data
[5.338s] running egg_info
[5.404s] writing ../../build/dynamic_nav/dynamic_nav.egg-info/PKG-INFO
[5.407s] writing dependency_links to ../../build/dynamic_nav/dynamic_nav.egg-info/dependency_links.txt
[5.408s] writing entry points to ../../build/dynamic_nav/dynamic_nav.egg-info/entry_points.txt
[5.408s] writing requirements to ../../build/dynamic_nav/dynamic_nav.egg-info/requires.txt
[5.409s] writing top-level names to ../../build/dynamic_nav/dynamic_nav.egg-info/top_level.txt
[5.545s] reading manifest file '../../build/dynamic_nav/dynamic_nav.egg-info/SOURCES.txt'
[5.548s] writing manifest file '../../build/dynamic_nav/dynamic_nav.egg-info/SOURCES.txt'
[5.548s] running build
[5.549s] running build_py
[5.553s] running install
[5.572s] running install_lib
[5.645s] running install_data
[5.645s] running install_egg_info
[5.716s] removing '/home/panagiotagrosd/ros2_ws/install/dynamic_nav/lib/python3.12/site-packages/dynamic_nav-0.0.0-py3.12.egg-info' (and everything under it)
[5.719s] Copying ../../build/dynamic_nav/dynamic_nav.egg-info to /home/panagiotagrosd/ros2_ws/install/dynamic_nav/lib/python3.12/site-packages/dynamic_nav-0.0.0-py3.12.egg-info
[5.725s] running install_scripts
[6.301s] Installing dynamic_nav_node script to /home/panagiotagrosd/ros2_ws/install/dynamic_nav/lib/dynamic_nav
[6.302s] writing list of installed files to '/home/panagiotagrosd/ros2_ws/build/dynamic_nav/install.log'
[6.405s] Invoked command in '/home/panagiotagrosd/ros2_ws/src/dynamic_nav' returned '0': PYTHONPATH=/home/panagiotagrosd/ros2_ws/build/dynamic_nav/prefix_override:/usr/lib/python3/dist-packages/colcon_core/task/python/colcon_distutils_commands:/home/panagiotagrosd/ros2_ws/install/dynamic_nav/lib/python3.12/site-packages:${PYTHONPATH} /usr/bin/python3 -W ignore:setup.py install is deprecated -W ignore:easy_install command is deprecated setup.py egg_info --egg-base ../../build/dynamic_nav build --build-base /home/panagiotagrosd/ros2_ws/build/dynamic_nav/build install --record /home/panagiotagrosd/ros2_ws/build/dynamic_nav/install.log --single-version-externally-managed install_data
