[3.386s] Invoking command in '/home/panagiotagrosd/ros2_ws/src/dynamic_nav': PYTHONPATH=/home/panagiotagrosd/ros2_ws/build/dynamic_nav/prefix_override:/usr/lib/python3/dist-packages/colcon_core/task/python/colcon_distutils_commands:/home/panagiotagrosd/ros2_ws/install/dynamic_nav/lib/python3.12/site-packages:${PYTHONPATH} /usr/bin/python3 -W ignore:setup.py install is deprecated -W ignore:easy_install command is deprecated setup.py egg_info --egg-base ../../build/dynamic_nav build --build-base /home/panagiotagrosd/ros2_ws/build/dynamic_nav/build install --record /home/panagiotagrosd/ros2_ws/build/dynamic_nav/install.log --single-version-externally-managed install_data
[4.253s] running egg_info
[4.314s] writing ../../build/dynamic_nav/dynamic_nav.egg-info/PKG-INFO
[4.318s] writing dependency_links to ../../build/dynamic_nav/dynamic_nav.egg-info/dependency_links.txt
[4.323s] writing entry points to ../../build/dynamic_nav/dynamic_nav.egg-info/entry_points.txt
[4.325s] writing requirements to ../../build/dynamic_nav/dynamic_nav.egg-info/requires.txt
[4.325s] writing top-level names to ../../build/dynamic_nav/dynamic_nav.egg-info/top_level.txt
[4.495s] reading manifest file '../../build/dynamic_nav/dynamic_nav.egg-info/SOURCES.txt'
[4.496s] writing manifest file '../../build/dynamic_nav/dynamic_nav.egg-info/SOURCES.txt'
[4.496s] running build
[4.496s] running build_py
[4.496s] running install
[4.514s] running install_lib
[4.679s] running install_data
[4.681s] running install_egg_info
[4.880s] removing '/home/panagiotagrosd/ros2_ws/install/dynamic_nav/lib/python3.12/site-packages/dynamic_nav-0.0.0-py3.12.egg-info' (and everything under it)
[4.881s] Copying ../../build/dynamic_nav/dynamic_nav.egg-info to /home/panagiotagrosd/ros2_ws/install/dynamic_nav/lib/python3.12/site-packages/dynamic_nav-0.0.0-py3.12.egg-info
[4.895s] running install_scripts
[5.375s] Installing dynamic_nav_node script to /home/panagiotagrosd/ros2_ws/install/dynamic_nav/lib/dynamic_nav
[5.377s] writing list of installed files to '/home/panagiotagrosd/ros2_ws/build/dynamic_nav/install.log'
[5.472s] Invoked command in '/home/panagiotagrosd/ros2_ws/src/dynamic_nav' returned '0': PYTHONPATH=/home/panagiotagrosd/ros2_ws/build/dynamic_nav/prefix_override:/usr/lib/python3/dist-packages/colcon_core/task/python/colcon_distutils_commands:/home/panagiotagrosd/ros2_ws/install/dynamic_nav/lib/python3.12/site-packages:${PYTHONPATH} /usr/bin/python3 -W ignore:setup.py install is deprecated -W ignore:easy_install command is deprecated setup.py egg_info --egg-base ../../build/dynamic_nav build --build-base /home/panagiotagrosd/ros2_ws/build/dynamic_nav/build install --record /home/panagiotagrosd/ros2_ws/build/dynamic_nav/install.log --single-version-externally-managed install_data
