[2.362s] Invoking command in '/home/panagiotagrosd/ros2_ws/build/nav2_minimal_tb3_sim': CMAKE_PREFIX_PATH=${CMAKE_PREFIX_PATH}:/home/panagiotagrosd/ros2_ws/install/nav_research:/home/panagiotagrosd/ros2_ws/install/dynamic_nav:/home/panagiotagrosd/dyn_nav_ws/install/dynamic_nav:/opt/ros/jazzy /usr/bin/cmake --build /home/panagiotagrosd/ros2_ws/build/nav2_minimal_tb3_sim -- -j4 -l4
[4.864s] Invoked command in '/home/panagiotagrosd/ros2_ws/build/nav2_minimal_tb3_sim' returned '0': CMAKE_PREFIX_PATH=${CMAKE_PREFIX_PATH}:/home/panagiotagrosd/ros2_ws/install/nav_research:/home/panagiotagrosd/ros2_ws/install/dynamic_nav:/home/panagiotagrosd/dyn_nav_ws/install/dynamic_nav:/opt/ros/jazzy /usr/bin/cmake --build /home/panagiotagrosd/ros2_ws/build/nav2_minimal_tb3_sim -- -j4 -l4
[4.866s] Invoking command in '/home/panagiotagrosd/ros2_ws/build/nav2_minimal_tb3_sim': CMAKE_PREFIX_PATH=${CMAKE_PREFIX_PATH}:/home/panagiotagrosd/ros2_ws/install/nav_research:/home/panagiotagrosd/ros2_ws/install/dynamic_nav:/home/panagiotagrosd/dyn_nav_ws/install/dynamic_nav:/opt/ros/jazzy /usr/bin/cmake --install /home/panagiotagrosd/ros2_ws/build/nav2_minimal_tb3_sim
[5.045s] -- Install configuration: ""
[5.046s] -- Execute custom install script
[5.046s] -- Up-to-date symlink: /home/panagiotagrosd/ros2_ws/install/nav2_minimal_tb3_sim/share/nav2_minimal_tb3_sim/configs/turtlebot3_waffle_bridge.yaml
[5.047s] -- Up-to-date symlink: /home/panagiotagrosd/ros2_ws/install/nav2_minimal_tb3_sim/share/nav2_minimal_tb3_sim/configs/turtlebot3_waffle_gps_bridge.yaml
[5.052s] -- Up-to-date symlink: /home/panagiotagrosd/ros2_ws/install/nav2_minimal_tb3_sim/share/nav2_minimal_tb3_sim/launch/spawn_tb3.launch.py
[5.058s] -- Up-to-date symlink: /home/panagiotagrosd/ros2_ws/install/nav2_minimal_tb3_sim/share/nav2_minimal_tb3_sim/launch/spawn_tb3_gps.launch.py
[5.059s] -- Up-to-date symlink: /home/panagiotagrosd/ros2_ws/install/nav2_minimal_tb3_sim/share/nav2_minimal_tb3_sim/worlds/tb3_empty_world.sdf.xacro
[5.059s] -- Up-to-date symlink: /home/panagiotagrosd/ros2_ws/install/nav2_minimal_tb3_sim/share/nav2_minimal_tb3_sim/worlds/tb3_sandbox.sdf.xacro
[5.060s] -- Up-to-date symlink: /home/panagiotagrosd/ros2_ws/install/nav2_minimal_tb3_sim/share/nav2_minimal_tb3_sim/urdf/gz_waffle.sdf.xacro
[5.060s] -- Up-to-date symlink: /home/panagiotagrosd/ros2_ws/install/nav2_minimal_tb3_sim/share/nav2_minimal_tb3_sim/urdf/gz_waffle_gps.sdf.xacro
[5.060s] -- Up-to-date symlink: /home/panagiotagrosd/ros2_ws/install/nav2_minimal_tb3_sim/share/nav2_minimal_tb3_sim/urdf/turtlebot3_waffle.urdf
[5.061s] -- Up-to-date symlink: /home/panagiotagrosd/ros2_ws/install/nav2_minimal_tb3_sim/share/nav2_minimal_tb3_sim/urdf/turtlebot3_waffle_gps.urdf
[5.076s] -- Up-to-date symlink: /home/panagiotagrosd/ros2_ws/install/nav2_minimal_tb3_sim/share/nav2_minimal_tb3_sim/models/turtlebot3_model/meshes/lds.dae
[5.085s] -- Up-to-date symlink: /home/panagiotagrosd/ros2_ws/install/nav2_minimal_tb3_sim/share/nav2_minimal_tb3_sim/models/turtlebot3_model/meshes/r200.dae
[5.085s] -- Up-to-date symlink: /home/panagiotagrosd/ros2_ws/install/nav2_minimal_tb3_sim/share/nav2_minimal_tb3_sim/models/turtlebot3_model/meshes/tire.dae
[5.085s] -- Up-to-date symlink: /home/panagiotagrosd/ros2_ws/install/nav2_minimal_tb3_sim/share/nav2_minimal_tb3_sim/models/turtlebot3_model/meshes/waffle_base.dae
[5.086s] -- Up-to-date symlink: /home/panagiotagrosd/ros2_ws/install/nav2_minimal_tb3_sim/share/nav2_minimal_tb3_sim/models/turtlebot3_model/model.config
[5.086s] -- Up-to-date symlink: /home/panagiotagrosd/ros2_ws/install/nav2_minimal_tb3_sim/share/nav2_minimal_tb3_sim/models/turtlebot3_world/meshes/hexagon.dae
[5.086s] -- Up-to-date symlink: /home/panagiotagrosd/ros2_ws/install/nav2_minimal_tb3_sim/share/nav2_minimal_tb3_sim/models/turtlebot3_world/meshes/wall.dae
[5.087s] -- Up-to-date symlink: /home/panagiotagrosd/ros2_ws/install/nav2_minimal_tb3_sim/share/nav2_minimal_tb3_sim/models/turtlebot3_world/model-1_4.sdf
[5.087s] -- Up-to-date symlink: /home/panagiotagrosd/ros2_ws/install/nav2_minimal_tb3_sim/share/nav2_minimal_tb3_sim/models/turtlebot3_world/model.config
[5.087s] -- Up-to-date symlink: /home/panagiotagrosd/ros2_ws/install/nav2_minimal_tb3_sim/share/nav2_minimal_tb3_sim/models/turtlebot3_world/model.sdf
[5.112s] -- Up-to-date symlink: /home/panagiotagrosd/ros2_ws/install/nav2_minimal_tb3_sim/share/ament_index/resource_index/package_run_dependencies/nav2_minimal_tb3_sim
[5.112s] -- Up-to-date symlink: /home/panagiotagrosd/ros2_ws/install/nav2_minimal_tb3_sim/share/ament_index/resource_index/parent_prefix_path/nav2_minimal_tb3_sim
[5.112s] -- Up-to-date symlink: /home/panagiotagrosd/ros2_ws/install/nav2_minimal_tb3_sim/share/nav2_minimal_tb3_sim/environment/ament_prefix_path.sh
[5.113s] -- Up-to-date symlink: /home/panagiotagrosd/ros2_ws/install/nav2_minimal_tb3_sim/share/nav2_minimal_tb3_sim/environment/ament_prefix_path.dsv
[5.113s] -- Up-to-date symlink: /home/panagiotagrosd/ros2_ws/install/nav2_minimal_tb3_sim/share/nav2_minimal_tb3_sim/environment/path.sh
[5.113s] -- Up-to-date symlink: /home/panagiotagrosd/ros2_ws/install/nav2_minimal_tb3_sim/share/nav2_minimal_tb3_sim/environment/path.dsv
[5.113s] -- Up-to-date symlink: /home/panagiotagrosd/ros2_ws/install/nav2_minimal_tb3_sim/share/nav2_minimal_tb3_sim/local_setup.bash
[5.113s] -- Up-to-date symlink: /home/panagiotagrosd/ros2_ws/install/nav2_minimal_tb3_sim/share/nav2_minimal_tb3_sim/local_setup.sh
[5.114s] -- Up-to-date symlink: /home/panagiotagrosd/ros2_ws/install/nav2_minimal_tb3_sim/share/nav2_minimal_tb3_sim/local_setup.zsh
[5.114s] -- Up-to-date symlink: /home/panagiotagrosd/ros2_ws/install/nav2_minimal_tb3_sim/share/nav2_minimal_tb3_sim/local_setup.dsv
[5.114s] -- Symlinking: /home/panagiotagrosd/ros2_ws/install/nav2_minimal_tb3_sim/share/nav2_minimal_tb3_sim/package.dsv
[5.172s] -- Up-to-date symlink: /home/panagiotagrosd/ros2_ws/install/nav2_minimal_tb3_sim/share/ament_index/resource_index/packages/nav2_minimal_tb3_sim
[5.172s] -- Up-to-date symlink: /home/panagiotagrosd/ros2_ws/install/nav2_minimal_tb3_sim/share/nav2_minimal_tb3_sim/cmake/nav2_minimal_tb3_simConfig.cmake
[5.180s] -- Up-to-date symlink: /home/panagiotagrosd/ros2_ws/install/nav2_minimal_tb3_sim/share/nav2_minimal_tb3_sim/cmake/nav2_minimal_tb3_simConfig-version.cmake
[5.180s] -- Up-to-date symlink: /home/panagiotagrosd/ros2_ws/install/nav2_minimal_tb3_sim/share/nav2_minimal_tb3_sim/package.xml
[5.201s] Invoked command in '/home/panagiotagrosd/ros2_ws/build/nav2_minimal_tb3_sim' returned '0': CMAKE_PREFIX_PATH=${CMAKE_PREFIX_PATH}:/home/panagiotagrosd/ros2_ws/install/nav_research:/home/panagiotagrosd/ros2_ws/install/dynamic_nav:/home/panagiotagrosd/dyn_nav_ws/install/dynamic_nav:/opt/ros/jazzy /usr/bin/cmake --install /home/panagiotagrosd/ros2_ws/build/nav2_minimal_tb3_sim
