[13.727s] Invoking command in '/home/panagiotagrosd/ros2_ws/build/nav_research': PYTHONPATH=/home/panagiotagrosd/ros2_ws/build/nav_research/prefix_override:/usr/lib/python3/dist-packages/colcon_core/task/python/colcon_distutils_commands:/home/panagiotagrosd/ros2_ws/install/nav_research/lib/python3.12/site-packages:${PYTHONPATH} /usr/bin/python3 -W ignore:setup.py install is deprecated -W ignore:easy_install command is deprecated setup.py develop --editable --build-directory /home/panagiotagrosd/ros2_ws/build/nav_research/build --no-deps symlink_data
[17.612s] running develop
[20.425s] running egg_info
[20.430s] creating nav_research.egg-info
[20.672s] writing nav_research.egg-info/PKG-INFO
[20.679s] writing dependency_links to nav_research.egg-info/dependency_links.txt
[20.679s] writing requirements to nav_research.egg-info/requires.txt
[20.679s] writing top-level names to nav_research.egg-info/top_level.txt
[20.680s] writing manifest file 'nav_research.egg-info/SOURCES.txt'
[21.353s] reading manifest file 'nav_research.egg-info/SOURCES.txt'
[21.353s] writing manifest file 'nav_research.egg-info/SOURCES.txt'
[21.733s] running build_ext
[21.734s] Creating /home/panagiotagrosd/ros2_ws/install/nav_research/lib/python3.12/site-packages/nav-research.egg-link (link to .)
[21.734s] 
[21.734s] Installed /home/panagiotagrosd/ros2_ws/build/nav_research
[21.735s] running symlink_data
[21.735s] creating /home/panagiotagrosd/ros2_ws/install/nav_research/share/ament_index
[21.754s] creating /home/panagiotagrosd/ros2_ws/install/nav_research/share/ament_index/resource_index
[21.755s] creating /home/panagiotagrosd/ros2_ws/install/nav_research/share/ament_index/resource_index/packages
[21.759s] symbolically linking /home/panagiotagrosd/ros2_ws/build/nav_research/resource/nav_research -> /home/panagiotagrosd/ros2_ws/install/nav_research/share/ament_index/resource_index/packages
[21.759s] symbolically linking /home/panagiotagrosd/ros2_ws/build/nav_research/package.xml -> /home/panagiotagrosd/ros2_ws/install/nav_research/share/nav_research
[21.761s] creating /home/panagiotagrosd/ros2_ws/install/nav_research/share/nav_research/launch
[21.784s] symbolically linking /home/panagiotagrosd/ros2_ws/build/nav_research/launch/bringup_slam.launch.py -> /home/panagiotagrosd/ros2_ws/install/nav_research/share/nav_research/launch
[21.839s] creating /home/panagiotagrosd/ros2_ws/install/nav_research/share/nav_research/config
[21.844s] symbolically linking /home/panagiotagrosd/ros2_ws/build/nav_research/config/nav2_params.yaml -> /home/panagiotagrosd/ros2_ws/install/nav_research/share/nav_research/config
[22.293s] Invoked command in '/home/panagiotagrosd/ros2_ws/build/nav_research' returned '0': PYTHONPATH=/home/panagiotagrosd/ros2_ws/build/nav_research/prefix_override:/usr/lib/python3/dist-packages/colcon_core/task/python/colcon_distutils_commands:/home/panagiotagrosd/ros2_ws/install/nav_research/lib/python3.12/site-packages:${PYTHONPATH} /usr/bin/python3 -W ignore:setup.py install is deprecated -W ignore:easy_install command is deprecated setup.py develop --editable --build-directory /home/panagiotagrosd/ros2_ws/build/nav_research/build --no-deps symlink_data
