[0.288s] Invoking command in '/home/panagiotagrosd/ros2_ws/build/nav2_minimal_tb4_description': CMAKE_PREFIX_PATH=${CMAKE_PREFIX_PATH}:/home/panagiotagrosd/ros2_ws/install/nav_research:/home/panagiotagrosd/ros2_ws/install/dynamic_nav:/home/panagiotagrosd/dyn_nav_ws/install/dynamic_nav:/opt/ros/jazzy /usr/bin/cmake --build /home/panagiotagrosd/ros2_ws/build/nav2_minimal_tb4_description -- -j4 -l4
[4.128s] Invoked command in '/home/panagiotagrosd/ros2_ws/build/nav2_minimal_tb4_description' returned '0': CMAKE_PREFIX_PATH=${CMAKE_PREFIX_PATH}:/home/panagiotagrosd/ros2_ws/install/nav_research:/home/panagiotagrosd/ros2_ws/install/dynamic_nav:/home/panagiotagrosd/dyn_nav_ws/install/dynamic_nav:/opt/ros/jazzy /usr/bin/cmake --build /home/panagiotagrosd/ros2_ws/build/nav2_minimal_tb4_description -- -j4 -l4
[4.222s] Invoking command in '/home/panagiotagrosd/ros2_ws/build/nav2_minimal_tb4_description': CMAKE_PREFIX_PATH=${CMAKE_PREFIX_PATH}:/home/panagiotagrosd/ros2_ws/install/nav_research:/home/panagiotagrosd/ros2_ws/install/dynamic_nav:/home/panagiotagrosd/dyn_nav_ws/install/dynamic_nav:/opt/ros/jazzy /usr/bin/cmake --install /home/panagiotagrosd/ros2_ws/build/nav2_minimal_tb4_description
[4.344s] -- Install configuration: ""
[4.344s] -- Execute custom install script
[4.345s] -- Up-to-date symlink: /home/panagiotagrosd/ros2_ws/install/nav2_minimal_tb4_description/share/nav2_minimal_tb4_description/environment/tb4_description.dsv
[4.371s] -- Up-to-date symlink: /home/panagiotagrosd/ros2_ws/install/nav2_minimal_tb4_description/share/nav2_minimal_tb4_description/launch/robot_description.launch.py
[4.382s] -- Up-to-date symlink: /home/panagiotagrosd/ros2_ws/install/nav2_minimal_tb4_description/share/nav2_minimal_tb4_description/meshes/body_visual.dae
[4.387s] -- Up-to-date symlink: /home/panagiotagrosd/ros2_ws/install/nav2_minimal_tb4_description/share/nav2_minimal_tb4_description/meshes/bumper_collision.dae
[4.400s] -- Up-to-date symlink: /home/panagiotagrosd/ros2_ws/install/nav2_minimal_tb4_description/share/nav2_minimal_tb4_description/meshes/bumper_visual.dae
[4.400s] -- Up-to-date symlink: /home/panagiotagrosd/ros2_ws/install/nav2_minimal_tb4_description/share/nav2_minimal_tb4_description/meshes/camera_bracket.dae
[4.400s] -- Up-to-date symlink: /home/panagiotagrosd/ros2_ws/install/nav2_minimal_tb4_description/share/nav2_minimal_tb4_description/meshes/oakd_pro.dae
[4.401s] -- Up-to-date symlink: /home/panagiotagrosd/ros2_ws/install/nav2_minimal_tb4_description/share/nav2_minimal_tb4_description/meshes/rplidar.dae
[4.401s] -- Up-to-date symlink: /home/panagiotagrosd/ros2_ws/install/nav2_minimal_tb4_description/share/nav2_minimal_tb4_description/meshes/shell.dae
[4.401s] -- Up-to-date symlink: /home/panagiotagrosd/ros2_ws/install/nav2_minimal_tb4_description/share/nav2_minimal_tb4_description/meshes/shell_collision.dae
[4.411s] -- Up-to-date symlink: /home/panagiotagrosd/ros2_ws/install/nav2_minimal_tb4_description/share/nav2_minimal_tb4_description/meshes/tower.dae
[4.411s] -- Up-to-date symlink: /home/panagiotagrosd/ros2_ws/install/nav2_minimal_tb4_description/share/nav2_minimal_tb4_description/meshes/tower_sensor_plate.dae
[4.419s] -- Up-to-date symlink: /home/panagiotagrosd/ros2_ws/install/nav2_minimal_tb4_description/share/nav2_minimal_tb4_description/meshes/tower_standoff.dae
[4.420s] -- Up-to-date symlink: /home/panagiotagrosd/ros2_ws/install/nav2_minimal_tb4_description/share/nav2_minimal_tb4_description/meshes/weight_block.dae
[4.420s] -- Up-to-date symlink: /home/panagiotagrosd/ros2_ws/install/nav2_minimal_tb4_description/share/nav2_minimal_tb4_description/urdf/icreate/bumper.urdf.xacro
[4.420s] -- Up-to-date symlink: /home/panagiotagrosd/ros2_ws/install/nav2_minimal_tb4_description/share/nav2_minimal_tb4_description/urdf/icreate/caster.urdf.xacro
[4.420s] -- Up-to-date symlink: /home/panagiotagrosd/ros2_ws/install/nav2_minimal_tb4_description/share/nav2_minimal_tb4_description/urdf/icreate/common_properties.urdf.xacro
[4.420s] -- Up-to-date symlink: /home/panagiotagrosd/ros2_ws/install/nav2_minimal_tb4_description/share/nav2_minimal_tb4_description/urdf/icreate/create3.urdf.xacro
[4.421s] -- Up-to-date symlink: /home/panagiotagrosd/ros2_ws/install/nav2_minimal_tb4_description/share/nav2_minimal_tb4_description/urdf/icreate/sensors/imu.urdf.xacro
[4.421s] -- Up-to-date symlink: /home/panagiotagrosd/ros2_ws/install/nav2_minimal_tb4_description/share/nav2_minimal_tb4_description/urdf/icreate/wheel.urdf.xacro
[4.434s] -- Up-to-date symlink: /home/panagiotagrosd/ros2_ws/install/nav2_minimal_tb4_description/share/nav2_minimal_tb4_description/urdf/sensors/camera_bracket.urdf.xacro
[4.434s] -- Up-to-date symlink: /home/panagiotagrosd/ros2_ws/install/nav2_minimal_tb4_description/share/nav2_minimal_tb4_description/urdf/sensors/oakd.urdf.xacro
[4.434s] -- Up-to-date symlink: /home/panagiotagrosd/ros2_ws/install/nav2_minimal_tb4_description/share/nav2_minimal_tb4_description/urdf/sensors/rplidar.urdf.xacro
[4.434s] -- Up-to-date symlink: /home/panagiotagrosd/ros2_ws/install/nav2_minimal_tb4_description/share/nav2_minimal_tb4_description/urdf/standard/tower_sensor_plate.urdf.xacro
[4.439s] -- Up-to-date symlink: /home/panagiotagrosd/ros2_ws/install/nav2_minimal_tb4_description/share/nav2_minimal_tb4_description/urdf/standard/tower_standoff.urdf.xacro
[4.444s] -- Up-to-date symlink: /home/panagiotagrosd/ros2_ws/install/nav2_minimal_tb4_description/share/nav2_minimal_tb4_description/urdf/standard/turtlebot4.urdf.xacro
[4.445s] -- Up-to-date symlink: /home/panagiotagrosd/ros2_ws/install/nav2_minimal_tb4_description/share/nav2_minimal_tb4_description/urdf/standard/weight_block.urdf.xacro
[4.445s] -- Up-to-date symlink: /home/panagiotagrosd/ros2_ws/install/nav2_minimal_tb4_description/share/nav2_minimal_tb4_description/rviz/config.rviz
[4.445s] -- Up-to-date symlink: /home/panagiotagrosd/ros2_ws/install/nav2_minimal_tb4_description/share/ament_index/resource_index/package_run_dependencies/nav2_minimal_tb4_description
[4.448s] -- Up-to-date symlink: /home/panagiotagrosd/ros2_ws/install/nav2_minimal_tb4_description/share/ament_index/resource_index/parent_prefix_path/nav2_minimal_tb4_description
[4.448s] -- Up-to-date symlink: /home/panagiotagrosd/ros2_ws/install/nav2_minimal_tb4_description/share/nav2_minimal_tb4_description/environment/ament_prefix_path.sh
[4.449s] -- Up-to-date symlink: /home/panagiotagrosd/ros2_ws/install/nav2_minimal_tb4_description/share/nav2_minimal_tb4_description/environment/ament_prefix_path.dsv
[4.449s] -- Up-to-date symlink: /home/panagiotagrosd/ros2_ws/install/nav2_minimal_tb4_description/share/nav2_minimal_tb4_description/environment/path.sh
[4.454s] -- Up-to-date symlink: /home/panagiotagrosd/ros2_ws/install/nav2_minimal_tb4_description/share/nav2_minimal_tb4_description/environment/path.dsv
[4.455s] -- Up-to-date symlink: /home/panagiotagrosd/ros2_ws/install/nav2_minimal_tb4_description/share/nav2_minimal_tb4_description/local_setup.bash
[4.455s] -- Up-to-date symlink: /home/panagiotagrosd/ros2_ws/install/nav2_minimal_tb4_description/share/nav2_minimal_tb4_description/local_setup.sh
[4.456s] -- Up-to-date symlink: /home/panagiotagrosd/ros2_ws/install/nav2_minimal_tb4_description/share/nav2_minimal_tb4_description/local_setup.zsh
[4.459s] -- Up-to-date symlink: /home/panagiotagrosd/ros2_ws/install/nav2_minimal_tb4_description/share/nav2_minimal_tb4_description/local_setup.dsv
[4.469s] -- Symlinking: /home/panagiotagrosd/ros2_ws/install/nav2_minimal_tb4_description/share/nav2_minimal_tb4_description/package.dsv
[4.569s] -- Up-to-date symlink: /home/panagiotagrosd/ros2_ws/install/nav2_minimal_tb4_description/share/ament_index/resource_index/packages/nav2_minimal_tb4_description
[4.570s] -- Up-to-date symlink: /home/panagiotagrosd/ros2_ws/install/nav2_minimal_tb4_description/share/nav2_minimal_tb4_description/cmake/nav2_minimal_tb4_descriptionConfig.cmake
[4.570s] -- Up-to-date symlink: /home/panagiotagrosd/ros2_ws/install/nav2_minimal_tb4_description/share/nav2_minimal_tb4_description/cmake/nav2_minimal_tb4_descriptionConfig-version.cmake
[4.570s] -- Up-to-date symlink: /home/panagiotagrosd/ros2_ws/install/nav2_minimal_tb4_description/share/nav2_minimal_tb4_description/package.xml
[4.635s] Invoked command in '/home/panagiotagrosd/ros2_ws/build/nav2_minimal_tb4_description' returned '0': CMAKE_PREFIX_PATH=${CMAKE_PREFIX_PATH}:/home/panagiotagrosd/ros2_ws/install/nav_research:/home/panagiotagrosd/ros2_ws/install/dynamic_nav:/home/panagiotagrosd/dyn_nav_ws/install/dynamic_nav:/opt/ros/jazzy /usr/bin/cmake --install /home/panagiotagrosd/ros2_ws/build/nav2_minimal_tb4_description
