[3.954s] Invoking command in '/home/panagiotagrosd/ros2_ws/src/dynamic_nav': PYTHONPATH=/home/panagiotagrosd/ros2_ws/build/dynamic_nav/prefix_override:/usr/lib/python3/dist-packages/colcon_core/task/python/colcon_distutils_commands:/home/panagiotagrosd/ros2_ws/install/dynamic_nav/lib/python3.12/site-packages:${PYTHONPATH} /usr/bin/python3 -W ignore:setup.py install is deprecated -W ignore:easy_install command is deprecated setup.py egg_info --egg-base ../../build/dynamic_nav build --build-base /home/panagiotagrosd/ros2_ws/build/dynamic_nav/build install --record /home/panagiotagrosd/ros2_ws/build/dynamic_nav/install.log --single-version-externally-managed install_data
[5.132s] running egg_info
[5.235s] writing ../../build/dynamic_nav/dynamic_nav.egg-info/PKG-INFO
[5.235s] writing dependency_links to ../../build/dynamic_nav/dynamic_nav.egg-info/dependency_links.txt
[5.235s] writing entry points to ../../build/dynamic_nav/dynamic_nav.egg-info/entry_points.txt
[5.235s] writing requirements to ../../build/dynamic_nav/dynamic_nav.egg-info/requires.txt
[5.236s] writing top-level names to ../../build/dynamic_nav/dynamic_nav.egg-info/top_level.txt
[5.384s] reading manifest file '../../build/dynamic_nav/dynamic_nav.egg-info/SOURCES.txt'
[5.388s] writing manifest file '../../build/dynamic_nav/dynamic_nav.egg-info/SOURCES.txt'
[5.393s] running build
[5.395s] running build_py
[5.395s] running install
[5.414s] running install_lib
[5.544s] running install_data
[5.550s] running install_egg_info
[5.650s] removing '/home/panagiotagrosd/ros2_ws/install/dynamic_nav/lib/python3.12/site-packages/dynamic_nav-0.0.0-py3.12.egg-info' (and everything under it)
[5.653s] Copying ../../build/dynamic_nav/dynamic_nav.egg-info to /home/panagiotagrosd/ros2_ws/install/dynamic_nav/lib/python3.12/site-packages/dynamic_nav-0.0.0-py3.12.egg-info
[5.656s] running install_scripts
[6.185s] Installing dynamic_nav_node script to /home/panagiotagrosd/ros2_ws/install/dynamic_nav/lib/dynamic_nav
[6.186s] writing list of installed files to '/home/panagiotagrosd/ros2_ws/build/dynamic_nav/install.log'
[6.369s] Invoked command in '/home/panagiotagrosd/ros2_ws/src/dynamic_nav' returned '0': PYTHONPATH=/home/panagiotagrosd/ros2_ws/build/dynamic_nav/prefix_override:/usr/lib/python3/dist-packages/colcon_core/task/python/colcon_distutils_commands:/home/panagiotagrosd/ros2_ws/install/dynamic_nav/lib/python3.12/site-packages:${PYTHONPATH} /usr/bin/python3 -W ignore:setup.py install is deprecated -W ignore:easy_install command is deprecated setup.py egg_info --egg-base ../../build/dynamic_nav build --build-base /home/panagiotagrosd/ros2_ws/build/dynamic_nav/build install --record /home/panagiotagrosd/ros2_ws/build/dynamic_nav/install.log --single-version-externally-managed install_data
