running egg_info
creating ../../build/tb3_slam/tb3_slam.egg-info
writing ../../build/tb3_slam/tb3_slam.egg-info/PKG-INFO
writing dependency_links to ../../build/tb3_slam/tb3_slam.egg-info/dependency_links.txt
writing requirements to ../../build/tb3_slam/tb3_slam.egg-info/requires.txt
writing top-level names to ../../build/tb3_slam/tb3_slam.egg-info/top_level.txt
writing manifest file '../../build/tb3_slam/tb3_slam.egg-info/SOURCES.txt'
reading manifest file '../../build/tb3_slam/tb3_slam.egg-info/SOURCES.txt'
writing manifest file '../../build/tb3_slam/tb3_slam.egg-info/SOURCES.txt'
running build
running build_py
creating /home/panagiotagrosd/ros2_ws/build/tb3_slam/build
creating /home/panagiotagrosd/ros2_ws/build/tb3_slam/build/lib
creating /home/panagiotagrosd/ros2_ws/build/tb3_slam/build/lib/tb3_slam
copying tb3_slam/__init__.py -> /home/panagiotagrosd/ros2_ws/build/tb3_slam/build/lib/tb3_slam
running install
running install_lib
creating /home/panagiotagrosd/ros2_ws/install/tb3_slam/lib/python3.12/site-packages/tb3_slam
copying /home/panagiotagrosd/ros2_ws/build/tb3_slam/build/lib/tb3_slam/__init__.py -> /home/panagiotagrosd/ros2_ws/install/tb3_slam/lib/python3.12/site-packages/tb3_slam
byte-compiling /home/panagiotagrosd/ros2_ws/install/tb3_slam/lib/python3.12/site-packages/tb3_slam/__init__.py to __init__.cpython-312.pyc
running install_data
creating /home/panagiotagrosd/ros2_ws/install/tb3_slam/share/ament_index
creating /home/panagiotagrosd/ros2_ws/install/tb3_slam/share/ament_index/resource_index
creating /home/panagiotagrosd/ros2_ws/install/tb3_slam/share/ament_index/resource_index/packages
copying resource/tb3_slam -> /home/panagiotagrosd/ros2_ws/install/tb3_slam/share/ament_index/resource_index/packages
copying package.xml -> /home/panagiotagrosd/ros2_ws/install/tb3_slam/share/tb3_slam
running install_egg_info
Copying ../../build/tb3_slam/tb3_slam.egg-info to /home/panagiotagrosd/ros2_ws/install/tb3_slam/lib/python3.12/site-packages/tb3_slam-0.0.0-py3.12.egg-info
running install_scripts
writing list of installed files to '/home/panagiotagrosd/ros2_ws/build/tb3_slam/install.log'
