[1.105s] DEBUG:colcon:Command line arguments: ['/usr/bin/colcon', 'build', '--packages-select', 'tb3_slam']
[1.105s] DEBUG:colcon:Parsed command line arguments: Namespace(log_base=None, log_level=None, verb_name='build', build_base='build', install_base='install', merge_install=False, symlink_install=False, test_result_base=None, continue_on_error=False, executor='parallel', parallel_workers=4, event_handlers=None, ignore_user_meta=False, metas=['./colcon.meta'], base_paths=['.'], packages_ignore=None, packages_ignore_regex=None, paths=None, packages_up_to=None, packages_up_to_regex=None, packages_above=None, packages_above_and_dependencies=None, packages_above_depth=None, packages_select_by_dep=None, packages_skip_by_dep=None, packages_skip_up_to=None, packages_select_build_failed=False, packages_skip_build_finished=False, packages_select_test_failures=False, packages_skip_test_passed=False, packages_select=['tb3_slam'], packages_skip=None, packages_select_regex=None, packages_skip_regex=None, packages_start=None, packages_end=None, allow_overriding=[], cmake_args=None, cmake_target=None, cmake_target_skip_unavailable=False, cmake_clean_cache=False, cmake_clean_first=False, cmake_force_configure=False, ament_cmake_args=None, catkin_cmake_args=None, catkin_skip_building_tests=False, verb_parser=<colcon_defaults.argument_parser.defaults.DefaultArgumentsDecorator object at 0x7fbde9e7d1c0>, verb_extension=<colcon_core.verb.build.BuildVerb object at 0x7fbde9e7d040>, main=<bound method BuildVerb.main of <colcon_core.verb.build.BuildVerb object at 0x7fbde9e7d040>>)
[1.347s] Level 1:colcon.colcon_core.package_discovery:discover_packages(colcon_meta) check parameters
[1.348s] Level 1:colcon.colcon_core.package_discovery:discover_packages(recursive) check parameters
[1.348s] Level 1:colcon.colcon_core.package_discovery:discover_packages(ignore) check parameters
[1.348s] Level 1:colcon.colcon_core.package_discovery:discover_packages(path) check parameters
[1.348s] Level 1:colcon.colcon_core.package_discovery:discover_packages(colcon_meta) discover
[1.348s] Level 1:colcon.colcon_core.package_discovery:discover_packages(recursive) discover
[1.348s] INFO:colcon.colcon_core.package_discovery:Crawling recursively for packages in '/home/panagiotagrosd/ros2_ws'
[1.349s] Level 1:colcon.colcon_core.package_identification:_identify(.) by extensions ['ignore', 'ignore_ament_install']
[1.349s] Level 1:colcon.colcon_core.package_identification:_identify(.) by extension 'ignore'
[1.349s] Level 1:colcon.colcon_core.package_identification:_identify(.) by extension 'ignore_ament_install'
[1.349s] Level 1:colcon.colcon_core.package_identification:_identify(.) by extensions ['colcon_pkg']
[1.349s] Level 1:colcon.colcon_core.package_identification:_identify(.) by extension 'colcon_pkg'
[1.349s] Level 1:colcon.colcon_core.package_identification:_identify(.) by extensions ['colcon_meta']
[1.349s] Level 1:colcon.colcon_core.package_identification:_identify(.) by extension 'colcon_meta'
[1.350s] Level 1:colcon.colcon_core.package_identification:_identify(.) by extensions ['ros']
[1.350s] Level 1:colcon.colcon_core.package_identification:_identify(.) by extension 'ros'
[1.437s] Level 1:colcon.colcon_core.package_identification:_identify(.) by extensions ['cmake', 'python']
[1.437s] Level 1:colcon.colcon_core.package_identification:_identify(.) by extension 'cmake'
[1.437s] Level 1:colcon.colcon_core.package_identification:_identify(.) by extension 'python'
[1.438s] Level 1:colcon.colcon_core.package_identification:_identify(.) by extensions ['python_setup_py']
[1.438s] Level 1:colcon.colcon_core.package_identification:_identify(.) by extension 'python_setup_py'
[1.438s] Level 1:colcon.colcon_core.package_identification:_identify(build) by extensions ['ignore', 'ignore_ament_install']
[1.438s] Level 1:colcon.colcon_core.package_identification:_identify(build) by extension 'ignore'
[1.439s] Level 1:colcon.colcon_core.package_identification:_identify(build) ignored
[1.439s] Level 1:colcon.colcon_core.package_identification:_identify(install) by extensions ['ignore', 'ignore_ament_install']
[1.439s] Level 1:colcon.colcon_core.package_identification:_identify(install) by extension 'ignore'
[1.439s] Level 1:colcon.colcon_core.package_identification:_identify(install) ignored
[1.440s] Level 1:colcon.colcon_core.package_identification:_identify(log) by extensions ['ignore', 'ignore_ament_install']
[1.440s] Level 1:colcon.colcon_core.package_identification:_identify(log) by extension 'ignore'
[1.440s] Level 1:colcon.colcon_core.package_identification:_identify(log) ignored
[1.440s] Level 1:colcon.colcon_core.package_identification:_identify(maps) by extensions ['ignore', 'ignore_ament_install']
[1.441s] Level 1:colcon.colcon_core.package_identification:_identify(maps) by extension 'ignore'
[1.441s] Level 1:colcon.colcon_core.package_identification:_identify(maps) by extension 'ignore_ament_install'
[1.441s] Level 1:colcon.colcon_core.package_identification:_identify(maps) by extensions ['colcon_pkg']
[1.441s] Level 1:colcon.colcon_core.package_identification:_identify(maps) by extension 'colcon_pkg'
[1.441s] Level 1:colcon.colcon_core.package_identification:_identify(maps) by extensions ['colcon_meta']
[1.441s] Level 1:colcon.colcon_core.package_identification:_identify(maps) by extension 'colcon_meta'
[1.442s] Level 1:colcon.colcon_core.package_identification:_identify(maps) by extensions ['ros']
[1.442s] Level 1:colcon.colcon_core.package_identification:_identify(maps) by extension 'ros'
[1.442s] Level 1:colcon.colcon_core.package_identification:_identify(maps) by extensions ['cmake', 'python']
[1.442s] Level 1:colcon.colcon_core.package_identification:_identify(maps) by extension 'cmake'
[1.442s] Level 1:colcon.colcon_core.package_identification:_identify(maps) by extension 'python'
[1.443s] Level 1:colcon.colcon_core.package_identification:_identify(maps) by extensions ['python_setup_py']
[1.443s] Level 1:colcon.colcon_core.package_identification:_identify(maps) by extension 'python_setup_py'
[1.443s] Level 1:colcon.colcon_core.package_identification:_identify(src) by extensions ['ignore', 'ignore_ament_install']
[1.443s] Level 1:colcon.colcon_core.package_identification:_identify(src) by extension 'ignore'
[1.444s] Level 1:colcon.colcon_core.package_identification:_identify(src) by extension 'ignore_ament_install'
[1.444s] Level 1:colcon.colcon_core.package_identification:_identify(src) by extensions ['colcon_pkg']
[1.444s] Level 1:colcon.colcon_core.package_identification:_identify(src) by extension 'colcon_pkg'
[1.444s] Level 1:colcon.colcon_core.package_identification:_identify(src) by extensions ['colcon_meta']
[1.444s] Level 1:colcon.colcon_core.package_identification:_identify(src) by extension 'colcon_meta'
[1.445s] Level 1:colcon.colcon_core.package_identification:_identify(src) by extensions ['ros']
[1.445s] Level 1:colcon.colcon_core.package_identification:_identify(src) by extension 'ros'
[1.445s] Level 1:colcon.colcon_core.package_identification:_identify(src) by extensions ['cmake', 'python']
[1.445s] Level 1:colcon.colcon_core.package_identification:_identify(src) by extension 'cmake'
[1.445s] Level 1:colcon.colcon_core.package_identification:_identify(src) by extension 'python'
[1.446s] Level 1:colcon.colcon_core.package_identification:_identify(src) by extensions ['python_setup_py']
[1.446s] Level 1:colcon.colcon_core.package_identification:_identify(src) by extension 'python_setup_py'
[1.446s] Level 1:colcon.colcon_core.package_identification:_identify(src/dynamic_nav) by extensions ['ignore', 'ignore_ament_install']
[1.447s] Level 1:colcon.colcon_core.package_identification:_identify(src/dynamic_nav) by extension 'ignore'
[1.447s] Level 1:colcon.colcon_core.package_identification:_identify(src/dynamic_nav) by extension 'ignore_ament_install'
[1.447s] Level 1:colcon.colcon_core.package_identification:_identify(src/dynamic_nav) by extensions ['colcon_pkg']
[1.447s] Level 1:colcon.colcon_core.package_identification:_identify(src/dynamic_nav) by extension 'colcon_pkg'
[1.447s] Level 1:colcon.colcon_core.package_identification:_identify(src/dynamic_nav) by extensions ['colcon_meta']
[1.447s] Level 1:colcon.colcon_core.package_identification:_identify(src/dynamic_nav) by extension 'colcon_meta'
[1.448s] Level 1:colcon.colcon_core.package_identification:_identify(src/dynamic_nav) by extensions ['ros']
[1.449s] Level 1:colcon.colcon_core.package_identification:_identify(src/dynamic_nav) by extension 'ros'
[1.459s] DEBUG:colcon.colcon_core.package_identification:Package 'src/dynamic_nav' with type 'ros.ament_python' and name 'dynamic_nav'
[1.460s] Level 1:colcon.colcon_core.package_identification:_identify(src/my_arm_sim) by extensions ['ignore', 'ignore_ament_install']
[1.460s] Level 1:colcon.colcon_core.package_identification:_identify(src/my_arm_sim) by extension 'ignore'
[1.460s] Level 1:colcon.colcon_core.package_identification:_identify(src/my_arm_sim) by extension 'ignore_ament_install'
[1.460s] Level 1:colcon.colcon_core.package_identification:_identify(src/my_arm_sim) by extensions ['colcon_pkg']
[1.461s] Level 1:colcon.colcon_core.package_identification:_identify(src/my_arm_sim) by extension 'colcon_pkg'
[1.463s] Level 1:colcon.colcon_core.package_identification:_identify(src/my_arm_sim) by extensions ['colcon_meta']
[1.463s] Level 1:colcon.colcon_core.package_identification:_identify(src/my_arm_sim) by extension 'colcon_meta'
[1.463s] Level 1:colcon.colcon_core.package_identification:_identify(src/my_arm_sim) by extensions ['ros']
[1.463s] Level 1:colcon.colcon_core.package_identification:_identify(src/my_arm_sim) by extension 'ros'
[1.465s] DEBUG:colcon.colcon_core.package_identification:Package 'src/my_arm_sim' with type 'ros.ament_python' and name 'my_arm_sim'
[1.466s] Level 1:colcon.colcon_core.package_identification:_identify(src/nav2_minimal_turtlebot_simulation) by extensions ['ignore', 'ignore_ament_install']
[1.466s] Level 1:colcon.colcon_core.package_identification:_identify(src/nav2_minimal_turtlebot_simulation) by extension 'ignore'
[1.466s] Level 1:colcon.colcon_core.package_identification:_identify(src/nav2_minimal_turtlebot_simulation) by extension 'ignore_ament_install'
[1.466s] Level 1:colcon.colcon_core.package_identification:_identify(src/nav2_minimal_turtlebot_simulation) by extensions ['colcon_pkg']
[1.466s] Level 1:colcon.colcon_core.package_identification:_identify(src/nav2_minimal_turtlebot_simulation) by extension 'colcon_pkg'
[1.467s] Level 1:colcon.colcon_core.package_identification:_identify(src/nav2_minimal_turtlebot_simulation) by extensions ['colcon_meta']
[1.467s] Level 1:colcon.colcon_core.package_identification:_identify(src/nav2_minimal_turtlebot_simulation) by extension 'colcon_meta'
[1.467s] Level 1:colcon.colcon_core.package_identification:_identify(src/nav2_minimal_turtlebot_simulation) by extensions ['ros']
[1.467s] Level 1:colcon.colcon_core.package_identification:_identify(src/nav2_minimal_turtlebot_simulation) by extension 'ros'
[1.467s] Level 1:colcon.colcon_core.package_identification:_identify(src/nav2_minimal_turtlebot_simulation) by extensions ['cmake', 'python']
[1.467s] Level 1:colcon.colcon_core.package_identification:_identify(src/nav2_minimal_turtlebot_simulation) by extension 'cmake'
[1.467s] Level 1:colcon.colcon_core.package_identification:_identify(src/nav2_minimal_turtlebot_simulation) by extension 'python'
[1.467s] Level 1:colcon.colcon_core.package_identification:_identify(src/nav2_minimal_turtlebot_simulation) by extensions ['python_setup_py']
[1.468s] Level 1:colcon.colcon_core.package_identification:_identify(src/nav2_minimal_turtlebot_simulation) by extension 'python_setup_py'
[1.472s] Level 1:colcon.colcon_core.package_identification:_identify(src/nav2_minimal_turtlebot_simulation/nav2_minimal_tb3_sim) by extensions ['ignore', 'ignore_ament_install']
[1.472s] Level 1:colcon.colcon_core.package_identification:_identify(src/nav2_minimal_turtlebot_simulation/nav2_minimal_tb3_sim) by extension 'ignore'
[1.472s] Level 1:colcon.colcon_core.package_identification:_identify(src/nav2_minimal_turtlebot_simulation/nav2_minimal_tb3_sim) by extension 'ignore_ament_install'
[1.473s] Level 1:colcon.colcon_core.package_identification:_identify(src/nav2_minimal_turtlebot_simulation/nav2_minimal_tb3_sim) by extensions ['colcon_pkg']
[1.473s] Level 1:colcon.colcon_core.package_identification:_identify(src/nav2_minimal_turtlebot_simulation/nav2_minimal_tb3_sim) by extension 'colcon_pkg'
[1.473s] Level 1:colcon.colcon_core.package_identification:_identify(src/nav2_minimal_turtlebot_simulation/nav2_minimal_tb3_sim) by extensions ['colcon_meta']
[1.473s] Level 1:colcon.colcon_core.package_identification:_identify(src/nav2_minimal_turtlebot_simulation/nav2_minimal_tb3_sim) by extension 'colcon_meta'
[1.473s] Level 1:colcon.colcon_core.package_identification:_identify(src/nav2_minimal_turtlebot_simulation/nav2_minimal_tb3_sim) by extensions ['ros']
[1.473s] Level 1:colcon.colcon_core.package_identification:_identify(src/nav2_minimal_turtlebot_simulation/nav2_minimal_tb3_sim) by extension 'ros'
[1.475s] DEBUG:colcon.colcon_core.package_identification:Package 'src/nav2_minimal_turtlebot_simulation/nav2_minimal_tb3_sim' with type 'ros.ament_cmake' and name 'nav2_minimal_tb3_sim'
[1.475s] Level 1:colcon.colcon_core.package_identification:_identify(src/nav2_minimal_turtlebot_simulation/nav2_minimal_tb4_description) by extensions ['ignore', 'ignore_ament_install']
[1.476s] Level 1:colcon.colcon_core.package_identification:_identify(src/nav2_minimal_turtlebot_simulation/nav2_minimal_tb4_description) by extension 'ignore'
[1.476s] Level 1:colcon.colcon_core.package_identification:_identify(src/nav2_minimal_turtlebot_simulation/nav2_minimal_tb4_description) by extension 'ignore_ament_install'
[1.476s] Level 1:colcon.colcon_core.package_identification:_identify(src/nav2_minimal_turtlebot_simulation/nav2_minimal_tb4_description) by extensions ['colcon_pkg']
[1.476s] Level 1:colcon.colcon_core.package_identification:_identify(src/nav2_minimal_turtlebot_simulation/nav2_minimal_tb4_description) by extension 'colcon_pkg'
[1.479s] Level 1:colcon.colcon_core.package_identification:_identify(src/nav2_minimal_turtlebot_simulation/nav2_minimal_tb4_description) by extensions ['colcon_meta']
[1.479s] Level 1:colcon.colcon_core.package_identification:_identify(src/nav2_minimal_turtlebot_simulation/nav2_minimal_tb4_description) by extension 'colcon_meta'
[1.479s] Level 1:colcon.colcon_core.package_identification:_identify(src/nav2_minimal_turtlebot_simulation/nav2_minimal_tb4_description) by extensions ['ros']
[1.479s] Level 1:colcon.colcon_core.package_identification:_identify(src/nav2_minimal_turtlebot_simulation/nav2_minimal_tb4_description) by extension 'ros'
[1.482s] DEBUG:colcon.colcon_core.package_identification:Package 'src/nav2_minimal_turtlebot_simulation/nav2_minimal_tb4_description' with type 'ros.ament_cmake' and name 'nav2_minimal_tb4_description'
[1.483s] Level 1:colcon.colcon_core.package_identification:_identify(src/nav2_minimal_turtlebot_simulation/nav2_minimal_tb4_sim) by extensions ['ignore', 'ignore_ament_install']
[1.483s] Level 1:colcon.colcon_core.package_identification:_identify(src/nav2_minimal_turtlebot_simulation/nav2_minimal_tb4_sim) by extension 'ignore'
[1.483s] Level 1:colcon.colcon_core.package_identification:_identify(src/nav2_minimal_turtlebot_simulation/nav2_minimal_tb4_sim) by extension 'ignore_ament_install'
[1.484s] Level 1:colcon.colcon_core.package_identification:_identify(src/nav2_minimal_turtlebot_simulation/nav2_minimal_tb4_sim) by extensions ['colcon_pkg']
[1.484s] Level 1:colcon.colcon_core.package_identification:_identify(src/nav2_minimal_turtlebot_simulation/nav2_minimal_tb4_sim) by extension 'colcon_pkg'
[1.484s] Level 1:colcon.colcon_core.package_identification:_identify(src/nav2_minimal_turtlebot_simulation/nav2_minimal_tb4_sim) by extensions ['colcon_meta']
[1.484s] Level 1:colcon.colcon_core.package_identification:_identify(src/nav2_minimal_turtlebot_simulation/nav2_minimal_tb4_sim) by extension 'colcon_meta'
[1.484s] Level 1:colcon.colcon_core.package_identification:_identify(src/nav2_minimal_turtlebot_simulation/nav2_minimal_tb4_sim) by extensions ['ros']
[1.484s] Level 1:colcon.colcon_core.package_identification:_identify(src/nav2_minimal_turtlebot_simulation/nav2_minimal_tb4_sim) by extension 'ros'
[1.486s] DEBUG:colcon.colcon_core.package_identification:Package 'src/nav2_minimal_turtlebot_simulation/nav2_minimal_tb4_sim' with type 'ros.ament_cmake' and name 'nav2_minimal_tb4_sim'
[1.487s] Level 1:colcon.colcon_core.package_identification:_identify(src/nav_research) by extensions ['ignore', 'ignore_ament_install']
[1.487s] Level 1:colcon.colcon_core.package_identification:_identify(src/nav_research) by extension 'ignore'
[1.487s] Level 1:colcon.colcon_core.package_identification:_identify(src/nav_research) by extension 'ignore_ament_install'
[1.487s] Level 1:colcon.colcon_core.package_identification:_identify(src/nav_research) by extensions ['colcon_pkg']
[1.487s] Level 1:colcon.colcon_core.package_identification:_identify(src/nav_research) by extension 'colcon_pkg'
[1.488s] Level 1:colcon.colcon_core.package_identification:_identify(src/nav_research) by extensions ['colcon_meta']
[1.488s] Level 1:colcon.colcon_core.package_identification:_identify(src/nav_research) by extension 'colcon_meta'
[1.488s] Level 1:colcon.colcon_core.package_identification:_identify(src/nav_research) by extensions ['ros']
[1.488s] Level 1:colcon.colcon_core.package_identification:_identify(src/nav_research) by extension 'ros'
[1.489s] DEBUG:colcon.colcon_core.package_identification:Package 'src/nav_research' with type 'ros.ament_python' and name 'nav_research'
[1.490s] Level 1:colcon.colcon_core.package_identification:_identify(src/tb3_benchmark) by extensions ['ignore', 'ignore_ament_install']
[1.490s] Level 1:colcon.colcon_core.package_identification:_identify(src/tb3_benchmark) by extension 'ignore'
[1.491s] Level 1:colcon.colcon_core.package_identification:_identify(src/tb3_benchmark) by extension 'ignore_ament_install'
[1.491s] Level 1:colcon.colcon_core.package_identification:_identify(src/tb3_benchmark) by extensions ['colcon_pkg']
[1.491s] Level 1:colcon.colcon_core.package_identification:_identify(src/tb3_benchmark) by extension 'colcon_pkg'
[1.491s] Level 1:colcon.colcon_core.package_identification:_identify(src/tb3_benchmark) by extensions ['colcon_meta']
[1.491s] Level 1:colcon.colcon_core.package_identification:_identify(src/tb3_benchmark) by extension 'colcon_meta'
[1.491s] Level 1:colcon.colcon_core.package_identification:_identify(src/tb3_benchmark) by extensions ['ros']
[1.491s] Level 1:colcon.colcon_core.package_identification:_identify(src/tb3_benchmark) by extension 'ros'
[1.494s] DEBUG:colcon.colcon_core.package_identification:Package 'src/tb3_benchmark' with type 'ros.ament_python' and name 'tb3_benchmark'
[1.495s] Level 1:colcon.colcon_core.package_identification:_identify(src/tb3_fsm_controller) by extensions ['ignore', 'ignore_ament_install']
[1.495s] Level 1:colcon.colcon_core.package_identification:_identify(src/tb3_fsm_controller) by extension 'ignore'
[1.495s] Level 1:colcon.colcon_core.package_identification:_identify(src/tb3_fsm_controller) by extension 'ignore_ament_install'
[1.496s] Level 1:colcon.colcon_core.package_identification:_identify(src/tb3_fsm_controller) by extensions ['colcon_pkg']
[1.496s] Level 1:colcon.colcon_core.package_identification:_identify(src/tb3_fsm_controller) by extension 'colcon_pkg'
[1.496s] Level 1:colcon.colcon_core.package_identification:_identify(src/tb3_fsm_controller) by extensions ['colcon_meta']
[1.496s] Level 1:colcon.colcon_core.package_identification:_identify(src/tb3_fsm_controller) by extension 'colcon_meta'
[1.496s] Level 1:colcon.colcon_core.package_identification:_identify(src/tb3_fsm_controller) by extensions ['ros']
[1.496s] Level 1:colcon.colcon_core.package_identification:_identify(src/tb3_fsm_controller) by extension 'ros'
[1.498s] DEBUG:colcon.colcon_core.package_identification:Package 'src/tb3_fsm_controller' with type 'ros.ament_python' and name 'tb3_fsm_controller'
[1.498s] Level 1:colcon.colcon_core.package_identification:_identify(src/tb3_nav) by extensions ['ignore', 'ignore_ament_install']
[1.498s] Level 1:colcon.colcon_core.package_identification:_identify(src/tb3_nav) by extension 'ignore'
[1.499s] Level 1:colcon.colcon_core.package_identification:_identify(src/tb3_nav) by extension 'ignore_ament_install'
[1.499s] Level 1:colcon.colcon_core.package_identification:_identify(src/tb3_nav) by extensions ['colcon_pkg']
[1.499s] Level 1:colcon.colcon_core.package_identification:_identify(src/tb3_nav) by extension 'colcon_pkg'
[1.499s] Level 1:colcon.colcon_core.package_identification:_identify(src/tb3_nav) by extensions ['colcon_meta']
[1.499s] Level 1:colcon.colcon_core.package_identification:_identify(src/tb3_nav) by extension 'colcon_meta'
[1.499s] Level 1:colcon.colcon_core.package_identification:_identify(src/tb3_nav) by extensions ['ros']
[1.499s] Level 1:colcon.colcon_core.package_identification:_identify(src/tb3_nav) by extension 'ros'
[1.502s] DEBUG:colcon.colcon_core.package_identification:Package 'src/tb3_nav' with type 'ros.ament_python' and name 'tb3_nav'
[1.503s] Level 1:colcon.colcon_core.package_identification:_identify(src/tb3_sim_bringup) by extensions ['ignore', 'ignore_ament_install']
[1.503s] Level 1:colcon.colcon_core.package_identification:_identify(src/tb3_sim_bringup) by extension 'ignore'
[1.503s] Level 1:colcon.colcon_core.package_identification:_identify(src/tb3_sim_bringup) by extension 'ignore_ament_install'
[1.503s] Level 1:colcon.colcon_core.package_identification:_identify(src/tb3_sim_bringup) by extensions ['colcon_pkg']
[1.503s] Level 1:colcon.colcon_core.package_identification:_identify(src/tb3_sim_bringup) by extension 'colcon_pkg'
[1.503s] Level 1:colcon.colcon_core.package_identification:_identify(src/tb3_sim_bringup) by extensions ['colcon_meta']
[1.504s] Level 1:colcon.colcon_core.package_identification:_identify(src/tb3_sim_bringup) by extension 'colcon_meta'
[1.504s] Level 1:colcon.colcon_core.package_identification:_identify(src/tb3_sim_bringup) by extensions ['ros']
[1.504s] Level 1:colcon.colcon_core.package_identification:_identify(src/tb3_sim_bringup) by extension 'ros'
[1.506s] DEBUG:colcon.colcon_core.package_identification:Failed to parse potential ROS package manifest in'src/tb3_sim_bringup': Error(s) in package 'src/tb3_sim_bringup/package.xml':
The manifest contains invalid XML:
junk after document element: line 19, column 0
[1.506s] Level 1:colcon.colcon_core.package_identification:_identify(src/tb3_sim_bringup) by extensions ['cmake', 'python']
[1.506s] Level 1:colcon.colcon_core.package_identification:_identify(src/tb3_sim_bringup) by extension 'cmake'
[1.506s] Level 1:colcon.colcon_core.package_identification:_identify(src/tb3_sim_bringup) by extension 'python'
[1.507s] DEBUG:colcon.colcon_core.package_identification:Python package in 'src/tb3_sim_bringup' passes arguments to the setup() function which requires a different identification extension than 'python'
[1.507s] Level 1:colcon.colcon_core.package_identification:_identify(src/tb3_sim_bringup) by extensions ['python_setup_py']
[1.507s] Level 1:colcon.colcon_core.package_identification:_identify(src/tb3_sim_bringup) by extension 'python_setup_py'
[2.704s] DEBUG:colcon.colcon_core.package_identification:Package 'src/tb3_sim_bringup' with type 'python' and name 'tb3_sim_bringup'
[2.705s] Level 1:colcon.colcon_core.package_identification:_identify(src/tb3_slam) by extensions ['ignore', 'ignore_ament_install']
[2.705s] Level 1:colcon.colcon_core.package_identification:_identify(src/tb3_slam) by extension 'ignore'
[2.705s] Level 1:colcon.colcon_core.package_identification:_identify(src/tb3_slam) by extension 'ignore_ament_install'
[2.706s] Level 1:colcon.colcon_core.package_identification:_identify(src/tb3_slam) by extensions ['colcon_pkg']
[2.706s] Level 1:colcon.colcon_core.package_identification:_identify(src/tb3_slam) by extension 'colcon_pkg'
[2.706s] Level 1:colcon.colcon_core.package_identification:_identify(src/tb3_slam) by extensions ['colcon_meta']
[2.706s] Level 1:colcon.colcon_core.package_identification:_identify(src/tb3_slam) by extension 'colcon_meta'
[2.706s] Level 1:colcon.colcon_core.package_identification:_identify(src/tb3_slam) by extensions ['ros']
[2.706s] Level 1:colcon.colcon_core.package_identification:_identify(src/tb3_slam) by extension 'ros'
[2.708s] DEBUG:colcon.colcon_core.package_identification:Package 'src/tb3_slam' with type 'ros.ament_python' and name 'tb3_slam'
[2.708s] Level 1:colcon.colcon_core.package_discovery:discover_packages(recursive) using defaults
[2.708s] Level 1:colcon.colcon_core.package_discovery:discover_packages(ignore) discover
[2.709s] Level 1:colcon.colcon_core.package_discovery:discover_packages(ignore) using defaults
[2.709s] Level 1:colcon.colcon_core.package_discovery:discover_packages(path) discover
[2.709s] Level 1:colcon.colcon_core.package_discovery:discover_packages(path) using defaults
[2.883s] INFO:colcon.colcon_core.package_selection:Skipping not selected package 'dynamic_nav' in 'src/dynamic_nav'
[2.883s] INFO:colcon.colcon_core.package_selection:Skipping not selected package 'my_arm_sim' in 'src/my_arm_sim'
[2.883s] INFO:colcon.colcon_core.package_selection:Skipping not selected package 'nav2_minimal_tb3_sim' in 'src/nav2_minimal_turtlebot_simulation/nav2_minimal_tb3_sim'
[2.883s] INFO:colcon.colcon_core.package_selection:Skipping not selected package 'nav2_minimal_tb4_description' in 'src/nav2_minimal_turtlebot_simulation/nav2_minimal_tb4_description'
[2.884s] INFO:colcon.colcon_core.package_selection:Skipping not selected package 'nav_research' in 'src/nav_research'
[2.884s] INFO:colcon.colcon_core.package_selection:Skipping not selected package 'tb3_benchmark' in 'src/tb3_benchmark'
[2.884s] INFO:colcon.colcon_core.package_selection:Skipping not selected package 'tb3_fsm_controller' in 'src/tb3_fsm_controller'
[2.884s] INFO:colcon.colcon_core.package_selection:Skipping not selected package 'tb3_nav' in 'src/tb3_nav'
[2.884s] INFO:colcon.colcon_core.package_selection:Skipping not selected package 'tb3_sim_bringup' in 'src/tb3_sim_bringup'
[2.884s] INFO:colcon.colcon_core.package_selection:Skipping not selected package 'nav2_minimal_tb4_sim' in 'src/nav2_minimal_turtlebot_simulation/nav2_minimal_tb4_sim'
[2.885s] Level 1:colcon.colcon_core.package_discovery:discover_packages(prefix_path) check parameters
[2.886s] Level 1:colcon.colcon_core.package_discovery:discover_packages(prefix_path) discover
[2.922s] DEBUG:colcon.colcon_installed_package_information.package_discovery:Found 11 installed packages in /home/panagiotagrosd/ros2_ws/install
[2.924s] DEBUG:colcon.colcon_installed_package_information.package_discovery:Found 1 installed packages in /home/panagiotagrosd/dyn_nav_ws/install
[2.931s] DEBUG:colcon.colcon_installed_package_information.package_discovery:Found 1 installed packages in /home/panagiotagrosd/projects/navigation_ws/install
[2.942s] DEBUG:colcon.colcon_installed_package_information.package_discovery:Found 489 installed packages in /opt/ros/jazzy
[2.951s] Level 1:colcon.colcon_core.package_discovery:discover_packages(prefix_path) using defaults
[3.255s] Level 5:colcon.colcon_core.verb:set package 'tb3_slam' build argument 'cmake_args' from command line to 'None'
[3.255s] Level 5:colcon.colcon_core.verb:set package 'tb3_slam' build argument 'cmake_target' from command line to 'None'
[3.255s] Level 5:colcon.colcon_core.verb:set package 'tb3_slam' build argument 'cmake_target_skip_unavailable' from command line to 'False'
[3.255s] Level 5:colcon.colcon_core.verb:set package 'tb3_slam' build argument 'cmake_clean_cache' from command line to 'False'
[3.255s] Level 5:colcon.colcon_core.verb:set package 'tb3_slam' build argument 'cmake_clean_first' from command line to 'False'
[3.255s] Level 5:colcon.colcon_core.verb:set package 'tb3_slam' build argument 'cmake_force_configure' from command line to 'False'
[3.255s] Level 5:colcon.colcon_core.verb:set package 'tb3_slam' build argument 'ament_cmake_args' from command line to 'None'
[3.255s] Level 5:colcon.colcon_core.verb:set package 'tb3_slam' build argument 'catkin_cmake_args' from command line to 'None'
[3.256s] Level 5:colcon.colcon_core.verb:set package 'tb3_slam' build argument 'catkin_skip_building_tests' from command line to 'False'
[3.256s] DEBUG:colcon.colcon_core.verb:Building package 'tb3_slam' with the following arguments: {'ament_cmake_args': None, 'build_base': '/home/panagiotagrosd/ros2_ws/build/tb3_slam', 'catkin_cmake_args': None, 'catkin_skip_building_tests': False, 'cmake_args': None, 'cmake_clean_cache': False, 'cmake_clean_first': False, 'cmake_force_configure': False, 'cmake_target': None, 'cmake_target_skip_unavailable': False, 'install_base': '/home/panagiotagrosd/ros2_ws/install/tb3_slam', 'merge_install': False, 'path': '/home/panagiotagrosd/ros2_ws/src/tb3_slam', 'symlink_install': False, 'test_result_base': None}
[3.256s] INFO:colcon.colcon_core.executor:Executing jobs using 'parallel' executor
[3.265s] DEBUG:colcon.colcon_parallel_executor.executor.parallel:run_until_complete
[3.265s] INFO:colcon.colcon_ros.task.ament_python.build:Building ROS package in '/home/panagiotagrosd/ros2_ws/src/tb3_slam' with build type 'ament_python'
[3.265s] Level 1:colcon.colcon_core.shell:create_environment_hook('tb3_slam', 'ament_prefix_path')
[3.274s] INFO:colcon.colcon_core.plugin_system:Skipping extension 'colcon_core.shell.bat': Not used on non-Windows systems
[3.275s] INFO:colcon.colcon_core.shell:Creating environment hook '/home/panagiotagrosd/ros2_ws/install/tb3_slam/share/tb3_slam/hook/ament_prefix_path.ps1'
[3.281s] INFO:colcon.colcon_core.shell:Creating environment descriptor '/home/panagiotagrosd/ros2_ws/install/tb3_slam/share/tb3_slam/hook/ament_prefix_path.dsv'
[3.284s] INFO:colcon.colcon_core.shell:Creating environment hook '/home/panagiotagrosd/ros2_ws/install/tb3_slam/share/tb3_slam/hook/ament_prefix_path.sh'
[3.287s] INFO:colcon.colcon_core.shell:Skip shell extension 'powershell' for command environment: Not usable outside of PowerShell
[3.287s] DEBUG:colcon.colcon_core.shell:Skip shell extension 'dsv' for command environment
[4.832s] INFO:colcon.colcon_core.task.python.build:Building Python package in '/home/panagiotagrosd/ros2_ws/src/tb3_slam'
[4.834s] INFO:colcon.colcon_core.shell:Skip shell extension 'powershell' for command environment: Not usable outside of PowerShell
[4.834s] DEBUG:colcon.colcon_core.shell:Skip shell extension 'dsv' for command environment
[8.371s] DEBUG:colcon.colcon_core.event_handler.log_command:Invoking command in '/home/panagiotagrosd/ros2_ws/src/tb3_slam': PYTHONPATH=/home/panagiotagrosd/ros2_ws/build/tb3_slam/prefix_override:/usr/lib/python3/dist-packages/colcon_core/task/python/colcon_distutils_commands:/home/panagiotagrosd/ros2_ws/install/tb3_slam/lib/python3.12/site-packages:${PYTHONPATH} /usr/bin/python3 -W ignore:setup.py install is deprecated -W ignore:easy_install command is deprecated setup.py egg_info --egg-base ../../build/tb3_slam build --build-base /home/panagiotagrosd/ros2_ws/build/tb3_slam/build install --record /home/panagiotagrosd/ros2_ws/build/tb3_slam/install.log --single-version-externally-managed install_data
[11.412s] DEBUG:colcon.colcon_core.event_handler.log_command:Invoked command in '/home/panagiotagrosd/ros2_ws/src/tb3_slam' returned '0': PYTHONPATH=/home/panagiotagrosd/ros2_ws/build/tb3_slam/prefix_override:/usr/lib/python3/dist-packages/colcon_core/task/python/colcon_distutils_commands:/home/panagiotagrosd/ros2_ws/install/tb3_slam/lib/python3.12/site-packages:${PYTHONPATH} /usr/bin/python3 -W ignore:setup.py install is deprecated -W ignore:easy_install command is deprecated setup.py egg_info --egg-base ../../build/tb3_slam build --build-base /home/panagiotagrosd/ros2_ws/build/tb3_slam/build install --record /home/panagiotagrosd/ros2_ws/build/tb3_slam/install.log --single-version-externally-managed install_data
[11.426s] Level 1:colcon.colcon_core.environment:checking '/home/panagiotagrosd/ros2_ws/install/tb3_slam' for CMake module files
[11.428s] Level 1:colcon.colcon_core.environment:checking '/home/panagiotagrosd/ros2_ws/install/tb3_slam' for CMake config files
[11.431s] Level 1:colcon.colcon_core.environment:checking '/home/panagiotagrosd/ros2_ws/install/tb3_slam/lib'
[11.432s] Level 1:colcon.colcon_core.environment:checking '/home/panagiotagrosd/ros2_ws/install/tb3_slam/bin'
[11.432s] Level 1:colcon.colcon_core.environment:checking '/home/panagiotagrosd/ros2_ws/install/tb3_slam/lib/pkgconfig/tb3_slam.pc'
[11.433s] Level 1:colcon.colcon_core.environment:checking '/home/panagiotagrosd/ros2_ws/install/tb3_slam/lib/python3.12/site-packages'
[11.433s] Level 1:colcon.colcon_core.shell:create_environment_hook('tb3_slam', 'pythonpath')
[11.435s] INFO:colcon.colcon_core.shell:Creating environment hook '/home/panagiotagrosd/ros2_ws/install/tb3_slam/share/tb3_slam/hook/pythonpath.ps1'
[11.436s] INFO:colcon.colcon_core.shell:Creating environment descriptor '/home/panagiotagrosd/ros2_ws/install/tb3_slam/share/tb3_slam/hook/pythonpath.dsv'
[11.438s] INFO:colcon.colcon_core.shell:Creating environment hook '/home/panagiotagrosd/ros2_ws/install/tb3_slam/share/tb3_slam/hook/pythonpath.sh'
[11.441s] Level 1:colcon.colcon_core.environment:checking '/home/panagiotagrosd/ros2_ws/install/tb3_slam/bin'
[11.441s] Level 1:colcon.colcon_core.environment:create_environment_scripts_only(tb3_slam)
[11.441s] INFO:colcon.colcon_core.shell:Creating package script '/home/panagiotagrosd/ros2_ws/install/tb3_slam/share/tb3_slam/package.ps1'
[11.445s] INFO:colcon.colcon_core.shell:Creating package descriptor '/home/panagiotagrosd/ros2_ws/install/tb3_slam/share/tb3_slam/package.dsv'
[11.447s] INFO:colcon.colcon_core.shell:Creating package script '/home/panagiotagrosd/ros2_ws/install/tb3_slam/share/tb3_slam/package.sh'
[11.449s] INFO:colcon.colcon_core.shell:Creating package script '/home/panagiotagrosd/ros2_ws/install/tb3_slam/share/tb3_slam/package.bash'
[11.451s] INFO:colcon.colcon_core.shell:Creating package script '/home/panagiotagrosd/ros2_ws/install/tb3_slam/share/tb3_slam/package.zsh'
[11.454s] Level 1:colcon.colcon_core.environment:create_file_with_runtime_dependencies(/home/panagiotagrosd/ros2_ws/install/tb3_slam/share/colcon-core/packages/tb3_slam)
[11.457s] DEBUG:colcon.colcon_parallel_executor.executor.parallel:closing loop
[11.458s] DEBUG:colcon.colcon_parallel_executor.executor.parallel:loop closed
[11.458s] DEBUG:colcon.colcon_parallel_executor.executor.parallel:run_until_complete finished with '0'
[11.458s] DEBUG:colcon.colcon_core.event_reactor:joining thread
[11.541s] INFO:colcon.colcon_core.plugin_system:Skipping extension 'colcon_notification.desktop_notification.notify_send': Could not find 'notify-send'
[11.541s] INFO:colcon.colcon_core.plugin_system:Skipping extension 'colcon_notification.desktop_notification.terminal_notifier': Not used on non-Darwin systems
[11.542s] INFO:colcon.colcon_core.plugin_system:Skipping extension 'colcon_notification.desktop_notification.win32': Not used on non-Windows systems
[11.543s] INFO:colcon.colcon_notification.desktop_notification:Sending desktop notification using 'notify2'
[11.567s] DEBUG:colcon.colcon_notification.desktop_notification.notify2:Failed to initialize notify2: org.freedesktop.DBus.Error.ServiceUnknown: The name org.freedesktop.Notifications was not provided by any .service files
[11.569s] DEBUG:colcon.colcon_core.event_reactor:joined thread
[11.570s] INFO:colcon.colcon_core.shell:Creating prefix script '/home/panagiotagrosd/ros2_ws/install/local_setup.ps1'
[11.574s] INFO:colcon.colcon_core.shell:Creating prefix util module '/home/panagiotagrosd/ros2_ws/install/_local_setup_util_ps1.py'
[11.587s] INFO:colcon.colcon_core.shell:Creating prefix chain script '/home/panagiotagrosd/ros2_ws/install/setup.ps1'
[11.601s] INFO:colcon.colcon_core.shell:Creating prefix script '/home/panagiotagrosd/ros2_ws/install/local_setup.sh'
[11.605s] INFO:colcon.colcon_core.shell:Creating prefix util module '/home/panagiotagrosd/ros2_ws/install/_local_setup_util_sh.py'
[11.610s] INFO:colcon.colcon_core.shell:Creating prefix chain script '/home/panagiotagrosd/ros2_ws/install/setup.sh'
[11.621s] INFO:colcon.colcon_core.shell:Creating prefix script '/home/panagiotagrosd/ros2_ws/install/local_setup.bash'
[11.622s] INFO:colcon.colcon_core.shell:Creating prefix chain script '/home/panagiotagrosd/ros2_ws/install/setup.bash'
[11.631s] INFO:colcon.colcon_core.shell:Creating prefix script '/home/panagiotagrosd/ros2_ws/install/local_setup.zsh'
[11.635s] INFO:colcon.colcon_core.shell:Creating prefix chain script '/home/panagiotagrosd/ros2_ws/install/setup.zsh'
