[0.245s] DEBUG:colcon:Command line arguments: ['/usr/bin/colcon', 'build', '--packages-select', 'tb3_sim_bringup']
[0.245s] DEBUG:colcon:Parsed command line arguments: Namespace(log_base=None, log_level=None, verb_name='build', build_base='build', install_base='install', merge_install=False, symlink_install=False, test_result_base=None, continue_on_error=False, executor='parallel', parallel_workers=4, event_handlers=None, ignore_user_meta=False, metas=['./colcon.meta'], base_paths=['.'], packages_ignore=None, packages_ignore_regex=None, paths=None, packages_up_to=None, packages_up_to_regex=None, packages_above=None, packages_above_and_dependencies=None, packages_above_depth=None, packages_select_by_dep=None, packages_skip_by_dep=None, packages_skip_up_to=None, packages_select_build_failed=False, packages_skip_build_finished=False, packages_select_test_failures=False, packages_skip_test_passed=False, packages_select=['tb3_sim_bringup'], packages_skip=None, packages_select_regex=None, packages_skip_regex=None, packages_start=None, packages_end=None, allow_overriding=[], cmake_args=None, cmake_target=None, cmake_target_skip_unavailable=False, cmake_clean_cache=False, cmake_clean_first=False, cmake_force_configure=False, ament_cmake_args=None, catkin_cmake_args=None, catkin_skip_building_tests=False, verb_parser=<colcon_defaults.argument_parser.defaults.DefaultArgumentsDecorator object at 0x7d1a02a94fb0>, verb_extension=<colcon_core.verb.build.BuildVerb object at 0x7d1a02a94da0>, main=<bound method BuildVerb.main of <colcon_core.verb.build.BuildVerb object at 0x7d1a02a94da0>>)
[0.313s] Level 1:colcon.colcon_core.package_discovery:discover_packages(colcon_meta) check parameters
[0.313s] Level 1:colcon.colcon_core.package_discovery:discover_packages(recursive) check parameters
[0.313s] Level 1:colcon.colcon_core.package_discovery:discover_packages(ignore) check parameters
[0.313s] Level 1:colcon.colcon_core.package_discovery:discover_packages(path) check parameters
[0.313s] Level 1:colcon.colcon_core.package_discovery:discover_packages(colcon_meta) discover
[0.313s] Level 1:colcon.colcon_core.package_discovery:discover_packages(recursive) discover
[0.313s] INFO:colcon.colcon_core.package_discovery:Crawling recursively for packages in '/home/panagiotagrosd/ros2_ws'
[0.313s] Level 1:colcon.colcon_core.package_identification:_identify(.) by extensions ['ignore', 'ignore_ament_install']
[0.313s] Level 1:colcon.colcon_core.package_identification:_identify(.) by extension 'ignore'
[0.313s] Level 1:colcon.colcon_core.package_identification:_identify(.) by extension 'ignore_ament_install'
[0.314s] Level 1:colcon.colcon_core.package_identification:_identify(.) by extensions ['colcon_pkg']
[0.314s] Level 1:colcon.colcon_core.package_identification:_identify(.) by extension 'colcon_pkg'
[0.314s] Level 1:colcon.colcon_core.package_identification:_identify(.) by extensions ['colcon_meta']
[0.314s] Level 1:colcon.colcon_core.package_identification:_identify(.) by extension 'colcon_meta'
[0.314s] Level 1:colcon.colcon_core.package_identification:_identify(.) by extensions ['ros']
[0.314s] Level 1:colcon.colcon_core.package_identification:_identify(.) by extension 'ros'
[0.357s] Level 1:colcon.colcon_core.package_identification:_identify(.) by extensions ['cmake', 'python']
[0.357s] Level 1:colcon.colcon_core.package_identification:_identify(.) by extension 'cmake'
[0.357s] Level 1:colcon.colcon_core.package_identification:_identify(.) by extension 'python'
[0.357s] Level 1:colcon.colcon_core.package_identification:_identify(.) by extensions ['python_setup_py']
[0.357s] Level 1:colcon.colcon_core.package_identification:_identify(.) by extension 'python_setup_py'
[0.357s] Level 1:colcon.colcon_core.package_identification:_identify(build) by extensions ['ignore', 'ignore_ament_install']
[0.358s] Level 1:colcon.colcon_core.package_identification:_identify(build) by extension 'ignore'
[0.358s] Level 1:colcon.colcon_core.package_identification:_identify(build) ignored
[0.358s] Level 1:colcon.colcon_core.package_identification:_identify(install) by extensions ['ignore', 'ignore_ament_install']
[0.358s] Level 1:colcon.colcon_core.package_identification:_identify(install) by extension 'ignore'
[0.358s] Level 1:colcon.colcon_core.package_identification:_identify(install) ignored
[0.358s] Level 1:colcon.colcon_core.package_identification:_identify(log) by extensions ['ignore', 'ignore_ament_install']
[0.358s] Level 1:colcon.colcon_core.package_identification:_identify(log) by extension 'ignore'
[0.358s] Level 1:colcon.colcon_core.package_identification:_identify(log) ignored
[0.358s] Level 1:colcon.colcon_core.package_identification:_identify(maps) by extensions ['ignore', 'ignore_ament_install']
[0.358s] Level 1:colcon.colcon_core.package_identification:_identify(maps) by extension 'ignore'
[0.358s] Level 1:colcon.colcon_core.package_identification:_identify(maps) by extension 'ignore_ament_install'
[0.359s] Level 1:colcon.colcon_core.package_identification:_identify(maps) by extensions ['colcon_pkg']
[0.359s] Level 1:colcon.colcon_core.package_identification:_identify(maps) by extension 'colcon_pkg'
[0.359s] Level 1:colcon.colcon_core.package_identification:_identify(maps) by extensions ['colcon_meta']
[0.359s] Level 1:colcon.colcon_core.package_identification:_identify(maps) by extension 'colcon_meta'
[0.359s] Level 1:colcon.colcon_core.package_identification:_identify(maps) by extensions ['ros']
[0.359s] Level 1:colcon.colcon_core.package_identification:_identify(maps) by extension 'ros'
[0.359s] Level 1:colcon.colcon_core.package_identification:_identify(maps) by extensions ['cmake', 'python']
[0.359s] Level 1:colcon.colcon_core.package_identification:_identify(maps) by extension 'cmake'
[0.359s] Level 1:colcon.colcon_core.package_identification:_identify(maps) by extension 'python'
[0.359s] Level 1:colcon.colcon_core.package_identification:_identify(maps) by extensions ['python_setup_py']
[0.359s] Level 1:colcon.colcon_core.package_identification:_identify(maps) by extension 'python_setup_py'
[0.359s] Level 1:colcon.colcon_core.package_identification:_identify(src) by extensions ['ignore', 'ignore_ament_install']
[0.359s] Level 1:colcon.colcon_core.package_identification:_identify(src) by extension 'ignore'
[0.359s] Level 1:colcon.colcon_core.package_identification:_identify(src) by extension 'ignore_ament_install'
[0.360s] Level 1:colcon.colcon_core.package_identification:_identify(src) by extensions ['colcon_pkg']
[0.360s] Level 1:colcon.colcon_core.package_identification:_identify(src) by extension 'colcon_pkg'
[0.360s] Level 1:colcon.colcon_core.package_identification:_identify(src) by extensions ['colcon_meta']
[0.360s] Level 1:colcon.colcon_core.package_identification:_identify(src) by extension 'colcon_meta'
[0.360s] Level 1:colcon.colcon_core.package_identification:_identify(src) by extensions ['ros']
[0.360s] Level 1:colcon.colcon_core.package_identification:_identify(src) by extension 'ros'
[0.360s] Level 1:colcon.colcon_core.package_identification:_identify(src) by extensions ['cmake', 'python']
[0.360s] Level 1:colcon.colcon_core.package_identification:_identify(src) by extension 'cmake'
[0.360s] Level 1:colcon.colcon_core.package_identification:_identify(src) by extension 'python'
[0.360s] Level 1:colcon.colcon_core.package_identification:_identify(src) by extensions ['python_setup_py']
[0.360s] Level 1:colcon.colcon_core.package_identification:_identify(src) by extension 'python_setup_py'
[0.360s] Level 1:colcon.colcon_core.package_identification:_identify(src/dynamic_nav) by extensions ['ignore', 'ignore_ament_install']
[0.360s] Level 1:colcon.colcon_core.package_identification:_identify(src/dynamic_nav) by extension 'ignore'
[0.360s] Level 1:colcon.colcon_core.package_identification:_identify(src/dynamic_nav) by extension 'ignore_ament_install'
[0.360s] Level 1:colcon.colcon_core.package_identification:_identify(src/dynamic_nav) by extensions ['colcon_pkg']
[0.360s] Level 1:colcon.colcon_core.package_identification:_identify(src/dynamic_nav) by extension 'colcon_pkg'
[0.360s] Level 1:colcon.colcon_core.package_identification:_identify(src/dynamic_nav) by extensions ['colcon_meta']
[0.361s] Level 1:colcon.colcon_core.package_identification:_identify(src/dynamic_nav) by extension 'colcon_meta'
[0.361s] Level 1:colcon.colcon_core.package_identification:_identify(src/dynamic_nav) by extensions ['ros']
[0.361s] Level 1:colcon.colcon_core.package_identification:_identify(src/dynamic_nav) by extension 'ros'
[0.364s] DEBUG:colcon.colcon_core.package_identification:Package 'src/dynamic_nav' with type 'ros.ament_python' and name 'dynamic_nav'
[0.364s] Level 1:colcon.colcon_core.package_identification:_identify(src/my_arm_sim) by extensions ['ignore', 'ignore_ament_install']
[0.364s] Level 1:colcon.colcon_core.package_identification:_identify(src/my_arm_sim) by extension 'ignore'
[0.365s] Level 1:colcon.colcon_core.package_identification:_identify(src/my_arm_sim) by extension 'ignore_ament_install'
[0.365s] Level 1:colcon.colcon_core.package_identification:_identify(src/my_arm_sim) by extensions ['colcon_pkg']
[0.365s] Level 1:colcon.colcon_core.package_identification:_identify(src/my_arm_sim) by extension 'colcon_pkg'
[0.365s] Level 1:colcon.colcon_core.package_identification:_identify(src/my_arm_sim) by extensions ['colcon_meta']
[0.365s] Level 1:colcon.colcon_core.package_identification:_identify(src/my_arm_sim) by extension 'colcon_meta'
[0.365s] Level 1:colcon.colcon_core.package_identification:_identify(src/my_arm_sim) by extensions ['ros']
[0.365s] Level 1:colcon.colcon_core.package_identification:_identify(src/my_arm_sim) by extension 'ros'
[0.365s] DEBUG:colcon.colcon_core.package_identification:Package 'src/my_arm_sim' with type 'ros.ament_python' and name 'my_arm_sim'
[0.365s] Level 1:colcon.colcon_core.package_identification:_identify(src/nav2_minimal_turtlebot_simulation) by extensions ['ignore', 'ignore_ament_install']
[0.366s] Level 1:colcon.colcon_core.package_identification:_identify(src/nav2_minimal_turtlebot_simulation) by extension 'ignore'
[0.366s] Level 1:colcon.colcon_core.package_identification:_identify(src/nav2_minimal_turtlebot_simulation) by extension 'ignore_ament_install'
[0.366s] Level 1:colcon.colcon_core.package_identification:_identify(src/nav2_minimal_turtlebot_simulation) by extensions ['colcon_pkg']
[0.366s] Level 1:colcon.colcon_core.package_identification:_identify(src/nav2_minimal_turtlebot_simulation) by extension 'colcon_pkg'
[0.366s] Level 1:colcon.colcon_core.package_identification:_identify(src/nav2_minimal_turtlebot_simulation) by extensions ['colcon_meta']
[0.366s] Level 1:colcon.colcon_core.package_identification:_identify(src/nav2_minimal_turtlebot_simulation) by extension 'colcon_meta'
[0.366s] Level 1:colcon.colcon_core.package_identification:_identify(src/nav2_minimal_turtlebot_simulation) by extensions ['ros']
[0.366s] Level 1:colcon.colcon_core.package_identification:_identify(src/nav2_minimal_turtlebot_simulation) by extension 'ros'
[0.366s] Level 1:colcon.colcon_core.package_identification:_identify(src/nav2_minimal_turtlebot_simulation) by extensions ['cmake', 'python']
[0.366s] Level 1:colcon.colcon_core.package_identification:_identify(src/nav2_minimal_turtlebot_simulation) by extension 'cmake'
[0.366s] Level 1:colcon.colcon_core.package_identification:_identify(src/nav2_minimal_turtlebot_simulation) by extension 'python'
[0.366s] Level 1:colcon.colcon_core.package_identification:_identify(src/nav2_minimal_turtlebot_simulation) by extensions ['python_setup_py']
[0.366s] Level 1:colcon.colcon_core.package_identification:_identify(src/nav2_minimal_turtlebot_simulation) by extension 'python_setup_py'
[0.367s] Level 1:colcon.colcon_core.package_identification:_identify(src/nav2_minimal_turtlebot_simulation/nav2_minimal_tb3_sim) by extensions ['ignore', 'ignore_ament_install']
[0.367s] Level 1:colcon.colcon_core.package_identification:_identify(src/nav2_minimal_turtlebot_simulation/nav2_minimal_tb3_sim) by extension 'ignore'
[0.367s] Level 1:colcon.colcon_core.package_identification:_identify(src/nav2_minimal_turtlebot_simulation/nav2_minimal_tb3_sim) by extension 'ignore_ament_install'
[0.367s] Level 1:colcon.colcon_core.package_identification:_identify(src/nav2_minimal_turtlebot_simulation/nav2_minimal_tb3_sim) by extensions ['colcon_pkg']
[0.367s] Level 1:colcon.colcon_core.package_identification:_identify(src/nav2_minimal_turtlebot_simulation/nav2_minimal_tb3_sim) by extension 'colcon_pkg'
[0.367s] Level 1:colcon.colcon_core.package_identification:_identify(src/nav2_minimal_turtlebot_simulation/nav2_minimal_tb3_sim) by extensions ['colcon_meta']
[0.367s] Level 1:colcon.colcon_core.package_identification:_identify(src/nav2_minimal_turtlebot_simulation/nav2_minimal_tb3_sim) by extension 'colcon_meta'
[0.367s] Level 1:colcon.colcon_core.package_identification:_identify(src/nav2_minimal_turtlebot_simulation/nav2_minimal_tb3_sim) by extensions ['ros']
[0.368s] Level 1:colcon.colcon_core.package_identification:_identify(src/nav2_minimal_turtlebot_simulation/nav2_minimal_tb3_sim) by extension 'ros'
[0.369s] DEBUG:colcon.colcon_core.package_identification:Package 'src/nav2_minimal_turtlebot_simulation/nav2_minimal_tb3_sim' with type 'ros.ament_cmake' and name 'nav2_minimal_tb3_sim'
[0.369s] Level 1:colcon.colcon_core.package_identification:_identify(src/nav2_minimal_turtlebot_simulation/nav2_minimal_tb4_description) by extensions ['ignore', 'ignore_ament_install']
[0.369s] Level 1:colcon.colcon_core.package_identification:_identify(src/nav2_minimal_turtlebot_simulation/nav2_minimal_tb4_description) by extension 'ignore'
[0.369s] Level 1:colcon.colcon_core.package_identification:_identify(src/nav2_minimal_turtlebot_simulation/nav2_minimal_tb4_description) by extension 'ignore_ament_install'
[0.369s] Level 1:colcon.colcon_core.package_identification:_identify(src/nav2_minimal_turtlebot_simulation/nav2_minimal_tb4_description) by extensions ['colcon_pkg']
[0.369s] Level 1:colcon.colcon_core.package_identification:_identify(src/nav2_minimal_turtlebot_simulation/nav2_minimal_tb4_description) by extension 'colcon_pkg'
[0.369s] Level 1:colcon.colcon_core.package_identification:_identify(src/nav2_minimal_turtlebot_simulation/nav2_minimal_tb4_description) by extensions ['colcon_meta']
[0.369s] Level 1:colcon.colcon_core.package_identification:_identify(src/nav2_minimal_turtlebot_simulation/nav2_minimal_tb4_description) by extension 'colcon_meta'
[0.369s] Level 1:colcon.colcon_core.package_identification:_identify(src/nav2_minimal_turtlebot_simulation/nav2_minimal_tb4_description) by extensions ['ros']
[0.369s] Level 1:colcon.colcon_core.package_identification:_identify(src/nav2_minimal_turtlebot_simulation/nav2_minimal_tb4_description) by extension 'ros'
[0.370s] DEBUG:colcon.colcon_core.package_identification:Package 'src/nav2_minimal_turtlebot_simulation/nav2_minimal_tb4_description' with type 'ros.ament_cmake' and name 'nav2_minimal_tb4_description'
[0.370s] Level 1:colcon.colcon_core.package_identification:_identify(src/nav2_minimal_turtlebot_simulation/nav2_minimal_tb4_sim) by extensions ['ignore', 'ignore_ament_install']
[0.370s] Level 1:colcon.colcon_core.package_identification:_identify(src/nav2_minimal_turtlebot_simulation/nav2_minimal_tb4_sim) by extension 'ignore'
[0.371s] Level 1:colcon.colcon_core.package_identification:_identify(src/nav2_minimal_turtlebot_simulation/nav2_minimal_tb4_sim) by extension 'ignore_ament_install'
[0.371s] Level 1:colcon.colcon_core.package_identification:_identify(src/nav2_minimal_turtlebot_simulation/nav2_minimal_tb4_sim) by extensions ['colcon_pkg']
[0.371s] Level 1:colcon.colcon_core.package_identification:_identify(src/nav2_minimal_turtlebot_simulation/nav2_minimal_tb4_sim) by extension 'colcon_pkg'
[0.371s] Level 1:colcon.colcon_core.package_identification:_identify(src/nav2_minimal_turtlebot_simulation/nav2_minimal_tb4_sim) by extensions ['colcon_meta']
[0.371s] Level 1:colcon.colcon_core.package_identification:_identify(src/nav2_minimal_turtlebot_simulation/nav2_minimal_tb4_sim) by extension 'colcon_meta'
[0.371s] Level 1:colcon.colcon_core.package_identification:_identify(src/nav2_minimal_turtlebot_simulation/nav2_minimal_tb4_sim) by extensions ['ros']
[0.371s] Level 1:colcon.colcon_core.package_identification:_identify(src/nav2_minimal_turtlebot_simulation/nav2_minimal_tb4_sim) by extension 'ros'
[0.372s] DEBUG:colcon.colcon_core.package_identification:Package 'src/nav2_minimal_turtlebot_simulation/nav2_minimal_tb4_sim' with type 'ros.ament_cmake' and name 'nav2_minimal_tb4_sim'
[0.372s] Level 1:colcon.colcon_core.package_identification:_identify(src/nav_research) by extensions ['ignore', 'ignore_ament_install']
[0.372s] Level 1:colcon.colcon_core.package_identification:_identify(src/nav_research) by extension 'ignore'
[0.372s] Level 1:colcon.colcon_core.package_identification:_identify(src/nav_research) by extension 'ignore_ament_install'
[0.372s] Level 1:colcon.colcon_core.package_identification:_identify(src/nav_research) by extensions ['colcon_pkg']
[0.372s] Level 1:colcon.colcon_core.package_identification:_identify(src/nav_research) by extension 'colcon_pkg'
[0.372s] Level 1:colcon.colcon_core.package_identification:_identify(src/nav_research) by extensions ['colcon_meta']
[0.372s] Level 1:colcon.colcon_core.package_identification:_identify(src/nav_research) by extension 'colcon_meta'
[0.372s] Level 1:colcon.colcon_core.package_identification:_identify(src/nav_research) by extensions ['ros']
[0.372s] Level 1:colcon.colcon_core.package_identification:_identify(src/nav_research) by extension 'ros'
[0.373s] DEBUG:colcon.colcon_core.package_identification:Package 'src/nav_research' with type 'ros.ament_python' and name 'nav_research'
[0.373s] Level 1:colcon.colcon_core.package_identification:_identify(src/tb3_benchmark) by extensions ['ignore', 'ignore_ament_install']
[0.373s] Level 1:colcon.colcon_core.package_identification:_identify(src/tb3_benchmark) by extension 'ignore'
[0.373s] Level 1:colcon.colcon_core.package_identification:_identify(src/tb3_benchmark) by extension 'ignore_ament_install'
[0.373s] Level 1:colcon.colcon_core.package_identification:_identify(src/tb3_benchmark) by extensions ['colcon_pkg']
[0.373s] Level 1:colcon.colcon_core.package_identification:_identify(src/tb3_benchmark) by extension 'colcon_pkg'
[0.373s] Level 1:colcon.colcon_core.package_identification:_identify(src/tb3_benchmark) by extensions ['colcon_meta']
[0.373s] Level 1:colcon.colcon_core.package_identification:_identify(src/tb3_benchmark) by extension 'colcon_meta'
[0.373s] Level 1:colcon.colcon_core.package_identification:_identify(src/tb3_benchmark) by extensions ['ros']
[0.373s] Level 1:colcon.colcon_core.package_identification:_identify(src/tb3_benchmark) by extension 'ros'
[0.374s] DEBUG:colcon.colcon_core.package_identification:Package 'src/tb3_benchmark' with type 'ros.ament_python' and name 'tb3_benchmark'
[0.374s] Level 1:colcon.colcon_core.package_identification:_identify(src/tb3_fsm_controller) by extensions ['ignore', 'ignore_ament_install']
[0.374s] Level 1:colcon.colcon_core.package_identification:_identify(src/tb3_fsm_controller) by extension 'ignore'
[0.374s] Level 1:colcon.colcon_core.package_identification:_identify(src/tb3_fsm_controller) by extension 'ignore_ament_install'
[0.374s] Level 1:colcon.colcon_core.package_identification:_identify(src/tb3_fsm_controller) by extensions ['colcon_pkg']
[0.374s] Level 1:colcon.colcon_core.package_identification:_identify(src/tb3_fsm_controller) by extension 'colcon_pkg'
[0.374s] Level 1:colcon.colcon_core.package_identification:_identify(src/tb3_fsm_controller) by extensions ['colcon_meta']
[0.374s] Level 1:colcon.colcon_core.package_identification:_identify(src/tb3_fsm_controller) by extension 'colcon_meta'
[0.374s] Level 1:colcon.colcon_core.package_identification:_identify(src/tb3_fsm_controller) by extensions ['ros']
[0.375s] Level 1:colcon.colcon_core.package_identification:_identify(src/tb3_fsm_controller) by extension 'ros'
[0.375s] DEBUG:colcon.colcon_core.package_identification:Package 'src/tb3_fsm_controller' with type 'ros.ament_python' and name 'tb3_fsm_controller'
[0.376s] Level 1:colcon.colcon_core.package_identification:_identify(src/tb3_nav) by extensions ['ignore', 'ignore_ament_install']
[0.376s] Level 1:colcon.colcon_core.package_identification:_identify(src/tb3_nav) by extension 'ignore'
[0.376s] Level 1:colcon.colcon_core.package_identification:_identify(src/tb3_nav) by extension 'ignore_ament_install'
[0.376s] Level 1:colcon.colcon_core.package_identification:_identify(src/tb3_nav) by extensions ['colcon_pkg']
[0.376s] Level 1:colcon.colcon_core.package_identification:_identify(src/tb3_nav) by extension 'colcon_pkg'
[0.376s] Level 1:colcon.colcon_core.package_identification:_identify(src/tb3_nav) by extensions ['colcon_meta']
[0.376s] Level 1:colcon.colcon_core.package_identification:_identify(src/tb3_nav) by extension 'colcon_meta'
[0.376s] Level 1:colcon.colcon_core.package_identification:_identify(src/tb3_nav) by extensions ['ros']
[0.376s] Level 1:colcon.colcon_core.package_identification:_identify(src/tb3_nav) by extension 'ros'
[0.377s] DEBUG:colcon.colcon_core.package_identification:Package 'src/tb3_nav' with type 'ros.ament_python' and name 'tb3_nav'
[0.377s] Level 1:colcon.colcon_core.package_identification:_identify(src/tb3_sim_bringup) by extensions ['ignore', 'ignore_ament_install']
[0.377s] Level 1:colcon.colcon_core.package_identification:_identify(src/tb3_sim_bringup) by extension 'ignore'
[0.377s] Level 1:colcon.colcon_core.package_identification:_identify(src/tb3_sim_bringup) by extension 'ignore_ament_install'
[0.377s] Level 1:colcon.colcon_core.package_identification:_identify(src/tb3_sim_bringup) by extensions ['colcon_pkg']
[0.377s] Level 1:colcon.colcon_core.package_identification:_identify(src/tb3_sim_bringup) by extension 'colcon_pkg'
[0.377s] Level 1:colcon.colcon_core.package_identification:_identify(src/tb3_sim_bringup) by extensions ['colcon_meta']
[0.377s] Level 1:colcon.colcon_core.package_identification:_identify(src/tb3_sim_bringup) by extension 'colcon_meta'
[0.377s] Level 1:colcon.colcon_core.package_identification:_identify(src/tb3_sim_bringup) by extensions ['ros']
[0.377s] Level 1:colcon.colcon_core.package_identification:_identify(src/tb3_sim_bringup) by extension 'ros'
[0.378s] DEBUG:colcon.colcon_core.package_identification:Failed to parse potential ROS package manifest in'src/tb3_sim_bringup': Error(s) in package 'src/tb3_sim_bringup/package.xml':
The manifest contains invalid XML:
junk after document element: line 19, column 0
[0.378s] Level 1:colcon.colcon_core.package_identification:_identify(src/tb3_sim_bringup) by extensions ['cmake', 'python']
[0.378s] Level 1:colcon.colcon_core.package_identification:_identify(src/tb3_sim_bringup) by extension 'cmake'
[0.378s] Level 1:colcon.colcon_core.package_identification:_identify(src/tb3_sim_bringup) by extension 'python'
[0.378s] DEBUG:colcon.colcon_core.package_identification:Python package in 'src/tb3_sim_bringup' passes arguments to the setup() function which requires a different identification extension than 'python'
[0.378s] Level 1:colcon.colcon_core.package_identification:_identify(src/tb3_sim_bringup) by extensions ['python_setup_py']
[0.378s] Level 1:colcon.colcon_core.package_identification:_identify(src/tb3_sim_bringup) by extension 'python_setup_py'
[0.852s] DEBUG:colcon.colcon_core.package_identification:Package 'src/tb3_sim_bringup' with type 'python' and name 'tb3_sim_bringup'
[0.852s] Level 1:colcon.colcon_core.package_identification:_identify(src/tb3_slam) by extensions ['ignore', 'ignore_ament_install']
[0.852s] Level 1:colcon.colcon_core.package_identification:_identify(src/tb3_slam) by extension 'ignore'
[0.852s] Level 1:colcon.colcon_core.package_identification:_identify(src/tb3_slam) by extension 'ignore_ament_install'
[0.852s] Level 1:colcon.colcon_core.package_identification:_identify(src/tb3_slam) by extensions ['colcon_pkg']
[0.852s] Level 1:colcon.colcon_core.package_identification:_identify(src/tb3_slam) by extension 'colcon_pkg'
[0.852s] Level 1:colcon.colcon_core.package_identification:_identify(src/tb3_slam) by extensions ['colcon_meta']
[0.852s] Level 1:colcon.colcon_core.package_identification:_identify(src/tb3_slam) by extension 'colcon_meta'
[0.853s] Level 1:colcon.colcon_core.package_identification:_identify(src/tb3_slam) by extensions ['ros']
[0.853s] Level 1:colcon.colcon_core.package_identification:_identify(src/tb3_slam) by extension 'ros'
[0.853s] DEBUG:colcon.colcon_core.package_identification:Package 'src/tb3_slam' with type 'ros.ament_python' and name 'tb3_slam'
[0.853s] Level 1:colcon.colcon_core.package_discovery:discover_packages(recursive) using defaults
[0.853s] Level 1:colcon.colcon_core.package_discovery:discover_packages(ignore) discover
[0.853s] Level 1:colcon.colcon_core.package_discovery:discover_packages(ignore) using defaults
[0.853s] Level 1:colcon.colcon_core.package_discovery:discover_packages(path) discover
[0.853s] Level 1:colcon.colcon_core.package_discovery:discover_packages(path) using defaults
[0.886s] INFO:colcon.colcon_core.package_selection:Skipping not selected package 'dynamic_nav' in 'src/dynamic_nav'
[0.886s] INFO:colcon.colcon_core.package_selection:Skipping not selected package 'my_arm_sim' in 'src/my_arm_sim'
[0.886s] INFO:colcon.colcon_core.package_selection:Skipping not selected package 'nav2_minimal_tb3_sim' in 'src/nav2_minimal_turtlebot_simulation/nav2_minimal_tb3_sim'
[0.886s] INFO:colcon.colcon_core.package_selection:Skipping not selected package 'nav2_minimal_tb4_description' in 'src/nav2_minimal_turtlebot_simulation/nav2_minimal_tb4_description'
[0.886s] INFO:colcon.colcon_core.package_selection:Skipping not selected package 'nav_research' in 'src/nav_research'
[0.887s] INFO:colcon.colcon_core.package_selection:Skipping not selected package 'tb3_benchmark' in 'src/tb3_benchmark'
[0.888s] INFO:colcon.colcon_core.package_selection:Skipping not selected package 'tb3_fsm_controller' in 'src/tb3_fsm_controller'
[0.888s] INFO:colcon.colcon_core.package_selection:Skipping not selected package 'tb3_nav' in 'src/tb3_nav'
[0.888s] INFO:colcon.colcon_core.package_selection:Skipping not selected package 'tb3_slam' in 'src/tb3_slam'
[0.888s] INFO:colcon.colcon_core.package_selection:Skipping not selected package 'nav2_minimal_tb4_sim' in 'src/nav2_minimal_turtlebot_simulation/nav2_minimal_tb4_sim'
[0.889s] Level 1:colcon.colcon_core.package_discovery:discover_packages(prefix_path) check parameters
[0.889s] Level 1:colcon.colcon_core.package_discovery:discover_packages(prefix_path) discover
[0.892s] DEBUG:colcon.colcon_installed_package_information.package_discovery:Found 11 installed packages in /home/panagiotagrosd/ros2_ws/install
[0.893s] DEBUG:colcon.colcon_installed_package_information.package_discovery:Found 1 installed packages in /home/panagiotagrosd/dyn_nav_ws/install
[0.893s] DEBUG:colcon.colcon_installed_package_information.package_discovery:Found 1 installed packages in /home/panagiotagrosd/projects/navigation_ws/install
[0.897s] DEBUG:colcon.colcon_installed_package_information.package_discovery:Found 489 installed packages in /opt/ros/jazzy
[0.903s] Level 1:colcon.colcon_core.package_discovery:discover_packages(prefix_path) using defaults
[1.119s] Level 5:colcon.colcon_core.verb:set package 'tb3_sim_bringup' build argument 'cmake_args' from command line to 'None'
[1.119s] Level 5:colcon.colcon_core.verb:set package 'tb3_sim_bringup' build argument 'cmake_target' from command line to 'None'
[1.119s] Level 5:colcon.colcon_core.verb:set package 'tb3_sim_bringup' build argument 'cmake_target_skip_unavailable' from command line to 'False'
[1.119s] Level 5:colcon.colcon_core.verb:set package 'tb3_sim_bringup' build argument 'cmake_clean_cache' from command line to 'False'
[1.119s] Level 5:colcon.colcon_core.verb:set package 'tb3_sim_bringup' build argument 'cmake_clean_first' from command line to 'False'
[1.119s] Level 5:colcon.colcon_core.verb:set package 'tb3_sim_bringup' build argument 'cmake_force_configure' from command line to 'False'
[1.119s] Level 5:colcon.colcon_core.verb:set package 'tb3_sim_bringup' build argument 'ament_cmake_args' from command line to 'None'
[1.119s] Level 5:colcon.colcon_core.verb:set package 'tb3_sim_bringup' build argument 'catkin_cmake_args' from command line to 'None'
[1.119s] Level 5:colcon.colcon_core.verb:set package 'tb3_sim_bringup' build argument 'catkin_skip_building_tests' from command line to 'False'
[1.120s] DEBUG:colcon.colcon_core.verb:Building package 'tb3_sim_bringup' with the following arguments: {'ament_cmake_args': None, 'build_base': '/home/panagiotagrosd/ros2_ws/build/tb3_sim_bringup', 'catkin_cmake_args': None, 'catkin_skip_building_tests': False, 'cmake_args': None, 'cmake_clean_cache': False, 'cmake_clean_first': False, 'cmake_force_configure': False, 'cmake_target': None, 'cmake_target_skip_unavailable': False, 'install_base': '/home/panagiotagrosd/ros2_ws/install/tb3_sim_bringup', 'merge_install': False, 'path': '/home/panagiotagrosd/ros2_ws/src/tb3_sim_bringup', 'symlink_install': False, 'test_result_base': None}
[1.120s] INFO:colcon.colcon_core.executor:Executing jobs using 'parallel' executor
[1.122s] DEBUG:colcon.colcon_parallel_executor.executor.parallel:run_until_complete
[1.122s] INFO:colcon.colcon_core.task.python.build:Building Python package in '/home/panagiotagrosd/ros2_ws/src/tb3_sim_bringup'
[1.128s] INFO:colcon.colcon_core.plugin_system:Skipping extension 'colcon_core.shell.bat': Not used on non-Windows systems
[1.128s] INFO:colcon.colcon_core.shell:Skip shell extension 'powershell' for command environment: Not usable outside of PowerShell
[1.128s] DEBUG:colcon.colcon_core.shell:Skip shell extension 'dsv' for command environment
[2.937s] DEBUG:colcon.colcon_core.event_handler.log_command:Invoking command in '/home/panagiotagrosd/ros2_ws/src/tb3_sim_bringup': PYTHONPATH=/home/panagiotagrosd/ros2_ws/build/tb3_sim_bringup/prefix_override:/usr/lib/python3/dist-packages/colcon_core/task/python/colcon_distutils_commands:/home/panagiotagrosd/ros2_ws/install/tb3_sim_bringup/lib/python3.12/site-packages:${PYTHONPATH} /usr/bin/python3 -W ignore:setup.py install is deprecated -W ignore:easy_install command is deprecated setup.py egg_info --egg-base ../../build/tb3_sim_bringup build --build-base /home/panagiotagrosd/ros2_ws/build/tb3_sim_bringup/build install --record /home/panagiotagrosd/ros2_ws/build/tb3_sim_bringup/install.log --single-version-externally-managed install_data
[3.902s] DEBUG:colcon.colcon_core.event_handler.log_command:Invoked command in '/home/panagiotagrosd/ros2_ws/src/tb3_sim_bringup' returned '0': PYTHONPATH=/home/panagiotagrosd/ros2_ws/build/tb3_sim_bringup/prefix_override:/usr/lib/python3/dist-packages/colcon_core/task/python/colcon_distutils_commands:/home/panagiotagrosd/ros2_ws/install/tb3_sim_bringup/lib/python3.12/site-packages:${PYTHONPATH} /usr/bin/python3 -W ignore:setup.py install is deprecated -W ignore:easy_install command is deprecated setup.py egg_info --egg-base ../../build/tb3_sim_bringup build --build-base /home/panagiotagrosd/ros2_ws/build/tb3_sim_bringup/build install --record /home/panagiotagrosd/ros2_ws/build/tb3_sim_bringup/install.log --single-version-externally-managed install_data
[3.906s] Level 1:colcon.colcon_core.environment:checking '/home/panagiotagrosd/ros2_ws/install/tb3_sim_bringup' for CMake module files
[3.907s] Level 1:colcon.colcon_core.environment:checking '/home/panagiotagrosd/ros2_ws/install/tb3_sim_bringup' for CMake config files
[3.909s] Level 1:colcon.colcon_core.environment:checking '/home/panagiotagrosd/ros2_ws/install/tb3_sim_bringup/lib'
[3.909s] Level 1:colcon.colcon_core.environment:checking '/home/panagiotagrosd/ros2_ws/install/tb3_sim_bringup/bin'
[3.909s] Level 1:colcon.colcon_core.environment:checking '/home/panagiotagrosd/ros2_ws/install/tb3_sim_bringup/lib/pkgconfig/tb3_sim_bringup.pc'
[3.909s] Level 1:colcon.colcon_core.environment:checking '/home/panagiotagrosd/ros2_ws/install/tb3_sim_bringup/lib/python3.12/site-packages'
[3.910s] Level 1:colcon.colcon_core.shell:create_environment_hook('tb3_sim_bringup', 'pythonpath')
[3.910s] INFO:colcon.colcon_core.shell:Creating environment hook '/home/panagiotagrosd/ros2_ws/install/tb3_sim_bringup/share/tb3_sim_bringup/hook/pythonpath.ps1'
[3.911s] INFO:colcon.colcon_core.shell:Creating environment descriptor '/home/panagiotagrosd/ros2_ws/install/tb3_sim_bringup/share/tb3_sim_bringup/hook/pythonpath.dsv'
[3.912s] INFO:colcon.colcon_core.shell:Creating environment hook '/home/panagiotagrosd/ros2_ws/install/tb3_sim_bringup/share/tb3_sim_bringup/hook/pythonpath.sh'
[3.913s] Level 1:colcon.colcon_core.environment:checking '/home/panagiotagrosd/ros2_ws/install/tb3_sim_bringup/bin'
[3.914s] Level 1:colcon.colcon_core.environment:create_environment_scripts_only(tb3_sim_bringup)
[3.914s] INFO:colcon.colcon_core.shell:Creating package script '/home/panagiotagrosd/ros2_ws/install/tb3_sim_bringup/share/tb3_sim_bringup/package.ps1'
[3.915s] INFO:colcon.colcon_core.shell:Creating package descriptor '/home/panagiotagrosd/ros2_ws/install/tb3_sim_bringup/share/tb3_sim_bringup/package.dsv'
[3.916s] INFO:colcon.colcon_core.shell:Creating package script '/home/panagiotagrosd/ros2_ws/install/tb3_sim_bringup/share/tb3_sim_bringup/package.sh'
[3.917s] INFO:colcon.colcon_core.shell:Creating package script '/home/panagiotagrosd/ros2_ws/install/tb3_sim_bringup/share/tb3_sim_bringup/package.bash'
[3.918s] INFO:colcon.colcon_core.shell:Creating package script '/home/panagiotagrosd/ros2_ws/install/tb3_sim_bringup/share/tb3_sim_bringup/package.zsh'
[3.919s] Level 1:colcon.colcon_core.environment:create_file_with_runtime_dependencies(/home/panagiotagrosd/ros2_ws/install/tb3_sim_bringup/share/colcon-core/packages/tb3_sim_bringup)
[3.919s] DEBUG:colcon.colcon_parallel_executor.executor.parallel:closing loop
[3.921s] DEBUG:colcon.colcon_parallel_executor.executor.parallel:loop closed
[3.921s] DEBUG:colcon.colcon_parallel_executor.executor.parallel:run_until_complete finished with '0'
[3.921s] DEBUG:colcon.colcon_core.event_reactor:joining thread
[3.960s] INFO:colcon.colcon_core.plugin_system:Skipping extension 'colcon_notification.desktop_notification.notify_send': Could not find 'notify-send'
[3.961s] INFO:colcon.colcon_core.plugin_system:Skipping extension 'colcon_notification.desktop_notification.terminal_notifier': Not used on non-Darwin systems
[3.961s] INFO:colcon.colcon_core.plugin_system:Skipping extension 'colcon_notification.desktop_notification.win32': Not used on non-Windows systems
[3.961s] INFO:colcon.colcon_notification.desktop_notification:Sending desktop notification using 'notify2'
[3.962s] DEBUG:colcon.colcon_notification.desktop_notification.notify2:Failed to initialize notify2: org.freedesktop.DBus.Error.ServiceUnknown: The name org.freedesktop.Notifications was not provided by any .service files
[3.962s] DEBUG:colcon.colcon_core.event_reactor:joined thread
[3.963s] INFO:colcon.colcon_core.shell:Creating prefix script '/home/panagiotagrosd/ros2_ws/install/local_setup.ps1'
[3.964s] INFO:colcon.colcon_core.shell:Creating prefix util module '/home/panagiotagrosd/ros2_ws/install/_local_setup_util_ps1.py'
[3.965s] INFO:colcon.colcon_core.shell:Creating prefix chain script '/home/panagiotagrosd/ros2_ws/install/setup.ps1'
[3.967s] INFO:colcon.colcon_core.shell:Creating prefix script '/home/panagiotagrosd/ros2_ws/install/local_setup.sh'
[3.968s] INFO:colcon.colcon_core.shell:Creating prefix util module '/home/panagiotagrosd/ros2_ws/install/_local_setup_util_sh.py'
[3.969s] INFO:colcon.colcon_core.shell:Creating prefix chain script '/home/panagiotagrosd/ros2_ws/install/setup.sh'
[3.971s] INFO:colcon.colcon_core.shell:Creating prefix script '/home/panagiotagrosd/ros2_ws/install/local_setup.bash'
[3.972s] INFO:colcon.colcon_core.shell:Creating prefix chain script '/home/panagiotagrosd/ros2_ws/install/setup.bash'
[3.975s] INFO:colcon.colcon_core.shell:Creating prefix script '/home/panagiotagrosd/ros2_ws/install/local_setup.zsh'
[3.976s] INFO:colcon.colcon_core.shell:Creating prefix chain script '/home/panagiotagrosd/ros2_ws/install/setup.zsh'
