[0.061s] Invoking command in '/home/panagiotagrosd/ros2_ws/build/nav2_minimal_tb4_description': CMAKE_PREFIX_PATH=${CMAKE_PREFIX_PATH}:/home/panagiotagrosd/ros2_ws/install/nav_research:/home/panagiotagrosd/ros2_ws/install/dynamic_nav:/home/panagiotagrosd/dyn_nav_ws/install/dynamic_nav:/opt/ros/jazzy /usr/bin/cmake --build /home/panagiotagrosd/ros2_ws/build/nav2_minimal_tb4_description -- -j4 -l4
[0.992s] Invoked command in '/home/panagiotagrosd/ros2_ws/build/nav2_minimal_tb4_description' returned '0': CMAKE_PREFIX_PATH=${CMAKE_PREFIX_PATH}:/home/panagiotagrosd/ros2_ws/install/nav_research:/home/panagiotagrosd/ros2_ws/install/dynamic_nav:/home/panagiotagrosd/dyn_nav_ws/install/dynamic_nav:/opt/ros/jazzy /usr/bin/cmake --build /home/panagiotagrosd/ros2_ws/build/nav2_minimal_tb4_description -- -j4 -l4
[1.019s] Invoking command in '/home/panagiotagrosd/ros2_ws/build/nav2_minimal_tb4_description': CMAKE_PREFIX_PATH=${CMAKE_PREFIX_PATH}:/home/panagiotagrosd/ros2_ws/install/nav_research:/home/panagiotagrosd/ros2_ws/install/dynamic_nav:/home/panagiotagrosd/dyn_nav_ws/install/dynamic_nav:/opt/ros/jazzy /usr/bin/cmake --install /home/panagiotagrosd/ros2_ws/build/nav2_minimal_tb4_description
[1.054s] -- Install configuration: ""
[1.054s] -- Execute custom install script
[1.054s] -- Up-to-date symlink: /home/panagiotagrosd/ros2_ws/install/nav2_minimal_tb4_description/share/nav2_minimal_tb4_description/environment/tb4_description.dsv
[1.054s] -- Up-to-date symlink: /home/panagiotagrosd/ros2_ws/install/nav2_minimal_tb4_description/share/nav2_minimal_tb4_description/launch/robot_description.launch.py
[1.058s] -- Up-to-date symlink: /home/panagiotagrosd/ros2_ws/install/nav2_minimal_tb4_description/share/nav2_minimal_tb4_description/meshes/body_visual.dae
[1.059s] -- Up-to-date symlink: /home/panagiotagrosd/ros2_ws/install/nav2_minimal_tb4_description/share/nav2_minimal_tb4_description/meshes/bumper_collision.dae
[1.060s] -- Up-to-date symlink: /home/panagiotagrosd/ros2_ws/install/nav2_minimal_tb4_description/share/nav2_minimal_tb4_description/meshes/bumper_visual.dae
[1.060s] -- Up-to-date symlink: /home/panagiotagrosd/ros2_ws/install/nav2_minimal_tb4_description/share/nav2_minimal_tb4_description/meshes/camera_bracket.dae
[1.060s] -- Up-to-date symlink: /home/panagiotagrosd/ros2_ws/install/nav2_minimal_tb4_description/share/nav2_minimal_tb4_description/meshes/oakd_pro.dae
[1.060s] -- Up-to-date symlink: /home/panagiotagrosd/ros2_ws/install/nav2_minimal_tb4_description/share/nav2_minimal_tb4_description/meshes/rplidar.dae
[1.061s] -- Up-to-date symlink: /home/panagiotagrosd/ros2_ws/install/nav2_minimal_tb4_description/share/nav2_minimal_tb4_description/meshes/shell.dae
[1.061s] -- Up-to-date symlink: /home/panagiotagrosd/ros2_ws/install/nav2_minimal_tb4_description/share/nav2_minimal_tb4_description/meshes/shell_collision.dae
[1.061s] -- Up-to-date symlink: /home/panagiotagrosd/ros2_ws/install/nav2_minimal_tb4_description/share/nav2_minimal_tb4_description/meshes/tower.dae
[1.061s] -- Up-to-date symlink: /home/panagiotagrosd/ros2_ws/install/nav2_minimal_tb4_description/share/nav2_minimal_tb4_description/meshes/tower_sensor_plate.dae
[1.062s] -- Up-to-date symlink: /home/panagiotagrosd/ros2_ws/install/nav2_minimal_tb4_description/share/nav2_minimal_tb4_description/meshes/tower_standoff.dae
[1.062s] -- Up-to-date symlink: /home/panagiotagrosd/ros2_ws/install/nav2_minimal_tb4_description/share/nav2_minimal_tb4_description/meshes/weight_block.dae
[1.063s] -- Up-to-date symlink: /home/panagiotagrosd/ros2_ws/install/nav2_minimal_tb4_description/share/nav2_minimal_tb4_description/urdf/icreate/bumper.urdf.xacro
[1.064s] -- Up-to-date symlink: /home/panagiotagrosd/ros2_ws/install/nav2_minimal_tb4_description/share/nav2_minimal_tb4_description/urdf/icreate/caster.urdf.xacro
[1.064s] -- Up-to-date symlink: /home/panagiotagrosd/ros2_ws/install/nav2_minimal_tb4_description/share/nav2_minimal_tb4_description/urdf/icreate/common_properties.urdf.xacro
[1.065s] -- Up-to-date symlink: /home/panagiotagrosd/ros2_ws/install/nav2_minimal_tb4_description/share/nav2_minimal_tb4_description/urdf/icreate/create3.urdf.xacro
[1.069s] -- Up-to-date symlink: /home/panagiotagrosd/ros2_ws/install/nav2_minimal_tb4_description/share/nav2_minimal_tb4_description/urdf/icreate/sensors/imu.urdf.xacro
[1.069s] -- Up-to-date symlink: /home/panagiotagrosd/ros2_ws/install/nav2_minimal_tb4_description/share/nav2_minimal_tb4_description/urdf/icreate/wheel.urdf.xacro
[1.070s] -- Up-to-date symlink: /home/panagiotagrosd/ros2_ws/install/nav2_minimal_tb4_description/share/nav2_minimal_tb4_description/urdf/sensors/camera_bracket.urdf.xacro
[1.080s] -- Up-to-date symlink: /home/panagiotagrosd/ros2_ws/install/nav2_minimal_tb4_description/share/nav2_minimal_tb4_description/urdf/sensors/oakd.urdf.xacro
[1.080s] -- Up-to-date symlink: /home/panagiotagrosd/ros2_ws/install/nav2_minimal_tb4_description/share/nav2_minimal_tb4_description/urdf/sensors/rplidar.urdf.xacro
[1.081s] -- Up-to-date symlink: /home/panagiotagrosd/ros2_ws/install/nav2_minimal_tb4_description/share/nav2_minimal_tb4_description/urdf/standard/tower_sensor_plate.urdf.xacro
[1.081s] -- Up-to-date symlink: /home/panagiotagrosd/ros2_ws/install/nav2_minimal_tb4_description/share/nav2_minimal_tb4_description/urdf/standard/tower_standoff.urdf.xacro
[1.081s] -- Up-to-date symlink: /home/panagiotagrosd/ros2_ws/install/nav2_minimal_tb4_description/share/nav2_minimal_tb4_description/urdf/standard/turtlebot4.urdf.xacro
[1.081s] -- Up-to-date symlink: /home/panagiotagrosd/ros2_ws/install/nav2_minimal_tb4_description/share/nav2_minimal_tb4_description/urdf/standard/weight_block.urdf.xacro
[1.081s] -- Up-to-date symlink: /home/panagiotagrosd/ros2_ws/install/nav2_minimal_tb4_description/share/nav2_minimal_tb4_description/rviz/config.rviz
[1.082s] -- Up-to-date symlink: /home/panagiotagrosd/ros2_ws/install/nav2_minimal_tb4_description/share/ament_index/resource_index/package_run_dependencies/nav2_minimal_tb4_description
[1.084s] -- Up-to-date symlink: /home/panagiotagrosd/ros2_ws/install/nav2_minimal_tb4_description/share/ament_index/resource_index/parent_prefix_path/nav2_minimal_tb4_description
[1.084s] -- Up-to-date symlink: /home/panagiotagrosd/ros2_ws/install/nav2_minimal_tb4_description/share/nav2_minimal_tb4_description/environment/ament_prefix_path.sh
[1.084s] -- Up-to-date symlink: /home/panagiotagrosd/ros2_ws/install/nav2_minimal_tb4_description/share/nav2_minimal_tb4_description/environment/ament_prefix_path.dsv
[1.084s] -- Up-to-date symlink: /home/panagiotagrosd/ros2_ws/install/nav2_minimal_tb4_description/share/nav2_minimal_tb4_description/environment/path.sh
[1.085s] -- Up-to-date symlink: /home/panagiotagrosd/ros2_ws/install/nav2_minimal_tb4_description/share/nav2_minimal_tb4_description/environment/path.dsv
[1.085s] -- Up-to-date symlink: /home/panagiotagrosd/ros2_ws/install/nav2_minimal_tb4_description/share/nav2_minimal_tb4_description/local_setup.bash
[1.085s] -- Up-to-date symlink: /home/panagiotagrosd/ros2_ws/install/nav2_minimal_tb4_description/share/nav2_minimal_tb4_description/local_setup.sh
[1.085s] -- Up-to-date symlink: /home/panagiotagrosd/ros2_ws/install/nav2_minimal_tb4_description/share/nav2_minimal_tb4_description/local_setup.zsh
[1.085s] -- Up-to-date symlink: /home/panagiotagrosd/ros2_ws/install/nav2_minimal_tb4_description/share/nav2_minimal_tb4_description/local_setup.dsv
[1.085s] -- Symlinking: /home/panagiotagrosd/ros2_ws/install/nav2_minimal_tb4_description/share/nav2_minimal_tb4_description/package.dsv
[1.170s] -- Up-to-date symlink: /home/panagiotagrosd/ros2_ws/install/nav2_minimal_tb4_description/share/ament_index/resource_index/packages/nav2_minimal_tb4_description
[1.171s] -- Up-to-date symlink: /home/panagiotagrosd/ros2_ws/install/nav2_minimal_tb4_description/share/nav2_minimal_tb4_description/cmake/nav2_minimal_tb4_descriptionConfig.cmake
[1.171s] -- Up-to-date symlink: /home/panagiotagrosd/ros2_ws/install/nav2_minimal_tb4_description/share/nav2_minimal_tb4_description/cmake/nav2_minimal_tb4_descriptionConfig-version.cmake
[1.172s] -- Up-to-date symlink: /home/panagiotagrosd/ros2_ws/install/nav2_minimal_tb4_description/share/nav2_minimal_tb4_description/package.xml
[1.185s] Invoked command in '/home/panagiotagrosd/ros2_ws/build/nav2_minimal_tb4_description' returned '0': CMAKE_PREFIX_PATH=${CMAKE_PREFIX_PATH}:/home/panagiotagrosd/ros2_ws/install/nav_research:/home/panagiotagrosd/ros2_ws/install/dynamic_nav:/home/panagiotagrosd/dyn_nav_ws/install/dynamic_nav:/opt/ros/jazzy /usr/bin/cmake --install /home/panagiotagrosd/ros2_ws/build/nav2_minimal_tb4_description
