running egg_info
creating ../../build/tb3_nav/tb3_nav.egg-info
writing ../../build/tb3_nav/tb3_nav.egg-info/PKG-INFO
writing dependency_links to ../../build/tb3_nav/tb3_nav.egg-info/dependency_links.txt
writing requirements to ../../build/tb3_nav/tb3_nav.egg-info/requires.txt
writing top-level names to ../../build/tb3_nav/tb3_nav.egg-info/top_level.txt
writing manifest file '../../build/tb3_nav/tb3_nav.egg-info/SOURCES.txt'
reading manifest file '../../build/tb3_nav/tb3_nav.egg-info/SOURCES.txt'
writing manifest file '../../build/tb3_nav/tb3_nav.egg-info/SOURCES.txt'
running build
running build_py
creating /home/panagiotagrosd/ros2_ws/build/tb3_nav/build
creating /home/panagiotagrosd/ros2_ws/build/tb3_nav/build/lib
creating /home/panagiotagrosd/ros2_ws/build/tb3_nav/build/lib/tb3_nav
copying tb3_nav/__init__.py -> /home/panagiotagrosd/ros2_ws/build/tb3_nav/build/lib/tb3_nav
running install
running install_lib
creating /home/panagiotagrosd/ros2_ws/install/tb3_nav/lib/python3.12/site-packages/tb3_nav
copying /home/panagiotagrosd/ros2_ws/build/tb3_nav/build/lib/tb3_nav/__init__.py -> /home/panagiotagrosd/ros2_ws/install/tb3_nav/lib/python3.12/site-packages/tb3_nav
byte-compiling /home/panagiotagrosd/ros2_ws/install/tb3_nav/lib/python3.12/site-packages/tb3_nav/__init__.py to __init__.cpython-312.pyc
running install_data
creating /home/panagiotagrosd/ros2_ws/install/tb3_nav/share/ament_index
creating /home/panagiotagrosd/ros2_ws/install/tb3_nav/share/ament_index/resource_index
creating /home/panagiotagrosd/ros2_ws/install/tb3_nav/share/ament_index/resource_index/packages
copying resource/tb3_nav -> /home/panagiotagrosd/ros2_ws/install/tb3_nav/share/ament_index/resource_index/packages
copying package.xml -> /home/panagiotagrosd/ros2_ws/install/tb3_nav/share/tb3_nav
running install_egg_info
Copying ../../build/tb3_nav/tb3_nav.egg-info to /home/panagiotagrosd/ros2_ws/install/tb3_nav/lib/python3.12/site-packages/tb3_nav-0.0.0-py3.12.egg-info
running install_scripts
writing list of installed files to '/home/panagiotagrosd/ros2_ws/build/tb3_nav/install.log'
