[4.095s] Invoking command in '/home/panagiotagrosd/ros2_ws/src/tb3_nav': PYTHONPATH=/home/panagiotagrosd/ros2_ws/build/tb3_nav/prefix_override:/usr/lib/python3/dist-packages/colcon_core/task/python/colcon_distutils_commands:/home/panagiotagrosd/ros2_ws/install/tb3_nav/lib/python3.12/site-packages:${PYTHONPATH} /usr/bin/python3 -W ignore:setup.py install is deprecated -W ignore:easy_install command is deprecated setup.py egg_info --egg-base ../../build/tb3_nav build --build-base /home/panagiotagrosd/ros2_ws/build/tb3_nav/build install --record /home/panagiotagrosd/ros2_ws/build/tb3_nav/install.log --single-version-externally-managed install_data
[5.136s] running egg_info
[5.136s] creating ../../build/tb3_nav/tb3_nav.egg-info
[5.208s] writing ../../build/tb3_nav/tb3_nav.egg-info/PKG-INFO
[5.209s] writing dependency_links to ../../build/tb3_nav/tb3_nav.egg-info/dependency_links.txt
[5.209s] writing requirements to ../../build/tb3_nav/tb3_nav.egg-info/requires.txt
[5.210s] writing top-level names to ../../build/tb3_nav/tb3_nav.egg-info/top_level.txt
[5.210s] writing manifest file '../../build/tb3_nav/tb3_nav.egg-info/SOURCES.txt'
[5.371s] reading manifest file '../../build/tb3_nav/tb3_nav.egg-info/SOURCES.txt'
[5.373s] writing manifest file '../../build/tb3_nav/tb3_nav.egg-info/SOURCES.txt'
[5.374s] running build
[5.374s] running build_py
[5.374s] creating /home/panagiotagrosd/ros2_ws/build/tb3_nav/build
[5.376s] creating /home/panagiotagrosd/ros2_ws/build/tb3_nav/build/lib
[5.378s] creating /home/panagiotagrosd/ros2_ws/build/tb3_nav/build/lib/tb3_nav
[5.387s] copying tb3_nav/__init__.py -> /home/panagiotagrosd/ros2_ws/build/tb3_nav/build/lib/tb3_nav
[5.387s] running install
[5.403s] running install_lib
[5.483s] creating /home/panagiotagrosd/ros2_ws/install/tb3_nav/lib/python3.12/site-packages/tb3_nav
[5.483s] copying /home/panagiotagrosd/ros2_ws/build/tb3_nav/build/lib/tb3_nav/__init__.py -> /home/panagiotagrosd/ros2_ws/install/tb3_nav/lib/python3.12/site-packages/tb3_nav
[5.491s] byte-compiling /home/panagiotagrosd/ros2_ws/install/tb3_nav/lib/python3.12/site-packages/tb3_nav/__init__.py to __init__.cpython-312.pyc
[5.492s] running install_data
[5.494s] creating /home/panagiotagrosd/ros2_ws/install/tb3_nav/share/ament_index
[5.495s] creating /home/panagiotagrosd/ros2_ws/install/tb3_nav/share/ament_index/resource_index
[5.498s] creating /home/panagiotagrosd/ros2_ws/install/tb3_nav/share/ament_index/resource_index/packages
[5.502s] copying resource/tb3_nav -> /home/panagiotagrosd/ros2_ws/install/tb3_nav/share/ament_index/resource_index/packages
[5.502s] copying package.xml -> /home/panagiotagrosd/ros2_ws/install/tb3_nav/share/tb3_nav
[5.503s] running install_egg_info
[5.588s] Copying ../../build/tb3_nav/tb3_nav.egg-info to /home/panagiotagrosd/ros2_ws/install/tb3_nav/lib/python3.12/site-packages/tb3_nav-0.0.0-py3.12.egg-info
[5.600s] running install_scripts
[6.153s] writing list of installed files to '/home/panagiotagrosd/ros2_ws/build/tb3_nav/install.log'
[6.279s] Invoked command in '/home/panagiotagrosd/ros2_ws/src/tb3_nav' returned '0': PYTHONPATH=/home/panagiotagrosd/ros2_ws/build/tb3_nav/prefix_override:/usr/lib/python3/dist-packages/colcon_core/task/python/colcon_distutils_commands:/home/panagiotagrosd/ros2_ws/install/tb3_nav/lib/python3.12/site-packages:${PYTHONPATH} /usr/bin/python3 -W ignore:setup.py install is deprecated -W ignore:easy_install command is deprecated setup.py egg_info --egg-base ../../build/tb3_nav build --build-base /home/panagiotagrosd/ros2_ws/build/tb3_nav/build install --record /home/panagiotagrosd/ros2_ws/build/tb3_nav/install.log --single-version-externally-managed install_data
